15:13
19/01/21 15:13:33⇒:OnSiteパスワード入力

15:13
19/01/21 15:13:36⇒:業務別総合メニュー

15:13
19/01/21 15:13:37⇒:物販明細

15:13
19/01/21 15:13:38⇒:取込：TPP5-647839-490756-井上商事㈱坂井工場-１７の１２の３４５-20190401001.csv

15:13
19/01/21 15:13:38⇒:見積検索

15:13
19/01/21 15:13:38⇒:見積検索 POPUP

15:13
19/01/21 15:13:38⇒:見積検索 POPUP

15:13
19/01/21 15:13:38⇒:見積検索 POPUP

15:13
19/01/21 15:13:39⇒:見積検索 POPUP

15:13
19/01/21 15:13:39⇒:見積検索 POPUP

15:13
19/01/21 15:13:39⇒:見積検索 POPUP

15:13
19/01/21 15:13:39⇒:見積検索 POPUP

15:13
19/01/21 15:13:47⇒:事業所検索 POPUP

