15:35
19/01/21 15:35:32⇒:OnSiteパスワード入力

15:35
19/01/21 15:35:34⇒:業務別総合メニュー

15:35
19/01/21 15:35:35⇒:物販明細

15:35
19/01/21 15:35:36⇒:取込：TPP5-647839-490756-123456-１７の１２の３４５-20190401001.csv

15:35
19/01/21 15:35:36⇒:見積検索

15:35
19/01/21 15:35:36⇒:見積検索 POPUP

15:35
19/01/21 15:35:36⇒:見積検索 POPUP

15:35
19/01/21 15:35:36⇒:見積検索 POPUP

15:35
19/01/21 15:35:37⇒:見積検索 POPUP

15:35
19/01/21 15:35:37⇒:見積検索 POPUP

15:35
19/01/21 15:35:37⇒:見積検索 POPUP

15:35
19/01/21 15:35:37⇒:見積検索 POPUP

15:35
19/01/21 15:35:40⇒:事業所検索 POPUP

15:35
19/01/21 15:35:40⇒:見積検索 POPUP

