12:26
19/02/01 12:26:39⇒:OnSiteパスワード入力

12:26
19/02/01 12:26:40⇒:業務別総合メニュー

12:26
19/02/01 12:26:41⇒:物販明細

12:26
19/02/01 12:26:42⇒:取込：TPP5-647839-490756-123456-１７の１２の３４５-20190401001 - コピー.csv

12:26
19/02/01 12:26:42⇒:見積検索

12:26
19/02/01 12:26:42⇒:見積検索 POPUP

12:26
19/02/01 12:26:45⇒:事業所検索 POPUP

12:27
19/02/01 12:27:39⇒:移動CSV：TPP5-647839-490756-123456-１７の１２の３４５-20190401001 - コピー.csv→C:\TOOL\納期指定完了\

12:27
19/02/01 12:27:41⇒:取込：TPP5-647839-490756-123456-１７の１２の３４５-20190401001.csv

12:27
19/02/01 12:27:41⇒:見積検索

12:27
19/02/01 12:27:41⇒:見積検索 POPUP

12:27
19/02/01 12:27:44⇒:事業所検索 POPUP

12:28
19/02/01 12:28:24⇒:移動CSV：TPP5-647839-490756-123456-１７の１２の３４５-20190401001.csv→C:\TOOL\納期指定完了\

