14:28
19/01/30 14:28:06⇒:OnSiteパスワード入力

14:28
19/01/30 14:28:07⇒:業務別総合メニュー

14:28
19/01/30 14:28:09⇒:物販明細

14:28
19/01/30 14:28:10⇒:取込：TPP5-647839-490756-123456-１７の１２の３４５-20190401001 - コピー.csv

14:28
19/01/30 14:28:10⇒:見積検索

14:28
19/01/30 14:28:10⇒:見積検索 POPUP

14:28
19/01/30 14:28:14⇒:事業所検索 POPUP

14:29
19/01/30 14:29:04⇒:移動CSV：TPP5-647839-490756-123456-１７の１２の３４５-20190401001 - コピー.csv→C:\TOOL\納期指定完了\

14:29
19/01/30 14:29:05⇒:取込：TPP5-647839-490756-123456-１７の１２の３４５-20190401001.csv

14:29
19/01/30 14:29:05⇒:見積検索

14:29
19/01/30 14:29:05⇒:見積検索 POPUP

14:29
19/01/30 14:29:08⇒:事業所検索 POPUP

14:29
19/01/30 14:29:47⇒:移動CSV：TPP5-647839-490756-123456-１７の１２の３４５-20190401001.csv→C:\TOOL\納期指定完了\

