16:7
19/02/01 16:07:42⇒:OnSiteパスワード入力

16:7
19/02/01 16:07:43⇒:業務別総合メニュー

16:7
19/02/01 16:07:44⇒:物販明細

16:8
19/02/01 16:08:00⇒:取込：TPP5-647839-490756-123456-１７の１２の３４５-20190401001 - コピー (2).csv

16:8
19/02/01 16:08:01⇒:見積検索

16:8
19/02/01 16:08:01⇒:見積検索 POPUP

16:8
19/02/01 16:08:03⇒:事業所検索 POPUP

16:9
19/02/01 16:09:09⇒:移動CSV：TPP5-647839-490756-123456-１７の１２の３４５-20190401001 - コピー (2).csv→C:\TOOL\納期指定完了\

16:9
19/02/01 16:09:12⇒:取込：TPP5-647839-490756-123456-１７の１２の３４５-20190401001 - コピー - コピー.csv

16:9
19/02/01 16:09:12⇒:見積検索

16:9
19/02/01 16:09:12⇒:見積検索 POPUP

16:9
19/02/01 16:09:14⇒:事業所検索 POPUP

16:9
19/02/01 16:09:53⇒:移動CSV：TPP5-647839-490756-123456-１７の１２の３４５-20190401001 - コピー - コピー.csv→C:\TOOL\納期指定完了\

16:9
19/02/01 16:09:56⇒:取込：TPP5-647839-490756-123456-１７の１２の３４５-20190401001 - コピー.csv

16:9
19/02/01 16:09:56⇒:見積検索

16:9
19/02/01 16:09:56⇒:見積検索 POPUP

16:9
19/02/01 16:09:58⇒:事業所検索 POPUP

16:10
19/02/01 16:10:10⇒:取込：TPP5-647839-490756-123456-１７の１２の３４５-20190401001.csv

16:10
19/02/01 16:10:10⇒:見積検索

16:10
19/02/01 16:10:10⇒:見積検索 POPUP

16:10
19/02/01 16:10:13⇒:事業所検索 POPUP

