15:9
19/01/31 15:09:47⇒:OnSiteパスワード入力

15:9
19/01/31 15:09:48⇒:業務別総合メニュー

15:9
19/01/31 15:09:49⇒:物販明細

15:9
19/01/31 15:09:51⇒:取込：TPP5-647839-490756-123456-１７の１２の３４５-20190401001 - コピー.csv

15:9
19/01/31 15:09:51⇒:見積検索

15:9
19/01/31 15:09:51⇒:見積検索 POPUP

15:9
19/01/31 15:09:54⇒:事業所検索 POPUP

15:10
19/01/31 15:10:43⇒:移動CSV：TPP5-647839-490756-123456-１７の１２の３４５-20190401001 - コピー.csv→C:\TOOL\納期指定完了\

15:10
19/01/31 15:10:44⇒:取込：TPP5-647839-490756-123456-１７の１２の３４５-20190401001.csv

15:10
19/01/31 15:10:44⇒:見積検索

15:10
19/01/31 15:10:44⇒:見積検索 POPUP

15:10
19/01/31 15:10:47⇒:事業所検索 POPUP

