11:20
19/02/01 11:20:24⇒:OnSiteパスワード入力

11:20
19/02/01 11:20:26⇒:業務別総合メニュー

11:20
19/02/01 11:20:26⇒:物販明細

11:20
19/02/01 11:20:28⇒:取込：TPP5-647839-490756-123456-１７の１２の３４５-20190401001 - コピー.csv

11:20
19/02/01 11:20:28⇒:見積検索

11:20
19/02/01 11:20:28⇒:見積検索 POPUP

11:20
19/02/01 11:20:32⇒:事業所検索 POPUP

11:21
19/02/01 11:21:07⇒:移動CSV：TPP5-647839-490756-123456-１７の１２の３４５-20190401001 - コピー.csv→C:\TOOL\納期指定完了\

11:21
19/02/01 11:21:08⇒:取込：TPP5-647839-490756-123456-１７の１２の３４５-20190401001.csv

11:21
19/02/01 11:21:08⇒:見積検索

11:21
19/02/01 11:21:08⇒:見積検索 POPUP

11:21
19/02/01 11:21:11⇒:事業所検索 POPUP

11:21
19/02/01 11:21:46⇒:移動CSV：TPP5-647839-490756-123456-１７の１２の３４５-20190401001.csv→C:\TOOL\納期指定完了\

