13:19
19/02/01 13:19:00⇒:OnSiteパスワード入力

13:19
19/02/01 13:19:01⇒:業務別総合メニュー

13:19
19/02/01 13:19:02⇒:物販明細

13:19
19/02/01 13:19:04⇒:取込：TPP5-647839-490756-123456-１７の１２の３４５-20190401001 - コピー.csv

13:19
19/02/01 13:19:04⇒:見積検索

13:19
19/02/01 13:19:04⇒:見積検索 POPUP

13:19
19/02/01 13:19:07⇒:事業所検索 POPUP

13:19
19/02/01 13:19:45⇒:移動CSV：TPP5-647839-490756-123456-１７の１２の３４５-20190401001 - コピー.csv→C:\TOOL\納期指定完了\

13:19
19/02/01 13:19:48⇒:取込：TPP5-647839-490756-123456-１７の１２の３４５-20190401001.csv

13:19
19/02/01 13:19:48⇒:見積検索

13:19
19/02/01 13:19:48⇒:見積検索 POPUP

13:19
19/02/01 13:19:50⇒:事業所検索 POPUP

