11:34
19/02/01 11:34:11⇒:OnSiteパスワード入力

11:34
19/02/01 11:34:12⇒:業務別総合メニュー

11:34
19/02/01 11:34:13⇒:物販明細

11:34
19/02/01 11:34:15⇒:取込：TPP5-647839-490756-123456-１７の１２の３４５-20190401001 - コピー.csv

11:34
19/02/01 11:34:15⇒:見積検索

11:34
19/02/01 11:34:15⇒:見積検索 POPUP

11:34
19/02/01 11:34:18⇒:事業所検索 POPUP

11:34
19/02/01 11:34:59⇒:移動CSV：TPP5-647839-490756-123456-１７の１２の３４５-20190401001 - コピー.csv→C:\TOOL\納期指定完了\

11:35
19/02/01 11:35:01⇒:取込：TPP5-647839-490756-123456-１７の１２の３４５-20190401001.csv

11:35
19/02/01 11:35:01⇒:見積検索

11:35
19/02/01 11:35:01⇒:見積検索 POPUP

