12:5
19/02/01 12:05:18⇒:OnSiteパスワード入力

12:5
19/02/01 12:05:19⇒:業務別総合メニュー

12:5
19/02/01 12:05:20⇒:物販明細

12:5
19/02/01 12:05:21⇒:取込：TPP5-647839-490756-123456-１７の１２の３４５-20190401001 - コピー.csv

12:5
19/02/01 12:05:21⇒:見積検索

12:5
19/02/01 12:05:21⇒:見積検索 POPUP

12:5
19/02/01 12:05:24⇒:事業所検索 POPUP

12:7
19/02/01 12:07:47⇒:移動CSV：TPP5-647839-490756-123456-１７の１２の３４５-20190401001 - コピー.csv→C:\TOOL\納期指定完了\

12:7
19/02/01 12:07:49⇒:取込：TPP5-647839-490756-123456-１７の１２の３４５-20190401001.csv

12:7
19/02/01 12:07:49⇒:見積検索

12:7
19/02/01 12:07:49⇒:見積検索 POPUP

12:7
19/02/01 12:07:52⇒:事業所検索 POPUP

12:8
19/02/01 12:08:40⇒:移動CSV：TPP5-647839-490756-123456-１７の１２の３４５-20190401001.csv→C:\TOOL\納期指定完了\

