10:48
19/02/01 10:48:41⇒:OnSiteパスワード入力

10:48
19/02/01 10:48:42⇒:業務別総合メニュー

10:48
19/02/01 10:48:43⇒:物販明細

10:48
19/02/01 10:48:44⇒:取込：TPP5-647839-490756-123456-１７の１２の３４５-20190401001 - コピー.csv

10:48
19/02/01 10:48:44⇒:見積検索

10:48
19/02/01 10:48:44⇒:見積検索 POPUP

10:48
19/02/01 10:48:48⇒:事業所検索 POPUP

10:49
19/02/01 10:49:24⇒:移動CSV：TPP5-647839-490756-123456-１７の１２の３４５-20190401001 - コピー.csv→C:\TOOL\納期指定完了\

10:49
19/02/01 10:49:25⇒:取込：TPP5-647839-490756-123456-１７の１２の３４５-20190401001.csv

10:49
19/02/01 10:49:25⇒:見積検索

10:49
19/02/01 10:49:26⇒:見積検索 POPUP

10:49
19/02/01 10:49:28⇒:事業所検索 POPUP

10:51
19/02/01 10:51:00⇒:移動CSV：TPP5-647839-490756-123456-１７の１２の３４５-20190401001.csv→C:\TOOL\納期指定完了\

