11:39
19/02/01 11:39:01⇒:OnSiteパスワード入力

11:39
19/02/01 11:39:02⇒:業務別総合メニュー

11:39
19/02/01 11:39:03⇒:物販明細

11:39
19/02/01 11:39:04⇒:取込：TPP5-647839-490756-123456-１７の１２の３４５-20190401001 - コピー.csv

11:39
19/02/01 11:39:04⇒:見積検索

11:39
19/02/01 11:39:04⇒:見積検索 POPUP

11:39
19/02/01 11:39:07⇒:事業所検索 POPUP

11:39
19/02/01 11:39:42⇒:移動CSV：TPP5-647839-490756-123456-１７の１２の３４５-20190401001 - コピー.csv→C:\TOOL\納期指定完了\

11:39
19/02/01 11:39:44⇒:取込：TPP5-647839-490756-123456-１７の１２の３４５-20190401001.csv

11:39
19/02/01 11:39:44⇒:見積検索

11:39
19/02/01 11:39:44⇒:見積検索 POPUP

11:40
19/02/01 11:40:43⇒:事業所検索 POPUP

