13:34
19/02/01 13:34:54⇒:OnSiteパスワード入力

13:34
19/02/01 13:34:55⇒:業務別総合メニュー

13:34
19/02/01 13:34:56⇒:物販明細

13:34
19/02/01 13:34:57⇒:取込：TPP5-647839-490756-123456-１７の１２の３４５-20190401001 - コピー.csv

13:34
19/02/01 13:34:57⇒:見積検索

13:34
19/02/01 13:34:57⇒:見積検索 POPUP

13:35
19/02/01 13:35:00⇒:事業所検索 POPUP

13:35
19/02/01 13:35:53⇒:移動CSV：TPP5-647839-490756-123456-１７の１２の３４５-20190401001 - コピー.csv→C:\TOOL\納期指定完了\

13:35
19/02/01 13:35:57⇒:取込：TPP5-647839-490756-123456-１７の１２の３４５-20190401001.csv

13:35
19/02/01 13:35:57⇒:見積検索

13:35
19/02/01 13:35:57⇒:見積検索 POPUP

13:36
19/02/01 13:36:02⇒:事業所検索 POPUP

13:37
19/02/01 13:37:02⇒:移動CSV：TPP5-647839-490756-123456-１７の１２の３４５-20190401001.csv→C:\TOOL\納期指定完了\

