10:26
19/02/02 10:26:48⇒:OnSiteパスワード入力

10:26
19/02/02 10:26:49⇒:業務別総合メニュー

10:26
19/02/02 10:26:49⇒:物販明細

10:26
19/02/02 10:26:50⇒:取込：TPP5-647839-490756-123456-１７の１２の３４５-20190401001-0.csv

10:26
19/02/02 10:26:50⇒:見積検索

10:26
19/02/02 10:26:50⇒:見積検索 POPUP

10:26
19/02/02 10:26:53⇒:事業所検索 POPUP

10:27
19/02/02 10:27:22⇒:移動CSV：TPP5-647839-490756-123456-１７の１２の３４５-20190401001-0.csv→C:\TOOL\納期指定完了\

10:27
19/02/02 10:27:26⇒:取込：TPP5-647839-490756-123456-１７の１２の３４５-20190401001-1.csv

10:27
19/02/02 10:27:26⇒:見積検索

10:27
19/02/02 10:27:26⇒:見積検索 POPUP

10:27
19/02/02 10:27:29⇒:事業所検索 POPUP

10:28
19/02/02 10:28:35⇒:事業所検索 POPUP

10:29
19/02/02 10:29:03⇒:移動CSV：TPP5-647839-490756-123456-１７の１２の３４５-20190401001-1.csv→C:\TOOL\納期指定完了\

