13:14
19/02/01 13:14:34⇒:OnSiteパスワード入力

13:14
19/02/01 13:14:35⇒:業務別総合メニュー

13:14
19/02/01 13:14:36⇒:物販明細

13:14
19/02/01 13:14:37⇒:取込：TPP5-647839-490756-123456-１７の１２の３４５-20190401001 - コピー.csv

13:14
19/02/01 13:14:37⇒:見積検索

13:14
19/02/01 13:14:37⇒:見積検索 POPUP

13:14
19/02/01 13:14:40⇒:事業所検索 POPUP

13:15
19/02/01 13:15:42⇒:移動CSV：TPP5-647839-490756-123456-１７の１２の３４５-20190401001 - コピー.csv→C:\TOOL\納期指定完了\

13:15
19/02/01 13:15:44⇒:取込：TPP5-647839-490756-123456-１７の１２の３４５-20190401001.csv

13:15
19/02/01 13:15:44⇒:見積検索

13:15
19/02/01 13:15:44⇒:見積検索 POPUP

13:15
19/02/01 13:15:47⇒:事業所検索 POPUP

