14:31
19/01/31 14:31:54⇒:OnSiteパスワード入力

14:31
19/01/31 14:31:56⇒:業務別総合メニュー

14:31
19/01/31 14:31:57⇒:物販明細

14:31
19/01/31 14:31:59⇒:取込：TPP5-647839-490756-123456-１７の１２の３４５-20190401001 - コピー.csv

14:31
19/01/31 14:31:59⇒:見積検索

14:31
19/01/31 14:31:59⇒:見積検索 POPUP

14:32
19/01/31 14:32:03⇒:事業所検索 POPUP

14:39
19/01/31 14:39:17⇒:移動CSV：TPP5-647839-490756-123456-１７の１２の３４５-20190401001 - コピー.csv→C:\TOOL\納期指定完了\

14:39
19/01/31 14:39:18⇒:取込：TPP5-647839-490756-123456-１７の１２の３４５-20190401001.csv

14:39
19/01/31 14:39:18⇒:見積検索

14:39
19/01/31 14:39:18⇒:見積検索 POPUP

14:39
19/01/31 14:39:21⇒:事業所検索 POPUP

14:40
19/01/31 14:40:10⇒:移動CSV：TPP5-647839-490756-123456-１７の１２の３４５-20190401001.csv→C:\TOOL\納期指定完了\

