9:39
19/02/02 09:39:34⇒:OnSiteパスワード入力

9:39
19/02/02 09:39:34⇒:業務別総合メニュー

9:39
19/02/02 09:39:35⇒:物販明細

9:39
19/02/02 09:39:37⇒:新規見積

9:39
19/02/02 09:39:42⇒:取込：TPP5-647839-490756-123456-１２３４５６７８９０１２３４５６７８９０ｰ１２３４５６７８９０１２３４６７８９０-01211111 -3.CSV

9:39
19/02/02 09:39:43⇒:    事業所：TPP5

9:39
19/02/02 09:39:43⇒:    得意先：647839

9:39
19/02/02 09:39:43⇒:    下店：490756

9:39
19/02/02 09:39:43⇒:    備考：１２３４５６７８９０１２３４５６７８９０ｰ１２３４５６７８９０１２３４６７８９０

9:39
19/02/02 09:39:43⇒:    現場名：123456

9:39
19/02/02 09:39:44⇒:    納材店なしで内訳入力へ CLICK

9:39
19/02/02 09:39:48⇒:    見積内訳入力 CSV取込 CLICK

9:39
19/02/02 09:39:49⇒:    見積内訳入力 CSV取込 参　照 CLICK

9:39
19/02/02 09:39:53⇒:    見積内訳入力 CSV取込 取　込 CLICK

9:39
19/02/02 09:39:57⇒:    商品コード複数入力 次　へ CLICK

9:39
19/02/02 09:39:58⇒:    商品コード複数入力 次　へ CLICK

9:39
19/02/02 09:39:59⇒:    商品コード複数入力 次　へ CLICK

9:40
19/02/02 09:40:02⇒:    寸法入力 次　へ CLICK

9:40
19/02/02 09:40:06⇒:    寸法入力 次　へ CLICK

9:40
19/02/02 09:40:10⇒:    寸法入力 次　へ CLICK

9:40
19/02/02 09:40:12⇒:    単価入力 見積内訳入力へ CLICK

9:40
19/02/02 09:40:14⇒:    新規見積 CLICK

9:40
19/02/02 09:40:16⇒:移動CSV：TPP5-647839-490756-123456-１２３４５６７８９０１２３４５６７８９０ｰ１２３４５６７８９０１２３４６７８９０-01211111 -3.CSV→C:\TOOL\発注完了\

9:40
19/02/02 09:40:16⇒:取込：TPP5-647839-490756-123456-１２３４５６７８９０１２３４５６７８９０ｰ１２３４５６７８９０１２３４６７８９０-01211111-0.CSV

9:40
19/02/02 09:40:17⇒:    事業所：TPP5

9:40
19/02/02 09:40:17⇒:    得意先：647839

9:40
19/02/02 09:40:17⇒:    下店：490756

9:40
19/02/02 09:40:17⇒:    備考：１２３４５６７８９０１２３４５６７８９０ｰ１２３４５６７８９０１２３４６７８９０

9:40
19/02/02 09:40:17⇒:    現場名：123456

9:40
19/02/02 09:40:17⇒:    納材店なしで内訳入力へ CLICK

9:40
19/02/02 09:40:19⇒:    見積内訳入力 CSV取込 CLICK

9:40
19/02/02 09:40:21⇒:    見積内訳入力 CSV取込 参　照 CLICK

9:40
19/02/02 09:40:24⇒:    見積内訳入力 CSV取込 取　込 CLICK

9:40
19/02/02 09:40:28⇒:    商品コード複数入力 次　へ CLICK

9:40
19/02/02 09:40:29⇒:    商品コード複数入力 次　へ CLICK

9:40
19/02/02 09:40:30⇒:    商品コード複数入力 次　へ CLICK

9:40
19/02/02 09:40:33⇒:    寸法入力 次　へ CLICK

9:40
19/02/02 09:40:37⇒:    寸法入力 次　へ CLICK

9:40
19/02/02 09:40:41⇒:    寸法入力 次　へ CLICK

9:40
19/02/02 09:40:44⇒:    単価入力 見積内訳入力へ CLICK

9:40
19/02/02 09:40:45⇒:    新規見積 CLICK

9:40
19/02/02 09:40:47⇒:移動CSV：TPP5-647839-490756-123456-１２３４５６７８９０１２３４５６７８９０ｰ１２３４５６７８９０１２３４６７８９０-01211111-0.CSV→C:\TOOL\発注完了\

