17:11
19/01/31 17:11:13⇒:OnSiteパスワード入力

17:11
19/01/31 17:11:15⇒:業務別総合メニュー

17:11
19/01/31 17:11:16⇒:物販明細

17:11
19/01/31 17:11:17⇒:新規見積

17:11
19/01/31 17:11:23⇒:取込：TPP5-647839-490756-123456-１２３４５６７８９０１２３４５６７８９０ｰ１２３４５６７８９０１２３４６７８９０-01211111 - コピー.CSV

17:11
19/01/31 17:11:24⇒:    事業所：TPP5

17:11
19/01/31 17:11:24⇒:    得意先：647839

17:11
19/01/31 17:11:24⇒:    下店：490756

17:11
19/01/31 17:11:24⇒:    備考：１２３４５６７８９０１２３４５６７８９０ｰ１２３４５６７８９０１２３４６７８９０

17:11
19/01/31 17:11:24⇒:    現場名：123456

17:11
19/01/31 17:11:27⇒:    納材店なしで内訳入力へ CLICK

17:11
19/01/31 17:11:32⇒:    見積内訳入力 CSV取込 CLICK

17:11
19/01/31 17:11:33⇒:    見積内訳入力 CSV取込 参　照 CLICK

17:11
19/01/31 17:11:37⇒:    見積内訳入力 CSV取込 取　込 CLICK

17:11
19/01/31 17:11:40⇒:    商品コード複数入力 次　へ CLICK

17:11
19/01/31 17:11:42⇒:    商品コード複数入力 次　へ CLICK

17:11
19/01/31 17:11:43⇒:    商品コード複数入力 次　へ CLICK

17:11
19/01/31 17:11:46⇒:    寸法入力 次　へ CLICK

17:11
19/01/31 17:11:50⇒:    寸法入力 次　へ CLICK

17:11
19/01/31 17:11:54⇒:    寸法入力 次　へ CLICK

17:11
19/01/31 17:11:57⇒:    単価入力 見積内訳入力へ CLICK

17:12
19/01/31 17:12:00⇒:    新規見積 CLICK

17:12
19/01/31 17:12:01⇒:移動CSV：TPP5-647839-490756-123456-１２３４５６７８９０１２３４５６７８９０ｰ１２３４５６７８９０１２３４６７８９０-01211111 - コピー.CSV→C:\TOOL\発注完了\

17:12
19/01/31 17:12:01⇒:取込：TPP5-647839-490756-123456-１２３４５６７８９０１２３４５６７８９０ｰ１２３４５６７８９０１２３４６７８９０-01211111.CSV

17:12
19/01/31 17:12:02⇒:    事業所：TPP5

17:12
19/01/31 17:12:02⇒:    得意先：647839

17:12
19/01/31 17:12:02⇒:    下店：490756

17:12
19/01/31 17:12:02⇒:    備考：１２３４５６７８９０１２３４５６７８９０ｰ１２３４５６７８９０１２３４６７８９０

17:12
19/01/31 17:12:02⇒:    現場名：123456

17:12
19/01/31 17:12:05⇒:    納材店なしで内訳入力へ CLICK

17:12
19/01/31 17:12:07⇒:    見積内訳入力 CSV取込 CLICK

17:12
19/01/31 17:12:10⇒:    見積内訳入力 CSV取込 参　照 CLICK

17:12
19/01/31 17:12:13⇒:    見積内訳入力 CSV取込 取　込 CLICK

17:12
19/01/31 17:12:17⇒:    商品コード複数入力 次　へ CLICK

17:12
19/01/31 17:12:18⇒:    商品コード複数入力 次　へ CLICK

17:12
19/01/31 17:12:19⇒:    商品コード複数入力 次　へ CLICK

17:12
19/01/31 17:12:22⇒:    寸法入力 次　へ CLICK

17:12
19/01/31 17:12:27⇒:    寸法入力 次　へ CLICK

17:12
19/01/31 17:12:31⇒:    寸法入力 次　へ CLICK

17:12
19/01/31 17:12:33⇒:    単価入力 見積内訳入力へ CLICK

17:12
19/01/31 17:12:35⇒:    新規見積 CLICK

17:12
19/01/31 17:12:37⇒:移動CSV：TPP5-647839-490756-123456-１２３４５６７８９０１２３４５６７８９０ｰ１２３４５６７８９０１２３４６７８９０-01211111.CSV→C:\TOOL\発注完了\

