10:37
19/02/01 10:37:06⇒:OnSiteパスワード入力

10:37
19/02/01 10:37:10⇒:業務別総合メニュー

10:37
19/02/01 10:37:11⇒:物販明細

10:37
19/02/01 10:37:12⇒:新規見積

10:37
19/02/01 10:37:19⇒:取込：TPP5-647839-490756-123456-１２３４５６７８９０１２３４５６７８９０ｰ１２３４５６７８９０１２３４６７８９０-01211111 - コピー.CSV

10:37
19/02/01 10:37:20⇒:    事業所：TPP5

10:37
19/02/01 10:37:20⇒:    得意先：647839

10:37
19/02/01 10:37:20⇒:    下店：490756

10:37
19/02/01 10:37:20⇒:    備考：１２３４５６７８９０１２３４５６７８９０ｰ１２３４５６７８９０１２３４６７８９０

10:37
19/02/01 10:37:20⇒:    現場名：123456

10:37
19/02/01 10:37:20⇒:    納材店なしで内訳入力へ CLICK

10:37
19/02/01 10:37:25⇒:    見積内訳入力 CSV取込 CLICK

10:37
19/02/01 10:37:26⇒:    見積内訳入力 CSV取込 参　照 CLICK

10:37
19/02/01 10:37:30⇒:    見積内訳入力 CSV取込 取　込 CLICK

10:37
19/02/01 10:37:33⇒:    商品コード複数入力 次　へ CLICK

10:37
19/02/01 10:37:35⇒:    商品コード複数入力 次　へ CLICK

10:37
19/02/01 10:37:36⇒:    商品コード複数入力 次　へ CLICK

10:37
19/02/01 10:37:39⇒:    寸法入力 次　へ CLICK

10:37
19/02/01 10:37:44⇒:    寸法入力 次　へ CLICK

10:37
19/02/01 10:37:47⇒:    寸法入力 次　へ CLICK

10:37
19/02/01 10:37:50⇒:    単価入力 見積内訳入力へ CLICK

10:37
19/02/01 10:37:52⇒:    新規見積 CLICK

10:37
19/02/01 10:37:54⇒:移動CSV：TPP5-647839-490756-123456-１２３４５６７８９０１２３４５６７８９０ｰ１２３４５６７８９０１２３４６７８９０-01211111 - コピー.CSV→C:\TOOL\発注完了\

10:37
19/02/01 10:37:54⇒:取込：TPP5-647839-490756-123456-１２３４５６７８９０１２３４５６７８９０ｰ１２３４５６７８９０１２３４６７８９０-01211111.CSV

10:37
19/02/01 10:37:55⇒:    事業所：TPP5

10:37
19/02/01 10:37:55⇒:    得意先：647839

10:37
19/02/01 10:37:55⇒:    下店：490756

10:37
19/02/01 10:37:55⇒:    備考：１２３４５６７８９０１２３４５６７８９０ｰ１２３４５６７８９０１２３４６７８９０

10:37
19/02/01 10:37:55⇒:    現場名：123456

10:37
19/02/01 10:37:55⇒:    納材店なしで内訳入力へ CLICK

10:37
19/02/01 10:37:57⇒:    見積内訳入力 CSV取込 CLICK

10:37
19/02/01 10:37:59⇒:    見積内訳入力 CSV取込 参　照 CLICK

10:38
19/02/01 10:38:02⇒:    見積内訳入力 CSV取込 取　込 CLICK

10:38
19/02/01 10:38:07⇒:    商品コード複数入力 次　へ CLICK

10:38
19/02/01 10:38:08⇒:    商品コード複数入力 次　へ CLICK

10:38
19/02/01 10:38:09⇒:    商品コード複数入力 次　へ CLICK

10:38
19/02/01 10:38:12⇒:    寸法入力 次　へ CLICK

10:38
19/02/01 10:38:17⇒:    寸法入力 次　へ CLICK

10:38
19/02/01 10:38:21⇒:    寸法入力 次　へ CLICK

10:38
19/02/01 10:38:24⇒:    単価入力 見積内訳入力へ CLICK

10:38
19/02/01 10:38:26⇒:    新規見積 CLICK

10:38
19/02/01 10:38:28⇒:移動CSV：TPP5-647839-490756-123456-１２３４５６７８９０１２３４５６７８９０ｰ１２３４５６７８９０１２３４６７８９０-01211111.CSV→C:\TOOL\発注完了\

