11:37
19/02/01 11:37:43⇒:OnSiteパスワード入力

11:37
19/02/01 11:37:44⇒:業務別総合メニュー

11:37
19/02/01 11:37:45⇒:物販明細

11:37
19/02/01 11:37:46⇒:新規見積

11:37
19/02/01 11:37:52⇒:取込：TPP5-647839-490756-123456-１２３４５６７８９０１２３４５６７８９０ｰ１２３４５６７８９０１２３４６７８９０-01211111 - コピー.CSV

11:37
19/02/01 11:37:53⇒:    事業所：TPP5

11:37
19/02/01 11:37:53⇒:    得意先：647839

11:37
19/02/01 11:37:53⇒:    下店：490756

11:37
19/02/01 11:37:53⇒:    備考：１２３４５６７８９０１２３４５６７８９０ｰ１２３４５６７８９０１２３４６７８９０

11:37
19/02/01 11:37:53⇒:    現場名：123456

11:37
19/02/01 11:37:53⇒:    納材店なしで内訳入力へ CLICK

11:37
19/02/01 11:37:58⇒:    見積内訳入力 CSV取込 CLICK

11:37
19/02/01 11:37:59⇒:    見積内訳入力 CSV取込 参　照 CLICK

11:38
19/02/01 11:38:03⇒:    見積内訳入力 CSV取込 取　込 CLICK

11:38
19/02/01 11:38:06⇒:    商品コード複数入力 次　へ CLICK

11:38
19/02/01 11:38:07⇒:    商品コード複数入力 次　へ CLICK

11:38
19/02/01 11:38:08⇒:    商品コード複数入力 次　へ CLICK

11:38
19/02/01 11:38:11⇒:    寸法入力 次　へ CLICK

11:38
19/02/01 11:38:16⇒:    寸法入力 次　へ CLICK

11:38
19/02/01 11:38:20⇒:    寸法入力 次　へ CLICK

11:38
19/02/01 11:38:22⇒:    単価入力 見積内訳入力へ CLICK

11:38
19/02/01 11:38:24⇒:    新規見積 CLICK

11:38
19/02/01 11:38:26⇒:移動CSV：TPP5-647839-490756-123456-１２３４５６７８９０１２３４５６７８９０ｰ１２３４５６７８９０１２３４６７８９０-01211111 - コピー.CSV→C:\TOOL\発注完了\

11:38
19/02/01 11:38:26⇒:取込：TPP5-647839-490756-123456-１２３４５６７８９０１２３４５６７８９０ｰ１２３４５６７８９０１２３４６７８９０-01211111.CSV

11:38
19/02/01 11:38:26⇒:    事業所：TPP5

11:38
19/02/01 11:38:26⇒:    得意先：647839

11:38
19/02/01 11:38:26⇒:    下店：490756

11:38
19/02/01 11:38:26⇒:    備考：１２３４５６７８９０１２３４５６７８９０ｰ１２３４５６７８９０１２３４６７８９０

11:38
19/02/01 11:38:26⇒:    現場名：123456

11:38
19/02/01 11:38:27⇒:    納材店なしで内訳入力へ CLICK

11:38
19/02/01 11:38:29⇒:    見積内訳入力 CSV取込 CLICK

11:38
19/02/01 11:38:30⇒:    見積内訳入力 CSV取込 参　照 CLICK

11:38
19/02/01 11:38:33⇒:    見積内訳入力 CSV取込 取　込 CLICK

11:38
19/02/01 11:38:38⇒:    商品コード複数入力 次　へ CLICK

11:38
19/02/01 11:38:40⇒:    商品コード複数入力 次　へ CLICK

11:38
19/02/01 11:38:41⇒:    商品コード複数入力 次　へ CLICK

11:38
19/02/01 11:38:44⇒:    寸法入力 次　へ CLICK

11:38
19/02/01 11:38:48⇒:    寸法入力 次　へ CLICK

11:38
19/02/01 11:38:52⇒:    寸法入力 次　へ CLICK

11:38
19/02/01 11:38:55⇒:    単価入力 見積内訳入力へ CLICK

11:38
19/02/01 11:38:57⇒:    新規見積 CLICK

11:38
19/02/01 11:38:58⇒:移動CSV：TPP5-647839-490756-123456-１２３４５６７８９０１２３４５６７８９０ｰ１２３４５６７８９０１２３４６７８９０-01211111.CSV→C:\TOOL\発注完了\

