12:46
19/02/01 12:46:13⇒:OnSiteパスワード入力

12:46
19/02/01 12:46:14⇒:業務別総合メニュー

12:46
19/02/01 12:46:15⇒:物販明細

12:46
19/02/01 12:46:16⇒:新規見積

12:46
19/02/01 12:46:23⇒:取込：TPP5-647839-490756-123456-１２３４５６７８９０１２３４５６７８９０ｰ１２３４５６７８９０１２３４６７８９０-01211111 - コピー.CSV

12:46
19/02/01 12:46:23⇒:    事業所：TPP5

12:46
19/02/01 12:46:23⇒:    得意先：647839

12:46
19/02/01 12:46:23⇒:    下店：490756

12:46
19/02/01 12:46:23⇒:    備考：１２３４５６７８９０１２３４５６７８９０ｰ１２３４５６７８９０１２３４６７８９０

12:46
19/02/01 12:46:23⇒:    現場名：123456

12:46
19/02/01 12:46:24⇒:    納材店なしで内訳入力へ CLICK

12:46
19/02/01 12:46:28⇒:    見積内訳入力 CSV取込 CLICK

12:46
19/02/01 12:46:30⇒:    見積内訳入力 CSV取込 参　照 CLICK

