16:30
19/01/31 16:30:23⇒:OnSiteパスワード入力

16:30
19/01/31 16:30:24⇒:業務別総合メニュー

16:30
19/01/31 16:30:25⇒:物販明細

16:30
19/01/31 16:30:26⇒:新規見積

16:30
19/01/31 16:30:30⇒:取込：TPP5-647839-490756-123456-１２３４５６７８９０１２３４５６７８９０ｰ１２３４５６７８９０１２３４６７８９０-01211111 - コピー.CSV

16:30
19/01/31 16:30:34⇒:    事業所：TPP5

16:30
19/01/31 16:30:34⇒:    得意先：647839

16:30
19/01/31 16:30:34⇒:    下店：490756

16:30
19/01/31 16:30:34⇒:    備考：１２３４５６７８９０１２３４５６７８９０ｰ１２３４５６７８９０１２３４６７８９０

16:30
19/01/31 16:30:34⇒:    現場名：123456

16:30
19/01/31 16:30:37⇒:    納材店なしで内訳入力へ CLICK

16:30
19/01/31 16:30:41⇒:    見積内訳入力 CSV取込 CLICK

16:30
19/01/31 16:30:43⇒:    見積内訳入力 CSV取込 参　照 CLICK

16:30
19/01/31 16:30:47⇒:    見積内訳入力 CSV取込 取　込 CLICK

16:30
19/01/31 16:30:50⇒:    商品コード複数入力 次　へ CLICK

16:30
19/01/31 16:30:52⇒:    商品コード複数入力 次　へ CLICK

16:30
19/01/31 16:30:53⇒:    商品コード複数入力 次　へ CLICK

16:30
19/01/31 16:30:56⇒:    寸法入力 次　へ CLICK

16:31
19/01/31 16:31:01⇒:    寸法入力 次　へ CLICK

16:31
19/01/31 16:31:05⇒:    寸法入力 次　へ CLICK

16:31
19/01/31 16:31:09⇒:    単価入力 見積内訳入力へ CLICK

16:31
19/01/31 16:31:11⇒:    新規見積 CLICK

16:31
19/01/31 16:31:13⇒:移動CSV：TPP5-647839-490756-123456-１２３４５６７８９０１２３４５６７８９０ｰ１２３４５６７８９０１２３４６７８９０-01211111 - コピー.CSV→C:\TOOL\発注完了\

16:31
19/01/31 16:31:13⇒:取込：TPP5-647839-490756-123456-１２３４５６７８９０１２３４５６７８９０ｰ１２３４５６７８９０１２３４６７８９０-01211111.CSV

16:31
19/01/31 16:31:14⇒:    事業所：TPP5

16:31
19/01/31 16:31:14⇒:    得意先：647839

16:31
19/01/31 16:31:14⇒:    下店：490756

16:31
19/01/31 16:31:14⇒:    備考：１２３４５６７８９０１２３４５６７８９０ｰ１２３４５６７８９０１２３４６７８９０

16:31
19/01/31 16:31:14⇒:    現場名：123456

16:31
19/01/31 16:31:17⇒:    納材店なしで内訳入力へ CLICK

16:31
19/01/31 16:31:20⇒:    見積内訳入力 CSV取込 CLICK

16:31
19/01/31 16:31:22⇒:    見積内訳入力 CSV取込 参　照 CLICK

16:31
19/01/31 16:31:25⇒:    見積内訳入力 CSV取込 取　込 CLICK

16:31
19/01/31 16:31:30⇒:    商品コード複数入力 次　へ CLICK

16:31
19/01/31 16:31:31⇒:    商品コード複数入力 次　へ CLICK

16:31
19/01/31 16:31:32⇒:    商品コード複数入力 次　へ CLICK

16:31
19/01/31 16:31:35⇒:    寸法入力 次　へ CLICK

16:31
19/01/31 16:31:40⇒:    寸法入力 次　へ CLICK

16:31
19/01/31 16:31:44⇒:    寸法入力 次　へ CLICK

16:31
19/01/31 16:31:47⇒:    単価入力 見積内訳入力へ CLICK

16:31
19/01/31 16:31:49⇒:    新規見積 CLICK

16:31
19/01/31 16:31:51⇒:移動CSV：TPP5-647839-490756-123456-１２３４５６７８９０１２３４５６７８９０ｰ１２３４５６７８９０１２３４６７８９０-01211111.CSV→C:\TOOL\発注完了\

