15:58
19/01/31 15:58:34⇒:OnSiteパスワード入力

15:58
19/01/31 15:58:36⇒:業務別総合メニュー

15:58
19/01/31 15:58:37⇒:物販明細

15:58
19/01/31 15:58:38⇒:新規見積

15:58
19/01/31 15:58:41⇒:取込：TPP5-647839-490756-123456-１２３４５６７８９０１２３４５６７８９０ｰ１２３４５６７８９０１２３４６７８９０-01211111 - コピー.CSV

15:58
19/01/31 15:58:46⇒:    事業所：TPP5

15:58
19/01/31 15:58:46⇒:    得意先：647839

15:58
19/01/31 15:58:46⇒:    下店：490756

15:58
19/01/31 15:58:46⇒:    備考：１２３４５６７８９０１２３４５６７８９０ｰ１２３４５６７８９０１２３４６７８９０

15:58
19/01/31 15:58:46⇒:    現場名：123456

15:58
19/01/31 15:58:49⇒:    納材店なしで内訳入力へ CLICK

15:58
19/01/31 15:58:53⇒:    見積内訳入力 CSV取込 CLICK

15:58
19/01/31 15:58:54⇒:    見積内訳入力 CSV取込 参　照 CLICK

15:58
19/01/31 15:58:58⇒:    見積内訳入力 CSV取込 取　込 CLICK

15:59
19/01/31 15:59:03⇒:    商品コード複数入力 次　へ CLICK

15:59
19/01/31 15:59:04⇒:    商品コード複数入力 次　へ CLICK

15:59
19/01/31 15:59:06⇒:    商品コード複数入力 次　へ CLICK

15:59
19/01/31 15:59:09⇒:    寸法入力 次　へ CLICK

15:59
19/01/31 15:59:14⇒:    寸法入力 次　へ CLICK

15:59
19/01/31 15:59:18⇒:    寸法入力 次　へ CLICK

15:59
19/01/31 15:59:21⇒:    単価入力 見積内訳入力へ CLICK

15:59
19/01/31 15:59:23⇒:    新規見積 CLICK

15:59
19/01/31 15:59:25⇒:移動CSV：TPP5-647839-490756-123456-１２３４５６７８９０１２３４５６７８９０ｰ１２３４５６７８９０１２３４６７８９０-01211111 - コピー.CSV→C:\TOOL\発注完了\

15:59
19/01/31 15:59:25⇒:取込：TPP5-647839-490756-123456-１２３４５６７８９０１２３４５６７８９０ｰ１２３４５６７８９０１２３４６７８９０-01211111.CSV

15:59
19/01/31 15:59:26⇒:    事業所：TPP5

15:59
19/01/31 15:59:26⇒:    得意先：647839

15:59
19/01/31 15:59:26⇒:    下店：490756

15:59
19/01/31 15:59:26⇒:    備考：１２３４５６７８９０１２３４５６７８９０ｰ１２３４５６７８９０１２３４６７８９０

15:59
19/01/31 15:59:26⇒:    現場名：123456

15:59
19/01/31 15:59:29⇒:    納材店なしで内訳入力へ CLICK

15:59
19/01/31 15:59:33⇒:    見積内訳入力 CSV取込 CLICK

15:59
19/01/31 15:59:35⇒:    見積内訳入力 CSV取込 参　照 CLICK

15:59
19/01/31 15:59:38⇒:    見積内訳入力 CSV取込 取　込 CLICK

15:59
19/01/31 15:59:43⇒:    商品コード複数入力 次　へ CLICK

15:59
19/01/31 15:59:44⇒:    商品コード複数入力 次　へ CLICK

15:59
19/01/31 15:59:45⇒:    商品コード複数入力 次　へ CLICK

15:59
19/01/31 15:59:48⇒:    寸法入力 次　へ CLICK

15:59
19/01/31 15:59:53⇒:    寸法入力 次　へ CLICK

15:59
19/01/31 15:59:57⇒:    寸法入力 次　へ CLICK

16:0
19/01/31 16:00:00⇒:    単価入力 見積内訳入力へ CLICK

16:0
19/01/31 16:00:02⇒:    新規見積 CLICK

16:0
19/01/31 16:00:04⇒:移動CSV：TPP5-647839-490756-123456-１２３４５６７８９０１２３４５６７８９０ｰ１２３４５６７８９０１２３４６７８９０-01211111.CSV→C:\TOOL\発注完了\

