8:58
19/02/01 08:58:23⇒:OnSiteパスワード入力

8:58
19/02/01 08:58:26⇒:業務別総合メニュー

8:58
19/02/01 08:58:27⇒:物販明細

8:58
19/02/01 08:58:28⇒:新規見積

8:58
19/02/01 08:58:35⇒:取込：TPP5-647839-490756-123456-１２３４５６７８９０１２３４５６７８９０ｰ１２３４５６７８９０１２３４６７８９０-01211111 - コピー.CSV

8:58
19/02/01 08:58:36⇒:    事業所：TPP5

8:58
19/02/01 08:58:36⇒:    得意先：647839

8:58
19/02/01 08:58:36⇒:    下店：490756

8:58
19/02/01 08:58:36⇒:    備考：１２３４５６７８９０１２３４５６７８９０ｰ１２３４５６７８９０１２３４６７８９０

8:58
19/02/01 08:58:36⇒:    現場名：123456

8:58
19/02/01 08:58:37⇒:    納材店なしで内訳入力へ CLICK

8:58
19/02/01 08:58:44⇒:    見積内訳入力 CSV取込 CLICK

8:58
19/02/01 08:58:45⇒:    見積内訳入力 CSV取込 参　照 CLICK

8:58
19/02/01 08:58:49⇒:    見積内訳入力 CSV取込 取　込 CLICK

8:58
19/02/01 08:58:52⇒:    商品コード複数入力 次　へ CLICK

8:58
19/02/01 08:58:54⇒:    商品コード複数入力 次　へ CLICK

8:58
19/02/01 08:58:55⇒:    商品コード複数入力 次　へ CLICK

8:59
19/02/01 08:59:00⇒:    寸法入力 次　へ CLICK

8:59
19/02/01 08:59:05⇒:    寸法入力 次　へ CLICK

8:59
19/02/01 08:59:09⇒:    寸法入力 次　へ CLICK

8:59
19/02/01 08:59:12⇒:    単価入力 見積内訳入力へ CLICK

8:59
19/02/01 08:59:16⇒:    新規見積 CLICK

8:59
19/02/01 08:59:17⇒:移動CSV：TPP5-647839-490756-123456-１２３４５６７８９０１２３４５６７８９０ｰ１２３４５６７８９０１２３４６７８９０-01211111 - コピー.CSV→C:\TOOL\発注完了\

8:59
19/02/01 08:59:17⇒:取込：TPP5-647839-490756-123456-１２３４５６７８９０１２３４５６７８９０ｰ１２３４５６７８９０１２３４６７８９０-01211111.CSV

8:59
19/02/01 08:59:18⇒:    事業所：TPP5

8:59
19/02/01 08:59:18⇒:    得意先：647839

8:59
19/02/01 08:59:18⇒:    下店：490756

8:59
19/02/01 08:59:18⇒:    備考：１２３４５６７８９０１２３４５６７８９０ｰ１２３４５６７８９０１２３４６７８９０

8:59
19/02/01 08:59:18⇒:    現場名：123456

8:59
19/02/01 08:59:18⇒:    納材店なしで内訳入力へ CLICK

8:59
19/02/01 08:59:20⇒:    見積内訳入力 CSV取込 CLICK

8:59
19/02/01 08:59:22⇒:    見積内訳入力 CSV取込 参　照 CLICK

8:59
19/02/01 08:59:25⇒:    見積内訳入力 CSV取込 取　込 CLICK

8:59
19/02/01 08:59:29⇒:    商品コード複数入力 次　へ CLICK

8:59
19/02/01 08:59:30⇒:    商品コード複数入力 次　へ CLICK

8:59
19/02/01 08:59:31⇒:    商品コード複数入力 次　へ CLICK

8:59
19/02/01 08:59:35⇒:    寸法入力 次　へ CLICK

8:59
19/02/01 08:59:39⇒:    寸法入力 次　へ CLICK

8:59
19/02/01 08:59:43⇒:    寸法入力 次　へ CLICK

8:59
19/02/01 08:59:46⇒:    単価入力 見積内訳入力へ CLICK

8:59
19/02/01 08:59:49⇒:    新規見積 CLICK

8:59
19/02/01 08:59:50⇒:移動CSV：TPP5-647839-490756-123456-１２３４５６７８９０１２３４５６７８９０ｰ１２３４５６７８９０１２３４６７８９０-01211111.CSV→C:\TOOL\発注完了\

