17:25
19/01/31 17:25:21⇒:OnSiteパスワード入力

17:25
19/01/31 17:25:22⇒:業務別総合メニュー

17:25
19/01/31 17:25:23⇒:物販明細

17:25
19/01/31 17:25:24⇒:新規見積

17:25
19/01/31 17:25:30⇒:取込：TPP5-647839-490756-123456-１２３４５６７８９０１２３４５６７８９０ｰ１２３４５６７８９０１２３４６７８９０-01211111 - コピー.CSV

17:25
19/01/31 17:25:31⇒:    事業所：TPP5

17:25
19/01/31 17:25:31⇒:    得意先：647839

17:25
19/01/31 17:25:31⇒:    下店：490756

17:25
19/01/31 17:25:31⇒:    備考：１２３４５６７８９０１２３４５６７８９０ｰ１２３４５６７８９０１２３４６７８９０

17:25
19/01/31 17:25:31⇒:    現場名：123456

17:25
19/01/31 17:25:35⇒:    納材店なしで内訳入力へ CLICK

17:25
19/01/31 17:25:38⇒:    見積内訳入力 CSV取込 CLICK

17:25
19/01/31 17:25:39⇒:    見積内訳入力 CSV取込 参　照 CLICK

17:25
19/01/31 17:25:43⇒:    見積内訳入力 CSV取込 取　込 CLICK

17:25
19/01/31 17:25:47⇒:    商品コード複数入力 次　へ CLICK

17:25
19/01/31 17:25:49⇒:    商品コード複数入力 次　へ CLICK

17:25
19/01/31 17:25:50⇒:    商品コード複数入力 次　へ CLICK

17:25
19/01/31 17:25:54⇒:    寸法入力 次　へ CLICK

17:25
19/01/31 17:25:59⇒:    寸法入力 次　へ CLICK

17:26
19/01/31 17:26:03⇒:    寸法入力 次　へ CLICK

17:26
19/01/31 17:26:06⇒:    単価入力 見積内訳入力へ CLICK

17:26
19/01/31 17:26:09⇒:    新規見積 CLICK

17:26
19/01/31 17:26:10⇒:移動CSV：TPP5-647839-490756-123456-１２３４５６７８９０１２３４５６７８９０ｰ１２３４５６７８９０１２３４６７８９０-01211111 - コピー.CSV→C:\TOOL\発注完了\

