9:41
19/02/01 09:41:08⇒:OnSiteパスワード入力

9:41
19/02/01 09:41:10⇒:業務別総合メニュー

9:41
19/02/01 09:41:12⇒:物販明細

9:41
19/02/01 09:41:13⇒:新規見積

9:41
19/02/01 09:41:20⇒:取込：TPP5-647839-490756-123456-１２３４５６７８９０１２３４５６７８９０ｰ１２３４５６７８９０１２３４６７８９０-01211111 - コピー.CSV

9:41
19/02/01 09:41:21⇒:    事業所：TPP5

9:41
19/02/01 09:41:21⇒:    得意先：647839

9:41
19/02/01 09:41:21⇒:    下店：490756

9:41
19/02/01 09:41:21⇒:    備考：１２３４５６７８９０１２３４５６７８９０ｰ１２３４５６７８９０１２３４６７８９０

9:41
19/02/01 09:41:21⇒:    現場名：123456

9:41
19/02/01 09:41:21⇒:    納材店なしで内訳入力へ CLICK

9:41
19/02/01 09:41:25⇒:    見積内訳入力 CSV取込 CLICK

9:41
19/02/01 09:41:27⇒:    見積内訳入力 CSV取込 参　照 CLICK

9:41
19/02/01 09:41:30⇒:    見積内訳入力 CSV取込 取　込 CLICK

9:41
19/02/01 09:41:34⇒:    商品コード複数入力 次　へ CLICK

9:41
19/02/01 09:41:35⇒:    商品コード複数入力 次　へ CLICK

9:41
19/02/01 09:41:36⇒:    商品コード複数入力 次　へ CLICK

9:41
19/02/01 09:41:39⇒:    寸法入力 次　へ CLICK

9:41
19/02/01 09:41:44⇒:    寸法入力 次　へ CLICK

9:41
19/02/01 09:41:48⇒:    寸法入力 次　へ CLICK

9:41
19/02/01 09:41:51⇒:    単価入力 見積内訳入力へ CLICK

9:41
19/02/01 09:41:53⇒:    新規見積 CLICK

9:41
19/02/01 09:41:55⇒:移動CSV：TPP5-647839-490756-123456-１２３４５６７８９０１２３４５６７８９０ｰ１２３４５６７８９０１２３４６７８９０-01211111 - コピー.CSV→C:\TOOL\発注完了\

9:41
19/02/01 09:41:55⇒:取込：TPP5-647839-490756-123456-１２３４５６７８９０１２３４５６７８９０ｰ１２３４５６７８９０１２３４６７８９０-01211111.CSV

9:41
19/02/01 09:41:56⇒:    事業所：TPP5

9:41
19/02/01 09:41:56⇒:    得意先：647839

9:41
19/02/01 09:41:56⇒:    下店：490756

9:41
19/02/01 09:41:56⇒:    備考：１２３４５６７８９０１２３４５６７８９０ｰ１２３４５６７８９０１２３４６７８９０

9:41
19/02/01 09:41:56⇒:    現場名：123456

9:41
19/02/01 09:41:56⇒:    納材店なしで内訳入力へ CLICK

9:41
19/02/01 09:41:58⇒:    見積内訳入力 CSV取込 CLICK

9:42
19/02/01 09:42:00⇒:    見積内訳入力 CSV取込 参　照 CLICK

9:42
19/02/01 09:42:04⇒:    見積内訳入力 CSV取込 取　込 CLICK

9:42
19/02/01 09:42:07⇒:    商品コード複数入力 次　へ CLICK

9:42
19/02/01 09:42:09⇒:    商品コード複数入力 次　へ CLICK

9:42
19/02/01 09:42:10⇒:    商品コード複数入力 次　へ CLICK

9:42
19/02/01 09:42:12⇒:    寸法入力 次　へ CLICK

9:42
19/02/01 09:42:17⇒:    寸法入力 次　へ CLICK

9:42
19/02/01 09:42:21⇒:    寸法入力 次　へ CLICK

9:42
19/02/01 09:42:24⇒:    単価入力 見積内訳入力へ CLICK

9:42
19/02/01 09:42:26⇒:    新規見積 CLICK

9:42
19/02/01 09:42:27⇒:移動CSV：TPP5-647839-490756-123456-１２３４５６７８９０１２３４５６７８９０ｰ１２３４５６７８９０１２３４６７８９０-01211111.CSV→C:\TOOL\発注完了\

