15:0
19/02/01 15:00:15⇒:OnSiteパスワード入力

15:0
19/02/01 15:00:16⇒:業務別総合メニュー

15:0
19/02/01 15:00:16⇒:物販明細

15:0
19/02/01 15:00:17⇒:新規見積

15:0
19/02/01 15:00:23⇒:取込：TPP5-647839-490756-123456-１２３４５６７８９０１２３４５６７８９０ｰ１２３４５６７８９０１２３４６７８９０-01211111.CSV

15:0
19/02/01 15:00:24⇒:    事業所：TPP5

15:0
19/02/01 15:00:24⇒:    得意先：647839

15:0
19/02/01 15:00:24⇒:    下店：490756

15:0
19/02/01 15:00:24⇒:    備考：１２３４５６７８９０１２３４５６７８９０ｰ１２３４５６７８９０１２３４６７８９０

15:0
19/02/01 15:00:24⇒:    現場名：123456

15:0
19/02/01 15:00:24⇒:    納材店なしで内訳入力へ CLICK

15:0
19/02/01 15:00:30⇒:    見積内訳入力 CSV取込 CLICK

15:0
19/02/01 15:00:31⇒:    見積内訳入力 CSV取込 参　照 CLICK

15:0
19/02/01 15:00:35⇒:    見積内訳入力 CSV取込 取　込 CLICK

15:0
19/02/01 15:00:39⇒:    商品コード複数入力 次　へ CLICK

15:0
19/02/01 15:00:41⇒:    商品コード複数入力 次　へ CLICK

15:0
19/02/01 15:00:42⇒:    商品コード複数入力 次　へ CLICK

15:0
19/02/01 15:00:46⇒:    寸法入力 次　へ CLICK

15:0
19/02/01 15:00:54⇒:    寸法入力 次　へ CLICK

15:0
19/02/01 15:00:59⇒:    寸法入力 次　へ CLICK

15:1
19/02/01 15:01:02⇒:    単価入力 見積内訳入力へ CLICK

15:1
19/02/01 15:01:05⇒:    新規見積 CLICK

15:1
19/02/01 15:01:06⇒:移動CSV：TPP5-647839-490756-123456-１２３４５６７８９０１２３４５６７８９０ｰ１２３４５６７８９０１２３４６７８９０-01211111.CSV→C:\TOOL\発注完了\

