17:4
19/01/31 17:04:53⇒:OnSiteパスワード入力

17:4
19/01/31 17:04:55⇒:業務別総合メニュー

17:4
19/01/31 17:04:56⇒:物販明細

17:4
19/01/31 17:04:56⇒:新規見積

17:5
19/01/31 17:05:00⇒:取込：TPP5-647839-490756-123456-１２３４５６７８９０１２３４５６７８９０ｰ１２３４５６７８９０１２３４６７８９０-01211111 - コピー.CSV

17:5
19/01/31 17:05:04⇒:    事業所：TPP5

17:5
19/01/31 17:05:04⇒:    得意先：647839

17:5
19/01/31 17:05:04⇒:    下店：490756

17:5
19/01/31 17:05:04⇒:    備考：１２３４５６７８９０１２３４５６７８９０ｰ１２３４５６７８９０１２３４６７８９０

17:5
19/01/31 17:05:04⇒:    現場名：123456

17:5
19/01/31 17:05:08⇒:    納材店なしで内訳入力へ CLICK

17:5
19/01/31 17:05:12⇒:    見積内訳入力 CSV取込 CLICK

17:5
19/01/31 17:05:14⇒:    見積内訳入力 CSV取込 参　照 CLICK

17:5
19/01/31 17:05:18⇒:    見積内訳入力 CSV取込 取　込 CLICK

17:5
19/01/31 17:05:21⇒:    商品コード複数入力 次　へ CLICK

17:5
19/01/31 17:05:23⇒:    商品コード複数入力 次　へ CLICK

17:5
19/01/31 17:05:24⇒:    商品コード複数入力 次　へ CLICK

17:5
19/01/31 17:05:27⇒:    寸法入力 次　へ CLICK

17:5
19/01/31 17:05:32⇒:    寸法入力 次　へ CLICK

17:5
19/01/31 17:05:36⇒:    寸法入力 次　へ CLICK

17:5
19/01/31 17:05:39⇒:    単価入力 見積内訳入力へ CLICK

17:5
19/01/31 17:05:41⇒:    新規見積 CLICK

17:5
19/01/31 17:05:42⇒:移動CSV：TPP5-647839-490756-123456-１２３４５６７８９０１２３４５６７８９０ｰ１２３４５６７８９０１２３４６７８９０-01211111 - コピー.CSV→C:\TOOL\発注完了\

17:5
19/01/31 17:05:42⇒:取込：TPP5-647839-490756-123456-１２３４５６７８９０１２３４５６７８９０ｰ１２３４５６７８９０１２３４６７８９０-01211111.CSV

17:5
19/01/31 17:05:43⇒:    事業所：TPP5

17:5
19/01/31 17:05:43⇒:    得意先：647839

17:5
19/01/31 17:05:43⇒:    下店：490756

17:5
19/01/31 17:05:43⇒:    備考：１２３４５６７８９０１２３４５６７８９０ｰ１２３４５６７８９０１２３４６７８９０

17:5
19/01/31 17:05:43⇒:    現場名：123456

17:5
19/01/31 17:05:47⇒:    納材店なしで内訳入力へ CLICK

17:5
19/01/31 17:05:50⇒:    見積内訳入力 CSV取込 CLICK

17:5
19/01/31 17:05:51⇒:    見積内訳入力 CSV取込 参　照 CLICK

17:5
19/01/31 17:05:55⇒:    見積内訳入力 CSV取込 取　込 CLICK

17:5
19/01/31 17:05:59⇒:    商品コード複数入力 次　へ CLICK

17:6
19/01/31 17:06:01⇒:    商品コード複数入力 次　へ CLICK

17:6
19/01/31 17:06:02⇒:    商品コード複数入力 次　へ CLICK

17:6
19/01/31 17:06:05⇒:    寸法入力 次　へ CLICK

17:6
19/01/31 17:06:10⇒:    寸法入力 次　へ CLICK

17:6
19/01/31 17:06:16⇒:    寸法入力 次　へ CLICK

17:6
19/01/31 17:06:19⇒:    単価入力 見積内訳入力へ CLICK

17:6
19/01/31 17:06:21⇒:    新規見積 CLICK

17:6
19/01/31 17:06:23⇒:移動CSV：TPP5-647839-490756-123456-１２３４５６７８９０１２３４５６７８９０ｰ１２３４５６７８９０１２３４６７８９０-01211111.CSV→C:\TOOL\発注完了\

