17:45
19/01/31 17:45:44⇒:OnSiteパスワード入力

17:45
19/01/31 17:45:45⇒:業務別総合メニュー

17:45
19/01/31 17:45:46⇒:物販明細

17:45
19/01/31 17:45:47⇒:新規見積

17:45
19/01/31 17:45:54⇒:取込：TPP5-647839-490756-123456-１２３４５６７８９０１２３４５６７８９０ｰ１２３４５６７８９０１２３４６７８９０-01211111 - コピー.CSV

17:45
19/01/31 17:45:54⇒:    事業所：TPP5

17:45
19/01/31 17:45:54⇒:    得意先：647839

17:45
19/01/31 17:45:54⇒:    下店：490756

17:45
19/01/31 17:45:54⇒:    備考：１２３４５６７８９０１２３４５６７８９０ｰ１２３４５６７８９０１２３４６７８９０

17:45
19/01/31 17:45:54⇒:    現場名：123456

17:45
19/01/31 17:45:55⇒:    納材店なしで内訳入力へ CLICK

17:45
19/01/31 17:45:58⇒:    見積内訳入力 CSV取込 CLICK

17:45
19/01/31 17:45:59⇒:    見積内訳入力 CSV取込 参　照 CLICK

17:46
19/01/31 17:46:03⇒:    見積内訳入力 CSV取込 取　込 CLICK

17:46
19/01/31 17:46:07⇒:    商品コード複数入力 次　へ CLICK

17:46
19/01/31 17:46:09⇒:    商品コード複数入力 次　へ CLICK

17:46
19/01/31 17:46:10⇒:    商品コード複数入力 次　へ CLICK

17:46
19/01/31 17:46:13⇒:    寸法入力 次　へ CLICK

17:46
19/01/31 17:46:18⇒:    寸法入力 次　へ CLICK

17:46
19/01/31 17:46:22⇒:    寸法入力 次　へ CLICK

17:46
19/01/31 17:46:24⇒:    単価入力 見積内訳入力へ CLICK

17:46
19/01/31 17:46:27⇒:    新規見積 CLICK

17:46
19/01/31 17:46:28⇒:移動CSV：TPP5-647839-490756-123456-１２３４５６７８９０１２３４５６７８９０ｰ１２３４５６７８９０１２３４６７８９０-01211111 - コピー.CSV→C:\TOOL\発注完了\

17:46
19/01/31 17:46:28⇒:取込：TPP5-647839-490756-123456-１２３４５６７８９０１２３４５６７８９０ｰ１２３４５６７８９０１２３４６７８９０-01211111.CSV

17:46
19/01/31 17:46:29⇒:    事業所：TPP5

17:46
19/01/31 17:46:29⇒:    得意先：647839

17:46
19/01/31 17:46:29⇒:    下店：490756

17:46
19/01/31 17:46:29⇒:    備考：１２３４５６７８９０１２３４５６７８９０ｰ１２３４５６７８９０１２３４６７８９０

17:46
19/01/31 17:46:29⇒:    現場名：123456

17:46
19/01/31 17:46:29⇒:    納材店なしで内訳入力へ CLICK

17:46
19/01/31 17:46:32⇒:    見積内訳入力 CSV取込 CLICK

17:46
19/01/31 17:46:33⇒:    見積内訳入力 CSV取込 参　照 CLICK

17:46
19/01/31 17:46:37⇒:    見積内訳入力 CSV取込 取　込 CLICK

17:46
19/01/31 17:46:41⇒:    商品コード複数入力 次　へ CLICK

17:46
19/01/31 17:46:42⇒:    商品コード複数入力 次　へ CLICK

17:46
19/01/31 17:46:43⇒:    商品コード複数入力 次　へ CLICK

17:46
19/01/31 17:46:47⇒:    寸法入力 次　へ CLICK

17:46
19/01/31 17:46:51⇒:    寸法入力 次　へ CLICK

17:46
19/01/31 17:46:55⇒:    寸法入力 次　へ CLICK

17:46
19/01/31 17:46:57⇒:    単価入力 見積内訳入力へ CLICK

17:47
19/01/31 17:47:00⇒:    新規見積 CLICK

17:47
19/01/31 17:47:01⇒:移動CSV：TPP5-647839-490756-123456-１２３４５６７８９０１２３４５６７８９０ｰ１２３４５６７８９０１２３４６７８９０-01211111.CSV→C:\TOOL\発注完了\

