9:51
19/02/02 09:51:34⇒:OnSiteパスワード入力

9:51
19/02/02 09:51:35⇒:業務別総合メニュー

9:51
19/02/02 09:51:35⇒:物販明細

9:51
19/02/02 09:51:36⇒:新規見積

9:51
19/02/02 09:51:42⇒:取込：TPP5-647839-490756-123456-１２３４５６７８９０１２３４５６７８９０ｰ１２３４５６７８９０１２３４６７８９０-01211111 - 0.CSV

9:51
19/02/02 09:51:43⇒:    事業所：TPP5

9:51
19/02/02 09:51:43⇒:    得意先：647839

9:51
19/02/02 09:51:43⇒:    下店：490756

9:51
19/02/02 09:51:43⇒:    備考：１２３４５６７８９０１２３４５６７８９０ｰ１２３４５６７８９０１２３４６７８９０

9:51
19/02/02 09:51:43⇒:    現場名：123456

9:51
19/02/02 09:51:43⇒:    納材店なしで内訳入力へ CLICK

9:51
19/02/02 09:51:47⇒:    見積内訳入力 CSV取込 CLICK

9:51
19/02/02 09:51:49⇒:    見積内訳入力 CSV取込 参　照 CLICK

9:51
19/02/02 09:51:53⇒:    見積内訳入力 CSV取込 取　込 CLICK

9:51
19/02/02 09:51:58⇒:    商品コード複数入力 次　へ CLICK

9:51
19/02/02 09:51:59⇒:    商品コード複数入力 次　へ CLICK

9:52
19/02/02 09:52:00⇒:    商品コード複数入力 次　へ CLICK

9:52
19/02/02 09:52:03⇒:    寸法入力 次　へ CLICK

9:52
19/02/02 09:52:07⇒:    寸法入力 次　へ CLICK

9:52
19/02/02 09:52:10⇒:    寸法入力 次　へ CLICK

9:52
19/02/02 09:52:12⇒:    単価入力 見積内訳入力へ CLICK

9:52
19/02/02 09:52:14⇒:    新規見積 CLICK

9:52
19/02/02 09:52:15⇒:移動CSV：TPP5-647839-490756-123456-１２３４５６７８９０１２３４５６７８９０ｰ１２３４５６７８９０１２３４６７８９０-01211111 - 0.CSV→C:\TOOL\発注完了\

9:52
19/02/02 09:52:15⇒:取込：TPP5-647839-490756-123456-１２３４５６７８９０１２３４５６７８９０ｰ１２３４５６７８９０１２３４６７８９０-01211111 - 1.CSV

9:52
19/02/02 09:52:16⇒:    事業所：TPP5

9:52
19/02/02 09:52:16⇒:    得意先：647839

9:52
19/02/02 09:52:16⇒:    下店：490756

9:52
19/02/02 09:52:16⇒:    備考：１２３４５６７８９０１２３４５６７８９０ｰ１２３４５６７８９０１２３４６７８９０

9:52
19/02/02 09:52:16⇒:    現場名：123456

9:52
19/02/02 09:52:17⇒:    納材店なしで内訳入力へ CLICK

9:52
19/02/02 09:52:18⇒:    見積内訳入力 CSV取込 CLICK

9:52
19/02/02 09:52:21⇒:    見積内訳入力 CSV取込 参　照 CLICK

9:52
19/02/02 09:52:25⇒:    見積内訳入力 CSV取込 取　込 CLICK

9:52
19/02/02 09:52:28⇒:    商品コード複数入力 次　へ CLICK

9:52
19/02/02 09:52:29⇒:    商品コード複数入力 次　へ CLICK

9:52
19/02/02 09:52:30⇒:    商品コード複数入力 次　へ CLICK

9:52
19/02/02 09:52:33⇒:    寸法入力 次　へ CLICK

9:52
19/02/02 09:52:37⇒:    寸法入力 次　へ CLICK

9:52
19/02/02 09:52:40⇒:    寸法入力 次　へ CLICK

9:52
19/02/02 09:52:43⇒:    単価入力 見積内訳入力へ CLICK

9:52
19/02/02 09:52:45⇒:    新規見積 CLICK

9:52
19/02/02 09:52:46⇒:移動CSV：TPP5-647839-490756-123456-１２３４５６７８９０１２３４５６７８９０ｰ１２３４５６７８９０１２３４６７８９０-01211111 - 1.CSV→C:\TOOL\発注完了\

9:52
19/02/02 09:52:46⇒:取込：TPP5-647839-490756-123456-１２３４５６７８９０１２３４５６７８９０ｰ１２３４５６７８９０１２３４６７８９０-01211111 - 2.CSV

9:52
19/02/02 09:52:46⇒:    事業所：TPP5

9:52
19/02/02 09:52:46⇒:    得意先：647839

9:52
19/02/02 09:52:46⇒:    下店：490756

9:52
19/02/02 09:52:46⇒:    備考：１２３４５６７８９０１２３４５６７８９０ｰ１２３４５６７８９０１２３４６７８９０

9:52
19/02/02 09:52:46⇒:    現場名：123456

9:52
19/02/02 09:52:47⇒:    納材店なしで内訳入力へ CLICK

9:52
19/02/02 09:52:48⇒:    見積内訳入力 CSV取込 CLICK

9:52
19/02/02 09:52:50⇒:    見積内訳入力 CSV取込 参　照 CLICK

9:52
19/02/02 09:52:54⇒:    見積内訳入力 CSV取込 取　込 CLICK

9:52
19/02/02 09:52:57⇒:    商品コード複数入力 次　へ CLICK

9:52
19/02/02 09:52:58⇒:    商品コード複数入力 次　へ CLICK

9:52
19/02/02 09:52:59⇒:    商品コード複数入力 次　へ CLICK

9:53
19/02/02 09:53:02⇒:    寸法入力 次　へ CLICK

9:53
19/02/02 09:53:06⇒:    寸法入力 次　へ CLICK

9:53
19/02/02 09:53:10⇒:    寸法入力 次　へ CLICK

9:53
19/02/02 09:53:12⇒:    単価入力 見積内訳入力へ CLICK

9:53
19/02/02 09:53:14⇒:    新規見積 CLICK

9:53
19/02/02 09:53:15⇒:移動CSV：TPP5-647839-490756-123456-１２３４５６７８９０１２３４５６７８９０ｰ１２３４５６７８９０１２３４６７８９０-01211111 - 2.CSV→C:\TOOL\発注完了\

9:53
19/02/02 09:53:15⇒:取込：TPP5-647839-490756-123456-１２３４５６７８９０１２３４５６７８９０ｰ１２３４５６７８９０１２３４６７８９０-01211111 - 3.CSV

9:53
19/02/02 09:53:16⇒:    事業所：TPP5

9:53
19/02/02 09:53:16⇒:    得意先：647839

9:53
19/02/02 09:53:16⇒:    下店：490756

9:53
19/02/02 09:53:16⇒:    備考：１２３４５６７８９０１２３４５６７８９０ｰ１２３４５６７８９０１２３４６７８９０

9:53
19/02/02 09:53:16⇒:    現場名：123456

9:53
19/02/02 09:53:16⇒:    納材店なしで内訳入力へ CLICK

9:53
19/02/02 09:53:18⇒:    見積内訳入力 CSV取込 CLICK

9:53
19/02/02 09:53:20⇒:    見積内訳入力 CSV取込 参　照 CLICK

9:53
19/02/02 09:53:24⇒:    見積内訳入力 CSV取込 取　込 CLICK

9:53
19/02/02 09:53:28⇒:    商品コード複数入力 次　へ CLICK

9:53
19/02/02 09:53:30⇒:    商品コード複数入力 次　へ CLICK

9:53
19/02/02 09:53:30⇒:    商品コード複数入力 次　へ CLICK

9:53
19/02/02 09:53:33⇒:    寸法入力 次　へ CLICK

9:53
19/02/02 09:53:37⇒:    寸法入力 次　へ CLICK

9:53
19/02/02 09:53:41⇒:    寸法入力 次　へ CLICK

9:53
19/02/02 09:53:43⇒:    単価入力 見積内訳入力へ CLICK

9:53
19/02/02 09:53:45⇒:    新規見積 CLICK

9:53
19/02/02 09:53:47⇒:移動CSV：TPP5-647839-490756-123456-１２３４５６７８９０１２３４５６７８９０ｰ１２３４５６７８９０１２３４６７８９０-01211111 - 3.CSV→C:\TOOL\発注完了\

