10:47
19/02/01 10:47:19⇒:OnSiteパスワード入力

10:47
19/02/01 10:47:21⇒:業務別総合メニュー

10:47
19/02/01 10:47:22⇒:物販明細

10:47
19/02/01 10:47:24⇒:新規見積

10:47
19/02/01 10:47:30⇒:取込：TPP5-647839-490756-123456-１２３４５６７８９０１２３４５６７８９０ｰ１２３４５６７８９０１２３４６７８９０-01211111 - コピー.CSV

10:47
19/02/01 10:47:31⇒:    事業所：TPP5

10:47
19/02/01 10:47:31⇒:    得意先：647839

10:47
19/02/01 10:47:31⇒:    下店：490756

10:47
19/02/01 10:47:31⇒:    備考：１２３４５６７８９０１２３４５６７８９０ｰ１２３４５６７８９０１２３４６７８９０

10:47
19/02/01 10:47:31⇒:    現場名：123456

10:47
19/02/01 10:47:31⇒:    納材店なしで内訳入力へ CLICK

10:47
19/02/01 10:47:34⇒:    見積内訳入力 CSV取込 CLICK

10:47
19/02/01 10:47:36⇒:    見積内訳入力 CSV取込 参　照 CLICK

10:47
19/02/01 10:47:40⇒:    見積内訳入力 CSV取込 取　込 CLICK

10:47
19/02/01 10:47:43⇒:    商品コード複数入力 次　へ CLICK

10:47
19/02/01 10:47:45⇒:    商品コード複数入力 次　へ CLICK

10:47
19/02/01 10:47:46⇒:    商品コード複数入力 次　へ CLICK

10:47
19/02/01 10:47:49⇒:    寸法入力 次　へ CLICK

10:47
19/02/01 10:47:54⇒:    寸法入力 次　へ CLICK

10:47
19/02/01 10:47:57⇒:    寸法入力 次　へ CLICK

10:48
19/02/01 10:48:00⇒:    単価入力 見積内訳入力へ CLICK

10:48
19/02/01 10:48:02⇒:    新規見積 CLICK

10:48
19/02/01 10:48:04⇒:移動CSV：TPP5-647839-490756-123456-１２３４５６７８９０１２３４５６７８９０ｰ１２３４５６７８９０１２３４６７８９０-01211111 - コピー.CSV→C:\TOOL\発注完了\

10:48
19/02/01 10:48:04⇒:取込：TPP5-647839-490756-123456-１２３４５６７８９０１２３４５６７８９０ｰ１２３４５６７８９０１２３４６７８９０-01211111.CSV

10:48
19/02/01 10:48:04⇒:    事業所：TPP5

10:48
19/02/01 10:48:04⇒:    得意先：647839

10:48
19/02/01 10:48:04⇒:    下店：490756

10:48
19/02/01 10:48:04⇒:    備考：１２３４５６７８９０１２３４５６７８９０ｰ１２３４５６７８９０１２３４６７８９０

10:48
19/02/01 10:48:04⇒:    現場名：123456

10:48
19/02/01 10:48:05⇒:    納材店なしで内訳入力へ CLICK

10:48
19/02/01 10:48:07⇒:    見積内訳入力 CSV取込 CLICK

10:48
19/02/01 10:48:10⇒:    見積内訳入力 CSV取込 参　照 CLICK

10:48
19/02/01 10:48:13⇒:    見積内訳入力 CSV取込 取　込 CLICK

10:48
19/02/01 10:48:17⇒:    商品コード複数入力 次　へ CLICK

10:48
19/02/01 10:48:18⇒:    商品コード複数入力 次　へ CLICK

10:48
19/02/01 10:48:19⇒:    商品コード複数入力 次　へ CLICK

10:48
19/02/01 10:48:22⇒:    寸法入力 次　へ CLICK

10:48
19/02/01 10:48:27⇒:    寸法入力 次　へ CLICK

10:48
19/02/01 10:48:31⇒:    寸法入力 次　へ CLICK

10:48
19/02/01 10:48:33⇒:    単価入力 見積内訳入力へ CLICK

10:48
19/02/01 10:48:36⇒:    新規見積 CLICK

10:48
19/02/01 10:48:37⇒:移動CSV：TPP5-647839-490756-123456-１２３４５６７８９０１２３４５６７８９０ｰ１２３４５６７８９０１２３４６７８９０-01211111.CSV→C:\TOOL\発注完了\

