18:0
19/01/31 18:00:51⇒:OnSiteパスワード入力

18:0
19/01/31 18:00:52⇒:業務別総合メニュー

18:0
19/01/31 18:00:53⇒:物販明細

18:0
19/01/31 18:00:54⇒:新規見積

18:1
19/01/31 18:01:00⇒:取込：TPP5-647839-490756-123456-１２３４５６７８９０１２３４５６７８９０ｰ１２３４５６７８９０１２３４６７８９０-01211111.CSV

18:1
19/01/31 18:01:01⇒:    事業所：TPP5

18:1
19/01/31 18:01:01⇒:    得意先：647839

18:1
19/01/31 18:01:01⇒:    下店：490756

18:1
19/01/31 18:01:01⇒:    備考：１２３４５６７８９０１２３４５６７８９０ｰ１２３４５６７８９０１２３４６７８９０

18:1
19/01/31 18:01:01⇒:    現場名：123456

18:1
19/01/31 18:01:01⇒:    納材店なしで内訳入力へ CLICK

18:1
19/01/31 18:01:04⇒:    見積内訳入力 CSV取込 CLICK

18:1
19/01/31 18:01:05⇒:    見積内訳入力 CSV取込 参　照 CLICK

18:5
19/01/31 18:05:53⇒:    見積内訳入力 CSV取込 取　込 CLICK

18:5
19/01/31 18:05:57⇒:    商品コード複数入力 次　へ CLICK

18:5
19/01/31 18:05:58⇒:    商品コード複数入力 次　へ CLICK

18:5
19/01/31 18:05:59⇒:    商品コード複数入力 次　へ CLICK

18:6
19/01/31 18:06:03⇒:    寸法入力 次　へ CLICK

18:6
19/01/31 18:06:08⇒:    寸法入力 次　へ CLICK

18:6
19/01/31 18:06:11⇒:    寸法入力 次　へ CLICK

18:6
19/01/31 18:06:14⇒:    単価入力 見積内訳入力へ CLICK

18:6
19/01/31 18:06:19⇒:    新規見積 CLICK

18:6
19/01/31 18:06:20⇒:移動CSV：TPP5-647839-490756-123456-１２３４５６７８９０１２３４５６７８９０ｰ１２３４５６７８９０１２３４６７８９０-01211111.CSV→C:\TOOL\発注完了\

