18:7
19/01/31 18:07:39⇒:OnSiteパスワード入力

18:7
19/01/31 18:07:40⇒:業務別総合メニュー

18:7
19/01/31 18:07:41⇒:物販明細

18:7
19/01/31 18:07:42⇒:新規見積

18:7
19/01/31 18:07:48⇒:取込：TPP5-647839-490756-123456-１２３４５６７８９０１２３４５６７８９０ｰ１２３４５６７８９０１２３４６７８９０-01211111 - コピー.CSV

18:7
19/01/31 18:07:48⇒:    事業所：TPP5

18:7
19/01/31 18:07:48⇒:    得意先：647839

18:7
19/01/31 18:07:48⇒:    下店：490756

18:7
19/01/31 18:07:48⇒:    備考：１２３４５６７８９０１２３４５６７８９０ｰ１２３４５６７８９０１２３４６７８９０

18:7
19/01/31 18:07:48⇒:    現場名：123456

18:7
19/01/31 18:07:49⇒:    納材店なしで内訳入力へ CLICK

18:7
19/01/31 18:07:51⇒:    見積内訳入力 CSV取込 CLICK

18:7
19/01/31 18:07:53⇒:    見積内訳入力 CSV取込 参　照 CLICK

18:7
19/01/31 18:07:56⇒:    見積内訳入力 CSV取込 取　込 CLICK

18:8
19/01/31 18:08:01⇒:    商品コード複数入力 次　へ CLICK

18:8
19/01/31 18:08:02⇒:    商品コード複数入力 次　へ CLICK

18:8
19/01/31 18:08:03⇒:    商品コード複数入力 次　へ CLICK

18:8
19/01/31 18:08:06⇒:    寸法入力 次　へ CLICK

18:8
19/01/31 18:08:11⇒:    寸法入力 次　へ CLICK

18:8
19/01/31 18:08:15⇒:    寸法入力 次　へ CLICK

18:8
19/01/31 18:08:17⇒:    単価入力 見積内訳入力へ CLICK

18:8
19/01/31 18:08:19⇒:    新規見積 CLICK

18:8
19/01/31 18:08:21⇒:移動CSV：TPP5-647839-490756-123456-１２３４５６７８９０１２３４５６７８９０ｰ１２３４５６７８９０１２３４６７８９０-01211111 - コピー.CSV→C:\TOOL\発注完了\

