17:54
19/01/31 17:54:41⇒:OnSiteパスワード入力

17:54
19/01/31 17:54:42⇒:業務別総合メニュー

17:54
19/01/31 17:54:43⇒:物販明細

17:54
19/01/31 17:54:44⇒:新規見積

17:54
19/01/31 17:54:51⇒:取込：TPP5-647839-490756-123456-１２３４５６７８９０１２３４５６７８９０ｰ１２３４５６７８９０１２３４６７８９０-01211111 - コピー.CSV

17:54
19/01/31 17:54:52⇒:    事業所：TPP5

17:54
19/01/31 17:54:52⇒:    得意先：647839

17:54
19/01/31 17:54:52⇒:    下店：490756

17:54
19/01/31 17:54:52⇒:    備考：１２３４５６７８９０１２３４５６７８９０ｰ１２３４５６７８９０１２３４６７８９０

17:54
19/01/31 17:54:52⇒:    現場名：123456

17:54
19/01/31 17:54:56⇒:    納材店なしで内訳入力へ CLICK

17:55
19/01/31 17:55:10⇒:    見積内訳入力 CSV取込 CLICK

17:55
19/01/31 17:55:23⇒:    見積内訳入力 CSV取込 参　照 CLICK

