15:2
19/01/31 15:02:41⇒:OnSiteパスワード入力

15:2
19/01/31 15:02:44⇒:業務別総合メニュー

15:2
19/01/31 15:02:46⇒:物販明細

15:2
19/01/31 15:02:47⇒:新規見積

15:2
19/01/31 15:02:50⇒:取込：TPP5-647839-490756-123456-１２３４５６７８９０１２３４５６７８９０ｰ１２３４５６７８９０１２３４６７８９０-01211111 - コピー.CSV

15:2
19/01/31 15:02:54⇒:    事業所：TPP5

15:2
19/01/31 15:02:54⇒:    得意先：647839

15:2
19/01/31 15:02:54⇒:    下店：490756

15:2
19/01/31 15:02:54⇒:    備考：１２３４５６７８９０１２３４５６７８９０ｰ１２３４５６７８９０１２３４６７８９０

15:2
19/01/31 15:02:54⇒:    現場名：123456

15:2
19/01/31 15:02:57⇒:    納材店なしで内訳入力へ CLICK

15:3
19/01/31 15:03:02⇒:    見積内訳入力 CSV取込 CLICK

15:3
19/01/31 15:03:03⇒:    見積内訳入力 CSV取込 参　照 CLICK

15:3
19/01/31 15:03:07⇒:    見積内訳入力 CSV取込 取　込 CLICK

15:3
19/01/31 15:03:11⇒:    商品コード複数入力 次　へ CLICK

15:3
19/01/31 15:03:12⇒:    商品コード複数入力 次　へ CLICK

15:3
19/01/31 15:03:14⇒:    商品コード複数入力 次　へ CLICK

15:3
19/01/31 15:03:17⇒:    寸法入力 次　へ CLICK

15:3
19/01/31 15:03:25⇒:    寸法入力 次　へ CLICK

15:3
19/01/31 15:03:30⇒:    寸法入力 次　へ CLICK

15:3
19/01/31 15:03:33⇒:    単価入力 見積内訳入力へ CLICK

15:3
19/01/31 15:03:36⇒:    新規見積 CLICK

15:3
19/01/31 15:03:38⇒:移動CSV：TPP5-647839-490756-123456-１２３４５６７８９０１２３４５６７８９０ｰ１２３４５６７８９０１２３４６７８９０-01211111 - コピー.CSV→C:\TOOL\発注完了\

15:3
19/01/31 15:03:38⇒:取込：TPP5-647839-490756-123456-１２３４５６７８９０１２３４５６７８９０ｰ１２３４５６７８９０１２３４６７８９０-01211111.CSV

15:3
19/01/31 15:03:38⇒:    事業所：TPP5

15:3
19/01/31 15:03:38⇒:    得意先：647839

15:3
19/01/31 15:03:38⇒:    下店：490756

15:3
19/01/31 15:03:38⇒:    備考：１２３４５６７８９０１２３４５６７８９０ｰ１２３４５６７８９０１２３４６７８９０

15:3
19/01/31 15:03:38⇒:    現場名：123456

15:3
19/01/31 15:03:42⇒:    納材店なしで内訳入力へ CLICK

15:3
19/01/31 15:03:44⇒:    見積内訳入力 CSV取込 CLICK

15:3
19/01/31 15:03:46⇒:    見積内訳入力 CSV取込 参　照 CLICK

15:3
19/01/31 15:03:50⇒:    見積内訳入力 CSV取込 取　込 CLICK

15:3
19/01/31 15:03:54⇒:    商品コード複数入力 次　へ CLICK

15:3
19/01/31 15:03:55⇒:    商品コード複数入力 次　へ CLICK

15:3
19/01/31 15:03:56⇒:    商品コード複数入力 次　へ CLICK

15:4
19/01/31 15:04:00⇒:    寸法入力 次　へ CLICK

15:4
19/01/31 15:04:06⇒:    寸法入力 次　へ CLICK

15:4
19/01/31 15:04:12⇒:    寸法入力 次　へ CLICK

15:4
19/01/31 15:04:15⇒:    単価入力 見積内訳入力へ CLICK

15:4
19/01/31 15:04:17⇒:    新規見積 CLICK

15:4
19/01/31 15:04:19⇒:移動CSV：TPP5-647839-490756-123456-１２３４５６７８９０１２３４５６７８９０ｰ１２３４５６７８９０１２３４６７８９０-01211111.CSV→C:\TOOL\発注完了\

