10:0
19/02/01 10:00:02⇒:OnSiteパスワード入力

10:0
19/02/01 10:00:04⇒:業務別総合メニュー

10:0
19/02/01 10:00:05⇒:物販明細

10:0
19/02/01 10:00:07⇒:新規見積

10:0
19/02/01 10:00:09⇒:取込：TPP5-647839-490756-123456-１２３４５６７８９０１２３４５６７８９０ｰ１２３４５６７８９０１２３４６７８９０-01211111 - コピー.CSV

10:0
19/02/01 10:00:13⇒:    事業所：TPP5

10:0
19/02/01 10:00:13⇒:    得意先：647839

10:0
19/02/01 10:00:13⇒:    下店：490756

10:0
19/02/01 10:00:13⇒:    備考：１２３４５６７８９０１２３４５６７８９０ｰ１２３４５６７８９０１２３４６７８９０

10:0
19/02/01 10:00:13⇒:    現場名：123456

10:0
19/02/01 10:00:14⇒:    納材店なしで内訳入力へ CLICK

10:0
19/02/01 10:00:19⇒:    見積内訳入力 CSV取込 CLICK

10:0
19/02/01 10:00:21⇒:    見積内訳入力 CSV取込 参　照 CLICK

10:0
19/02/01 10:00:24⇒:    見積内訳入力 CSV取込 取　込 CLICK

10:0
19/02/01 10:00:29⇒:    商品コード複数入力 次　へ CLICK

10:0
19/02/01 10:00:30⇒:    商品コード複数入力 次　へ CLICK

10:0
19/02/01 10:00:31⇒:    商品コード複数入力 次　へ CLICK

10:0
19/02/01 10:00:34⇒:    寸法入力 次　へ CLICK

10:0
19/02/01 10:00:39⇒:    寸法入力 次　へ CLICK

10:0
19/02/01 10:00:43⇒:    寸法入力 次　へ CLICK

10:0
19/02/01 10:00:46⇒:    単価入力 見積内訳入力へ CLICK

10:0
19/02/01 10:00:49⇒:    新規見積 CLICK

10:0
19/02/01 10:00:50⇒:移動CSV：TPP5-647839-490756-123456-１２３４５６７８９０１２３４５６７８９０ｰ１２３４５６７８９０１２３４６７８９０-01211111 - コピー.CSV→C:\TOOL\発注完了\

10:0
19/02/01 10:00:50⇒:取込：TPP5-647839-490756-123456-１２３４５６７８９０１２３４５６７８９０ｰ１２３４５６７８９０１２３４６７８９０-01211111.CSV

10:0
19/02/01 10:00:51⇒:    事業所：TPP5

10:0
19/02/01 10:00:51⇒:    得意先：647839

10:0
19/02/01 10:00:51⇒:    下店：490756

10:0
19/02/01 10:00:51⇒:    備考：１２３４５６７８９０１２３４５６７８９０ｰ１２３４５６７８９０１２３４６７８９０

10:0
19/02/01 10:00:51⇒:    現場名：123456

10:0
19/02/01 10:00:51⇒:    納材店なしで内訳入力へ CLICK

10:0
19/02/01 10:00:53⇒:    見積内訳入力 CSV取込 CLICK

10:0
19/02/01 10:00:55⇒:    見積内訳入力 CSV取込 参　照 CLICK

10:0
19/02/01 10:00:59⇒:    見積内訳入力 CSV取込 取　込 CLICK

10:1
19/02/01 10:01:03⇒:    商品コード複数入力 次　へ CLICK

10:1
19/02/01 10:01:05⇒:    商品コード複数入力 次　へ CLICK

10:1
19/02/01 10:01:06⇒:    商品コード複数入力 次　へ CLICK

10:1
19/02/01 10:01:09⇒:    寸法入力 次　へ CLICK

10:1
19/02/01 10:01:13⇒:    寸法入力 次　へ CLICK

10:1
19/02/01 10:01:17⇒:    寸法入力 次　へ CLICK

10:1
19/02/01 10:01:20⇒:    単価入力 見積内訳入力へ CLICK

10:1
19/02/01 10:01:22⇒:    新規見積 CLICK

10:1
19/02/01 10:01:24⇒:移動CSV：TPP5-647839-490756-123456-１２３４５６７８９０１２３４５６７８９０ｰ１２３４５６７８９０１２３４６７８９０-01211111.CSV→C:\TOOL\発注完了\

