11:32
19/02/01 11:32:53⇒:OnSiteパスワード入力

11:32
19/02/01 11:32:54⇒:業務別総合メニュー

11:32
19/02/01 11:32:55⇒:物販明細

11:32
19/02/01 11:32:56⇒:新規見積

11:33
19/02/01 11:33:02⇒:取込：TPP5-647839-490756-123456-１２３４５６７８９０１２３４５６７８９０ｰ１２３４５６７８９０１２３４６７８９０-01211111 - コピー.CSV

11:33
19/02/01 11:33:03⇒:    事業所：TPP5

11:33
19/02/01 11:33:03⇒:    得意先：647839

11:33
19/02/01 11:33:03⇒:    下店：490756

11:33
19/02/01 11:33:03⇒:    備考：１２３４５６７８９０１２３４５６７８９０ｰ１２３４５６７８９０１２３４６７８９０

11:33
19/02/01 11:33:03⇒:    現場名：123456

11:33
19/02/01 11:33:04⇒:    納材店なしで内訳入力へ CLICK

11:33
19/02/01 11:33:08⇒:    見積内訳入力 CSV取込 CLICK

11:33
19/02/01 11:33:12⇒:    見積内訳入力 CSV取込 参　照 CLICK

11:33
19/02/01 11:33:15⇒:    見積内訳入力 CSV取込 取　込 CLICK

11:33
19/02/01 11:33:19⇒:    商品コード複数入力 次　へ CLICK

11:33
19/02/01 11:33:20⇒:    商品コード複数入力 次　へ CLICK

11:33
19/02/01 11:33:21⇒:    商品コード複数入力 次　へ CLICK

11:33
19/02/01 11:33:24⇒:    寸法入力 次　へ CLICK

11:33
19/02/01 11:33:28⇒:    寸法入力 次　へ CLICK

11:33
19/02/01 11:33:32⇒:    寸法入力 次　へ CLICK

11:33
19/02/01 11:33:35⇒:    単価入力 見積内訳入力へ CLICK

11:33
19/02/01 11:33:37⇒:    新規見積 CLICK

11:33
19/02/01 11:33:39⇒:移動CSV：TPP5-647839-490756-123456-１２３４５６７８９０１２３４５６７８９０ｰ１２３４５６７８９０１２３４６７８９０-01211111 - コピー.CSV→C:\TOOL\発注完了\

11:33
19/02/01 11:33:39⇒:取込：TPP5-647839-490756-123456-１２３４５６７８９０１２３４５６７８９０ｰ１２３４５６７８９０１２３４６７８９０-01211111.CSV

11:33
19/02/01 11:33:39⇒:    事業所：TPP5

11:33
19/02/01 11:33:39⇒:    得意先：647839

11:33
19/02/01 11:33:39⇒:    下店：490756

11:33
19/02/01 11:33:39⇒:    備考：１２３４５６７８９０１２３４５６７８９０ｰ１２３４５６７８９０１２３４６７８９０

11:33
19/02/01 11:33:39⇒:    現場名：123456

11:33
19/02/01 11:33:40⇒:    納材店なしで内訳入力へ CLICK

11:33
19/02/01 11:33:42⇒:    見積内訳入力 CSV取込 CLICK

11:33
19/02/01 11:33:43⇒:    見積内訳入力 CSV取込 参　照 CLICK

11:33
19/02/01 11:33:47⇒:    見積内訳入力 CSV取込 取　込 CLICK

11:33
19/02/01 11:33:50⇒:    商品コード複数入力 次　へ CLICK

11:33
19/02/01 11:33:52⇒:    商品コード複数入力 次　へ CLICK

11:33
19/02/01 11:33:53⇒:    商品コード複数入力 次　へ CLICK

11:33
19/02/01 11:33:56⇒:    寸法入力 次　へ CLICK

11:34
19/02/01 11:34:00⇒:    寸法入力 次　へ CLICK

11:34
19/02/01 11:34:04⇒:    寸法入力 次　へ CLICK

11:34
19/02/01 11:34:06⇒:    単価入力 見積内訳入力へ CLICK

11:34
19/02/01 11:34:08⇒:    新規見積 CLICK

11:34
19/02/01 11:34:10⇒:移動CSV：TPP5-647839-490756-123456-１２３４５６７８９０１２３４５６７８９０ｰ１２３４５６７８９０１２３４６７８９０-01211111.CSV→C:\TOOL\発注完了\

