15:44
19/02/01 15:44:39⇒:OnSiteパスワード入力

15:44
19/02/01 15:44:39⇒:業務別総合メニュー

15:44
19/02/01 15:44:40⇒:物販明細

15:44
19/02/01 15:44:41⇒:新規見積

15:44
19/02/01 15:44:47⇒:取込：TPP5-647839-490756-123456-１２３４５６７８９０１２３４５６７８９０ｰ１２３４５６７８９０１２３４６７８９０-01211111 - 1.CSV

15:44
19/02/01 15:44:47⇒:    事業所：TPP5

15:44
19/02/01 15:44:47⇒:    得意先：647839

15:44
19/02/01 15:44:47⇒:    下店：490756

15:44
19/02/01 15:44:47⇒:    備考：１２３４５６７８９０１２３４５６７８９０ｰ１２３４５６７８９０１２３４６７８９０

15:44
19/02/01 15:44:47⇒:    現場名：123456

15:44
19/02/01 15:44:48⇒:    納材店なしで内訳入力へ CLICK

15:44
19/02/01 15:44:52⇒:    見積内訳入力 CSV取込 CLICK

15:44
19/02/01 15:44:54⇒:    見積内訳入力 CSV取込 参　照 CLICK

15:44
19/02/01 15:44:58⇒:    見積内訳入力 CSV取込 取　込 CLICK

15:45
19/02/01 15:45:02⇒:    商品コード複数入力 次　へ CLICK

15:45
19/02/01 15:45:04⇒:    商品コード複数入力 次　へ CLICK

15:45
19/02/01 15:45:05⇒:    商品コード複数入力 次　へ CLICK

15:45
19/02/01 15:45:08⇒:    寸法入力 次　へ CLICK

15:45
19/02/01 15:45:13⇒:    寸法入力 次　へ CLICK

15:45
19/02/01 15:45:17⇒:    寸法入力 次　へ CLICK

15:45
19/02/01 15:45:20⇒:    単価入力 見積内訳入力へ CLICK

15:45
19/02/01 15:45:22⇒:    新規見積 CLICK

15:45
19/02/01 15:45:23⇒:移動CSV：TPP5-647839-490756-123456-１２３４５６７８９０１２３４５６７８９０ｰ１２３４５６７８９０１２３４６７８９０-01211111 - 1.CSV→C:\TOOL\発注完了\

15:45
19/02/01 15:45:23⇒:取込：TPP5-647839-490756-123456-１２３４５６７８９０１２３４５６７８９０ｰ１２３４５６７８９０１２３４６７８９０-01211111 - 2.CSV

15:45
19/02/01 15:45:24⇒:    事業所：TPP5

15:45
19/02/01 15:45:24⇒:    得意先：647839

15:45
19/02/01 15:45:24⇒:    下店：490756

15:45
19/02/01 15:45:24⇒:    備考：１２３４５６７８９０１２３４５６７８９０ｰ１２３４５６７８９０１２３４６７８９０

15:45
19/02/01 15:45:24⇒:    現場名：123456

15:45
19/02/01 15:45:24⇒:    納材店なしで内訳入力へ CLICK

15:45
19/02/01 15:45:26⇒:    見積内訳入力 CSV取込 CLICK

15:45
19/02/01 15:45:27⇒:    見積内訳入力 CSV取込 参　照 CLICK

15:45
19/02/01 15:45:31⇒:    見積内訳入力 CSV取込 取　込 CLICK

15:45
19/02/01 15:45:34⇒:    商品コード複数入力 次　へ CLICK

15:45
19/02/01 15:45:36⇒:    商品コード複数入力 次　へ CLICK

15:45
19/02/01 15:45:36⇒:    商品コード複数入力 次　へ CLICK

15:45
19/02/01 15:45:39⇒:    寸法入力 次　へ CLICK

15:45
19/02/01 15:45:44⇒:    寸法入力 次　へ CLICK

15:45
19/02/01 15:45:52⇒:    寸法入力 次　へ CLICK

15:45
19/02/01 15:45:55⇒:    単価入力 見積内訳入力へ CLICK

15:45
19/02/01 15:45:57⇒:    新規見積 CLICK

15:45
19/02/01 15:45:58⇒:移動CSV：TPP5-647839-490756-123456-１２３４５６７８９０１２３４５６７８９０ｰ１２３４５６７８９０１２３４６７８９０-01211111 - 2.CSV→C:\TOOL\発注完了\

15:45
19/02/01 15:45:58⇒:取込：TPP5-647839-490756-123456-１２３４５６７８９０１２３４５６７８９０ｰ１２３４５６７８９０１２３４６７８９０-01211111 -3.CSV

15:45
19/02/01 15:45:58⇒:    事業所：TPP5

15:45
19/02/01 15:45:58⇒:    得意先：647839

15:45
19/02/01 15:45:58⇒:    下店：490756

15:45
19/02/01 15:45:58⇒:    備考：１２３４５６７８９０１２３４５６７８９０ｰ１２３４５６７８９０１２３４６７８９０

15:45
19/02/01 15:45:58⇒:    現場名：123456

15:45
19/02/01 15:45:59⇒:    納材店なしで内訳入力へ CLICK

15:46
19/02/01 15:46:00⇒:    見積内訳入力 CSV取込 CLICK

15:46
19/02/01 15:46:02⇒:    見積内訳入力 CSV取込 参　照 CLICK

15:46
19/02/01 15:46:06⇒:    見積内訳入力 CSV取込 取　込 CLICK

15:46
19/02/01 15:46:10⇒:    商品コード複数入力 次　へ CLICK

15:46
19/02/01 15:46:11⇒:    商品コード複数入力 次　へ CLICK

15:46
19/02/01 15:46:12⇒:    商品コード複数入力 次　へ CLICK

15:46
19/02/01 15:46:15⇒:    寸法入力 次　へ CLICK

15:46
19/02/01 15:46:20⇒:    寸法入力 次　へ CLICK

15:46
19/02/01 15:46:24⇒:    寸法入力 次　へ CLICK

15:46
19/02/01 15:46:26⇒:    単価入力 見積内訳入力へ CLICK

15:46
19/02/01 15:46:28⇒:    新規見積 CLICK

15:46
19/02/01 15:46:30⇒:移動CSV：TPP5-647839-490756-123456-１２３４５６７８９０１２３４５６７８９０ｰ１２３４５６７８９０１２３４６７８９０-01211111 -3.CSV→C:\TOOL\発注完了\

15:46
19/02/01 15:46:30⇒:取込：TPP5-647839-490756-123456-１２３４５６７８９０１２３４５６７８９０ｰ１２３４５６７８９０１２３４６７８９０-01211111-0.CSV

15:46
19/02/01 15:46:30⇒:    事業所：TPP5

15:46
19/02/01 15:46:30⇒:    得意先：647839

15:46
19/02/01 15:46:30⇒:    下店：490756

15:46
19/02/01 15:46:30⇒:    備考：１２３４５６７８９０１２３４５６７８９０ｰ１２３４５６７８９０１２３４６７８９０

15:46
19/02/01 15:46:30⇒:    現場名：123456

15:46
19/02/01 15:46:31⇒:    納材店なしで内訳入力へ CLICK

15:46
19/02/01 15:46:32⇒:    見積内訳入力 CSV取込 CLICK

15:46
19/02/01 15:46:34⇒:    見積内訳入力 CSV取込 参　照 CLICK

15:46
19/02/01 15:46:38⇒:    見積内訳入力 CSV取込 取　込 CLICK

15:46
19/02/01 15:46:41⇒:    商品コード複数入力 次　へ CLICK

15:46
19/02/01 15:46:42⇒:    商品コード複数入力 次　へ CLICK

15:46
19/02/01 15:46:43⇒:    商品コード複数入力 次　へ CLICK

15:46
19/02/01 15:46:46⇒:    寸法入力 次　へ CLICK

15:46
19/02/01 15:46:51⇒:    寸法入力 次　へ CLICK

15:46
19/02/01 15:46:54⇒:    寸法入力 次　へ CLICK

15:46
19/02/01 15:46:57⇒:    単価入力 見積内訳入力へ CLICK

15:46
19/02/01 15:46:59⇒:    新規見積 CLICK

15:47
19/02/01 15:47:00⇒:移動CSV：TPP5-647839-490756-123456-１２３４５６７８９０１２３４５６７８９０ｰ１２３４５６７８９０１２３４６７８９０-01211111-0.CSV→C:\TOOL\発注完了\

