10:29
19/02/02 10:29:42⇒:OnSiteパスワード入力

10:29
19/02/02 10:29:42⇒:業務別総合メニュー

10:29
19/02/02 10:29:43⇒:物販明細

10:29
19/02/02 10:29:44⇒:新規見積

10:29
19/02/02 10:29:50⇒:取込：TPP5-647839-490756-123456-１２３４５６７８９０１２３４５６７８９０ｰ１２３４５６７８９０１２３４６７８９０-01211111 - 0.CSV

10:29
19/02/02 10:29:50⇒:    事業所：TPP5

10:29
19/02/02 10:29:50⇒:    得意先：647839

10:29
19/02/02 10:29:50⇒:    下店：490756

10:29
19/02/02 10:29:50⇒:    備考：１２３４５６７８９０１２３４５６７８９０ｰ１２３４５６７８９０１２３４６７８９０

10:29
19/02/02 10:29:50⇒:    現場名：123456

10:29
19/02/02 10:29:51⇒:    納材店なしで内訳入力へ CLICK

10:29
19/02/02 10:29:55⇒:    見積内訳入力 CSV取込 CLICK

10:29
19/02/02 10:29:56⇒:    見積内訳入力 CSV取込 参　照 CLICK

