16:44
19/01/31 16:44:22⇒:OnSiteパスワード入力

16:44
19/01/31 16:44:23⇒:業務別総合メニュー

16:44
19/01/31 16:44:23⇒:物販明細

16:44
19/01/31 16:44:24⇒:新規見積

16:44
19/01/31 16:44:27⇒:取込：TPP5-647839-490756-123456-１２３４５６７８９０１２３４５６７８９０ｰ１２３４５６７８９０１２３４６７８９０-01211111 - コピー.CSV

16:44
19/01/31 16:44:32⇒:    事業所：TPP5

16:44
19/01/31 16:44:32⇒:    得意先：647839

16:44
19/01/31 16:44:32⇒:    下店：490756

16:44
19/01/31 16:44:32⇒:    備考：１２３４５６７８９０１２３４５６７８９０ｰ１２３４５６７８９０１２３４６７８９０

16:44
19/01/31 16:44:32⇒:    現場名：123456

16:44
19/01/31 16:44:36⇒:    納材店なしで内訳入力へ CLICK

16:44
19/01/31 16:44:39⇒:    見積内訳入力 CSV取込 CLICK

16:44
19/01/31 16:44:42⇒:    見積内訳入力 CSV取込 参　照 CLICK

16:44
19/01/31 16:44:45⇒:    見積内訳入力 CSV取込 取　込 CLICK

16:44
19/01/31 16:44:49⇒:    商品コード複数入力 次　へ CLICK

16:44
19/01/31 16:44:51⇒:    商品コード複数入力 次　へ CLICK

16:44
19/01/31 16:44:52⇒:    商品コード複数入力 次　へ CLICK

16:44
19/01/31 16:44:55⇒:    寸法入力 次　へ CLICK

16:45
19/01/31 16:45:00⇒:    寸法入力 次　へ CLICK

16:45
19/01/31 16:45:05⇒:    寸法入力 次　へ CLICK

16:45
19/01/31 16:45:08⇒:    単価入力 見積内訳入力へ CLICK

16:45
19/01/31 16:45:10⇒:    新規見積 CLICK

16:45
19/01/31 16:45:12⇒:移動CSV：TPP5-647839-490756-123456-１２３４５６７８９０１２３４５６７８９０ｰ１２３４５６７８９０１２３４６７８９０-01211111 - コピー.CSV→C:\TOOL\発注完了\

16:45
19/01/31 16:45:12⇒:取込：TPP5-647839-490756-123456-１２３４５６７８９０１２３４５６７８９０ｰ１２３４５６７８９０１２３４６７８９０-01211111.CSV

16:45
19/01/31 16:45:13⇒:    事業所：TPP5

16:45
19/01/31 16:45:13⇒:    得意先：647839

16:45
19/01/31 16:45:13⇒:    下店：490756

16:45
19/01/31 16:45:13⇒:    備考：１２３４５６７８９０１２３４５６７８９０ｰ１２３４５６７８９０１２３４６７８９０

16:45
19/01/31 16:45:13⇒:    現場名：123456

16:45
19/01/31 16:45:17⇒:    納材店なしで内訳入力へ CLICK

16:45
19/01/31 16:45:20⇒:    見積内訳入力 CSV取込 CLICK

16:45
19/01/31 16:45:22⇒:    見積内訳入力 CSV取込 参　照 CLICK

16:45
19/01/31 16:45:25⇒:    見積内訳入力 CSV取込 取　込 CLICK

16:45
19/01/31 16:45:29⇒:    商品コード複数入力 次　へ CLICK

16:45
19/01/31 16:45:31⇒:    商品コード複数入力 次　へ CLICK

16:45
19/01/31 16:45:32⇒:    商品コード複数入力 次　へ CLICK

16:45
19/01/31 16:45:36⇒:    寸法入力 次　へ CLICK

16:45
19/01/31 16:45:41⇒:    寸法入力 次　へ CLICK

16:45
19/01/31 16:45:45⇒:    寸法入力 次　へ CLICK

16:45
19/01/31 16:45:48⇒:    単価入力 見積内訳入力へ CLICK

16:45
19/01/31 16:45:51⇒:    新規見積 CLICK

16:45
19/01/31 16:45:53⇒:移動CSV：TPP5-647839-490756-123456-１２３４５６７８９０１２３４５６７８９０ｰ１２３４５６７８９０１２３４６７８９０-01211111.CSV→C:\TOOL\発注完了\

