10:41
19/02/01 10:41:30⇒:OnSiteパスワード入力

10:41
19/02/01 10:41:31⇒:業務別総合メニュー

10:41
19/02/01 10:41:32⇒:物販明細

10:41
19/02/01 10:41:33⇒:新規見積

10:41
19/02/01 10:41:39⇒:取込：TPP5-647839-490756-123456-１２３４５６７８９０１２３４５６７８９０ｰ１２３４５６７８９０１２３４６７８９０-01211111 - コピー.CSV

10:41
19/02/01 10:41:40⇒:    事業所：TPP5

10:41
19/02/01 10:41:40⇒:    得意先：647839

10:41
19/02/01 10:41:40⇒:    下店：490756

10:41
19/02/01 10:41:40⇒:    備考：１２３４５６７８９０１２３４５６７８９０ｰ１２３４５６７８９０１２３４６７８９０

10:41
19/02/01 10:41:40⇒:    現場名：123456

10:41
19/02/01 10:41:40⇒:    納材店なしで内訳入力へ CLICK

10:41
19/02/01 10:41:44⇒:    見積内訳入力 CSV取込 CLICK

10:41
19/02/01 10:41:46⇒:    見積内訳入力 CSV取込 参　照 CLICK

10:41
19/02/01 10:41:50⇒:    見積内訳入力 CSV取込 取　込 CLICK

10:41
19/02/01 10:41:54⇒:    商品コード複数入力 次　へ CLICK

10:41
19/02/01 10:41:55⇒:    商品コード複数入力 次　へ CLICK

10:41
19/02/01 10:41:56⇒:    商品コード複数入力 次　へ CLICK

10:42
19/02/01 10:42:00⇒:    寸法入力 次　へ CLICK

10:42
19/02/01 10:42:05⇒:    寸法入力 次　へ CLICK

10:42
19/02/01 10:42:08⇒:    寸法入力 次　へ CLICK

10:42
19/02/01 10:42:11⇒:    単価入力 見積内訳入力へ CLICK

10:42
19/02/01 10:42:13⇒:    新規見積 CLICK

10:42
19/02/01 10:42:15⇒:移動CSV：TPP5-647839-490756-123456-１２３４５６７８９０１２３４５６７８９０ｰ１２３４５６７８９０１２３４６７８９０-01211111 - コピー.CSV→C:\TOOL\発注完了\

10:42
19/02/01 10:42:15⇒:取込：TPP5-647839-490756-123456-１２３４５６７８９０１２３４５６７８９０ｰ１２３４５６７８９０１２３４６７８９０-01211111.CSV

10:42
19/02/01 10:42:15⇒:    事業所：TPP5

10:42
19/02/01 10:42:15⇒:    得意先：647839

10:42
19/02/01 10:42:15⇒:    下店：490756

10:42
19/02/01 10:42:15⇒:    備考：１２３４５６７８９０１２３４５６７８９０ｰ１２３４５６７８９０１２３４６７８９０

10:42
19/02/01 10:42:15⇒:    現場名：123456

10:42
19/02/01 10:42:16⇒:    納材店なしで内訳入力へ CLICK

10:42
19/02/01 10:42:18⇒:    見積内訳入力 CSV取込 CLICK

10:42
19/02/01 10:42:19⇒:    見積内訳入力 CSV取込 参　照 CLICK

10:42
19/02/01 10:42:23⇒:    見積内訳入力 CSV取込 取　込 CLICK

10:42
19/02/01 10:42:26⇒:    商品コード複数入力 次　へ CLICK

10:42
19/02/01 10:42:28⇒:    商品コード複数入力 次　へ CLICK

10:42
19/02/01 10:42:29⇒:    商品コード複数入力 次　へ CLICK

10:42
19/02/01 10:42:32⇒:    寸法入力 次　へ CLICK

10:42
19/02/01 10:42:37⇒:    寸法入力 次　へ CLICK

10:42
19/02/01 10:42:40⇒:    寸法入力 次　へ CLICK

10:42
19/02/01 10:42:43⇒:    単価入力 見積内訳入力へ CLICK

10:42
19/02/01 10:42:45⇒:    新規見積 CLICK

10:42
19/02/01 10:42:47⇒:移動CSV：TPP5-647839-490756-123456-１２３４５６７８９０１２３４５６７８９０ｰ１２３４５６７８９０１２３４６７８９０-01211111.CSV→C:\TOOL\発注完了\

