11:10
19/02/01 11:10:32⇒:OnSiteパスワード入力

11:10
19/02/01 11:10:33⇒:業務別総合メニュー

11:10
19/02/01 11:10:35⇒:物販明細

11:10
19/02/01 11:10:36⇒:新規見積

11:10
19/02/01 11:10:47⇒:取込：TPP5-647839-490756-123456-１２３４５６７８９０１２３４５６７８９０ｰ１２３４５６７８９０１２３４６７８９０-01211111 - コピー.CSV

11:10
19/02/01 11:10:48⇒:    事業所：TPP5

11:10
19/02/01 11:10:48⇒:    得意先：647839

11:10
19/02/01 11:10:48⇒:    下店：490756

11:10
19/02/01 11:10:48⇒:    備考：１２３４５６７８９０１２３４５６７８９０ｰ１２３４５６７８９０１２３４６７８９０

11:10
19/02/01 11:10:48⇒:    現場名：123456

11:10
19/02/01 11:10:49⇒:    納材店なしで内訳入力へ CLICK

11:10
19/02/01 11:10:53⇒:    見積内訳入力 CSV取込 CLICK

11:10
19/02/01 11:10:55⇒:    見積内訳入力 CSV取込 参　照 CLICK

11:10
19/02/01 11:10:59⇒:    見積内訳入力 CSV取込 取　込 CLICK

11:11
19/02/01 11:11:02⇒:    商品コード複数入力 次　へ CLICK

11:11
19/02/01 11:11:04⇒:    商品コード複数入力 次　へ CLICK

11:11
19/02/01 11:11:05⇒:    商品コード複数入力 次　へ CLICK

11:11
19/02/01 11:11:09⇒:    寸法入力 次　へ CLICK

11:11
19/02/01 11:11:14⇒:    寸法入力 次　へ CLICK

11:11
19/02/01 11:11:18⇒:    寸法入力 次　へ CLICK

11:11
19/02/01 11:11:21⇒:    単価入力 見積内訳入力へ CLICK

11:11
19/02/01 11:11:23⇒:    新規見積 CLICK

11:11
19/02/01 11:11:24⇒:移動CSV：TPP5-647839-490756-123456-１２３４５６７８９０１２３４５６７８９０ｰ１２３４５６７８９０１２３４６７８９０-01211111 - コピー.CSV→C:\TOOL\発注完了\

11:11
19/02/01 11:11:24⇒:取込：TPP5-647839-490756-123456-１２３４５６７８９０１２３４５６７８９０ｰ１２３４５６７８９０１２３４６７８９０-01211111.CSV

11:11
19/02/01 11:11:25⇒:    事業所：TPP5

11:11
19/02/01 11:11:25⇒:    得意先：647839

11:11
19/02/01 11:11:25⇒:    下店：490756

11:11
19/02/01 11:11:25⇒:    備考：１２３４５６７８９０１２３４５６７８９０ｰ１２３４５６７８９０１２３４６７８９０

11:11
19/02/01 11:11:25⇒:    現場名：123456

11:11
19/02/01 11:11:26⇒:    納材店なしで内訳入力へ CLICK

11:11
19/02/01 11:11:28⇒:    見積内訳入力 CSV取込 CLICK

11:11
19/02/01 11:11:29⇒:    見積内訳入力 CSV取込 参　照 CLICK

11:11
19/02/01 11:11:33⇒:    見積内訳入力 CSV取込 取　込 CLICK

11:11
19/02/01 11:11:38⇒:    商品コード複数入力 次　へ CLICK

11:11
19/02/01 11:11:39⇒:    商品コード複数入力 次　へ CLICK

11:11
19/02/01 11:11:41⇒:    商品コード複数入力 次　へ CLICK

11:11
19/02/01 11:11:44⇒:    寸法入力 次　へ CLICK

11:11
19/02/01 11:11:48⇒:    寸法入力 次　へ CLICK

11:11
19/02/01 11:11:52⇒:    寸法入力 次　へ CLICK

11:11
19/02/01 11:11:55⇒:    単価入力 見積内訳入力へ CLICK

11:11
19/02/01 11:11:57⇒:    新規見積 CLICK

11:11
19/02/01 11:11:58⇒:移動CSV：TPP5-647839-490756-123456-１２３４５６７８９０１２３４５６７８９０ｰ１２３４５６７８９０１２３４６７８９０-01211111.CSV→C:\TOOL\発注完了\

