12:13
19/02/01 12:13:43⇒:OnSiteパスワード入力

12:13
19/02/01 12:13:44⇒:業務別総合メニュー

12:13
19/02/01 12:13:45⇒:物販明細

12:13
19/02/01 12:13:46⇒:新規見積

12:13
19/02/01 12:13:49⇒:取込：TPP5-647839-490756-123456-１２３４５６７８９０１２３４５６７８９０ｰ１２３４５６７８９０１２３４６７８９０-01211111 - コピー.CSV

12:13
19/02/01 12:13:54⇒:    事業所：TPP5

12:13
19/02/01 12:13:54⇒:    得意先：647839

12:13
19/02/01 12:13:54⇒:    下店：490756

12:13
19/02/01 12:13:54⇒:    備考：１２３４５６７８９０１２３４５６７８９０ｰ１２３４５６７８９０１２３４６７８９０

12:13
19/02/01 12:13:54⇒:    現場名：123456

12:13
19/02/01 12:13:54⇒:    納材店なしで内訳入力へ CLICK

12:13
19/02/01 12:13:59⇒:    見積内訳入力 CSV取込 CLICK

12:14
19/02/01 12:14:01⇒:    見積内訳入力 CSV取込 参　照 CLICK

12:14
19/02/01 12:14:04⇒:    見積内訳入力 CSV取込 取　込 CLICK

12:14
19/02/01 12:14:08⇒:    商品コード複数入力 次　へ CLICK

12:14
19/02/01 12:14:10⇒:    商品コード複数入力 次　へ CLICK

12:14
19/02/01 12:14:11⇒:    商品コード複数入力 次　へ CLICK

12:14
19/02/01 12:14:15⇒:    寸法入力 次　へ CLICK

12:14
19/02/01 12:14:19⇒:    寸法入力 次　へ CLICK

12:14
19/02/01 12:14:24⇒:    寸法入力 次　へ CLICK

12:14
19/02/01 12:14:27⇒:    単価入力 見積内訳入力へ CLICK

12:14
19/02/01 12:14:29⇒:    新規見積 CLICK

12:14
19/02/01 12:14:31⇒:移動CSV：TPP5-647839-490756-123456-１２３４５６７８９０１２３４５６７８９０ｰ１２３４５６７８９０１２３４６７８９０-01211111 - コピー.CSV→C:\TOOL\発注完了\

12:14
19/02/01 12:14:31⇒:取込：TPP5-647839-490756-123456-１２３４５６７８９０１２３４５６７８９０ｰ１２３４５６７８９０１２３４６７８９０-01211111.CSV

12:14
19/02/01 12:14:31⇒:    事業所：TPP5

12:14
19/02/01 12:14:31⇒:    得意先：647839

12:14
19/02/01 12:14:31⇒:    下店：490756

12:14
19/02/01 12:14:31⇒:    備考：１２３４５６７８９０１２３４５６７８９０ｰ１２３４５６７８９０１２３４６７８９０

12:14
19/02/01 12:14:31⇒:    現場名：123456

12:14
19/02/01 12:14:32⇒:    納材店なしで内訳入力へ CLICK

12:14
19/02/01 12:14:34⇒:    見積内訳入力 CSV取込 CLICK

12:14
19/02/01 12:14:36⇒:    見積内訳入力 CSV取込 参　照 CLICK

12:14
19/02/01 12:14:37⇒:    事業所：TPP5

12:14
19/02/01 12:14:37⇒:    得意先：647839

12:14
19/02/01 12:14:37⇒:    下店：490756

12:14
19/02/01 12:14:37⇒:    備考：１２３４５６７８９０１２３４５６７８９０ｰ１２３４５６７８９０１２３４６７８９０

12:14
19/02/01 12:14:37⇒:    現場名：123456

