9:34
19/02/02 09:34:33⇒:OnSiteパスワード入力

9:34
19/02/02 09:34:34⇒:業務別総合メニュー

9:34
19/02/02 09:34:35⇒:物販明細

9:34
19/02/02 09:34:36⇒:新規見積

9:35
19/02/02 09:35:00⇒:取込：TPP5-647839-490756-123456-１２３４５６７８９０１２３４５６７８９０ｰ１２３４５６７８９０１２３４６７８９０-01211111 - 2.CSV

9:35
19/02/02 09:35:01⇒:    事業所：TPP5

9:35
19/02/02 09:35:01⇒:    得意先：647839

9:35
19/02/02 09:35:01⇒:    下店：490756

9:35
19/02/02 09:35:01⇒:    備考：１２３４５６７８９０１２３４５６７８９０ｰ１２３４５６７８９０１２３４６７８９０

9:35
19/02/02 09:35:01⇒:    現場名：123456

9:35
19/02/02 09:35:01⇒:    納材店なしで内訳入力へ CLICK

9:35
19/02/02 09:35:06⇒:    見積内訳入力 CSV取込 CLICK

9:35
19/02/02 09:35:07⇒:    見積内訳入力 CSV取込 参　照 CLICK

9:35
19/02/02 09:35:11⇒:    見積内訳入力 CSV取込 取　込 CLICK

9:35
19/02/02 09:35:14⇒:    商品コード複数入力 次　へ CLICK

9:35
19/02/02 09:35:16⇒:    商品コード複数入力 次　へ CLICK

9:35
19/02/02 09:35:17⇒:    商品コード複数入力 次　へ CLICK

9:35
19/02/02 09:35:20⇒:    寸法入力 次　へ CLICK

9:35
19/02/02 09:35:24⇒:    寸法入力 次　へ CLICK

9:35
19/02/02 09:35:28⇒:    寸法入力 次　へ CLICK

9:35
19/02/02 09:35:30⇒:    単価入力 見積内訳入力へ CLICK

9:35
19/02/02 09:35:32⇒:    新規見積 CLICK

9:35
19/02/02 09:35:33⇒:移動CSV：TPP5-647839-490756-123456-１２３４５６７８９０１２３４５６７８９０ｰ１２３４５６７８９０１２３４６７８９０-01211111 - 2.CSV→C:\TOOL\発注完了\

