10:31
19/02/02 10:31:11⇒:OnSiteパスワード入力

10:31
19/02/02 10:31:12⇒:業務別総合メニュー

10:31
19/02/02 10:31:13⇒:物販明細

10:31
19/02/02 10:31:14⇒:新規見積

10:31
19/02/02 10:31:20⇒:取込：TPP5-647839-490756-123456-１２３４５６７８９０１２３４５６７８９０ｰ１２３４５６７８９０１２３４６７８９０-01211111 - 0.CSV

10:31
19/02/02 10:31:21⇒:    事業所：TPP5

10:31
19/02/02 10:31:21⇒:    得意先：647839

10:31
19/02/02 10:31:21⇒:    下店：490756

10:31
19/02/02 10:31:21⇒:    備考：１２３４５６７８９０１２３４５６７８９０ｰ１２３４５６７８９０１２３４６７８９０

10:31
19/02/02 10:31:21⇒:    現場名：123456

10:31
19/02/02 10:31:21⇒:    納材店なしで内訳入力へ CLICK

10:31
19/02/02 10:31:23⇒:    見積内訳入力 CSV取込 CLICK

10:31
19/02/02 10:31:25⇒:    見積内訳入力 CSV取込 参　照 CLICK

