17:52
19/01/31 17:52:52⇒:OnSiteパスワード入力

17:52
19/01/31 17:52:53⇒:業務別総合メニュー

17:52
19/01/31 17:52:54⇒:物販明細

17:52
19/01/31 17:52:55⇒:新規見積

17:53
19/01/31 17:53:02⇒:取込：TPP5-647839-490756-123456-１２３４５６７８９０１２３４５６７８９０ｰ１２３４５６７８９０１２３４６７８９０-01211111 - コピー.CSV

17:53
19/01/31 17:53:03⇒:    事業所：TPP5

17:53
19/01/31 17:53:03⇒:    得意先：647839

17:53
19/01/31 17:53:03⇒:    下店：490756

17:53
19/01/31 17:53:03⇒:    備考：１２３４５６７８９０１２３４５６７８９０ｰ１２３４５６７８９０１２３４６７８９０

17:53
19/01/31 17:53:03⇒:    現場名：123456

17:53
19/01/31 17:53:03⇒:    納材店なしで内訳入力へ CLICK

17:53
19/01/31 17:53:05⇒:    見積内訳入力 CSV取込 CLICK

17:53
19/01/31 17:53:06⇒:    見積内訳入力 CSV取込 参　照 CLICK

17:53
19/01/31 17:53:07⇒:    事業所：TPP5

17:53
19/01/31 17:53:07⇒:    得意先：647839

17:53
19/01/31 17:53:07⇒:    下店：490756

17:53
19/01/31 17:53:07⇒:    備考：１２３４５６７８９０１２３４５６７８９０ｰ１２３４５６７８９０１２３４６７８９０

17:53
19/01/31 17:53:07⇒:    現場名：123456

