17:22
19/01/31 17:22:38⇒:OnSiteパスワード入力

17:22
19/01/31 17:22:40⇒:業務別総合メニュー

17:22
19/01/31 17:22:42⇒:物販明細

17:22
19/01/31 17:22:43⇒:新規見積

17:22
19/01/31 17:22:47⇒:取込：TPP5-647839-490756-123456-１２３４５６７８９０１２３４５６７８９０ｰ１２３４５６７８９０１２３４６７８９０-01211111 - コピー.CSV

17:22
19/01/31 17:22:52⇒:    事業所：TPP5

17:22
19/01/31 17:22:52⇒:    得意先：647839

17:22
19/01/31 17:22:52⇒:    下店：490756

17:22
19/01/31 17:22:52⇒:    備考：１２３４５６７８９０１２３４５６７８９０ｰ１２３４５６７８９０１２３４６７８９０

17:22
19/01/31 17:22:52⇒:    現場名：123456

17:22
19/01/31 17:22:54⇒:    納材店なしで内訳入力へ CLICK

17:23
19/01/31 17:23:01⇒:    見積内訳入力 CSV取込 CLICK

17:23
19/01/31 17:23:02⇒:    見積内訳入力 CSV取込 参　照 CLICK

17:23
19/01/31 17:23:03⇒:    事業所：TPP5

17:23
19/01/31 17:23:03⇒:    得意先：647839

17:23
19/01/31 17:23:03⇒:    下店：490756

17:23
19/01/31 17:23:03⇒:    備考：１２３４５６７８９０１２３４５６７８９０ｰ１２３４５６７８９０１２３４６７８９０

17:23
19/01/31 17:23:03⇒:    現場名：123456

