11:57
19/02/01 11:57:16⇒:OnSiteパスワード入力

11:57
19/02/01 11:57:18⇒:業務別総合メニュー

11:57
19/02/01 11:57:19⇒:物販明細

11:57
19/02/01 11:57:21⇒:新規見積

11:57
19/02/01 11:57:28⇒:取込：TPP5-647839-490756-123456-１２３４５６７８９０１２３４５６７８９０ｰ１２３４５６７８９０１２３４６７８９０-01211111 - コピー.CSV

11:57
19/02/01 11:57:29⇒:    事業所：TPP5

11:57
19/02/01 11:57:29⇒:    得意先：647839

11:57
19/02/01 11:57:29⇒:    下店：490756

11:57
19/02/01 11:57:29⇒:    備考：１２３４５６７８９０１２３４５６７８９０ｰ１２３４５６７８９０１２３４６７８９０

11:57
19/02/01 11:57:29⇒:    現場名：123456

11:57
19/02/01 11:57:30⇒:    納材店なしで内訳入力へ CLICK

11:57
19/02/01 11:57:35⇒:    見積内訳入力 CSV取込 CLICK

11:57
19/02/01 11:57:37⇒:    見積内訳入力 CSV取込 参　照 CLICK

11:57
19/02/01 11:57:40⇒:    見積内訳入力 CSV取込 取　込 CLICK

11:57
19/02/01 11:57:44⇒:    商品コード複数入力 次　へ CLICK

11:57
19/02/01 11:57:45⇒:    商品コード複数入力 次　へ CLICK

11:57
19/02/01 11:57:46⇒:    商品コード複数入力 次　へ CLICK

11:57
19/02/01 11:57:49⇒:    寸法入力 次　へ CLICK

11:57
19/02/01 11:57:58⇒:    寸法入力 次　へ CLICK

11:58
19/02/01 11:58:02⇒:    寸法入力 次　へ CLICK

11:58
19/02/01 11:58:05⇒:    単価入力 見積内訳入力へ CLICK

11:58
19/02/01 11:58:08⇒:    新規見積 CLICK

11:58
19/02/01 11:58:09⇒:移動CSV：TPP5-647839-490756-123456-１２３４５６７８９０１２３４５６７８９０ｰ１２３４５６７８９０１２３４６７８９０-01211111 - コピー.CSV→C:\TOOL\発注完了\

11:58
19/02/01 11:58:09⇒:取込：TPP5-647839-490756-123456-１２３４５６７８９０１２３４５６７８９０ｰ１２３４５６７８９０１２３４６７８９０-01211111.CSV

11:58
19/02/01 11:58:10⇒:    事業所：TPP5

11:58
19/02/01 11:58:10⇒:    得意先：647839

11:58
19/02/01 11:58:10⇒:    下店：490756

11:58
19/02/01 11:58:10⇒:    備考：１２３４５６７８９０１２３４５６７８９０ｰ１２３４５６７８９０１２３４６７８９０

11:58
19/02/01 11:58:10⇒:    現場名：123456

11:58
19/02/01 11:58:10⇒:    納材店なしで内訳入力へ CLICK

11:58
19/02/01 11:58:12⇒:    見積内訳入力 CSV取込 CLICK

11:58
19/02/01 11:58:14⇒:    見積内訳入力 CSV取込 参　照 CLICK

11:58
19/02/01 11:58:18⇒:    見積内訳入力 CSV取込 取　込 CLICK

11:58
19/02/01 11:58:21⇒:    商品コード複数入力 次　へ CLICK

11:58
19/02/01 11:58:23⇒:    商品コード複数入力 次　へ CLICK

11:58
19/02/01 11:58:23⇒:    商品コード複数入力 次　へ CLICK

11:58
19/02/01 11:58:27⇒:    寸法入力 次　へ CLICK

11:58
19/02/01 11:58:31⇒:    寸法入力 次　へ CLICK

11:58
19/02/01 11:58:35⇒:    寸法入力 次　へ CLICK

11:58
19/02/01 11:58:38⇒:    単価入力 見積内訳入力へ CLICK

11:58
19/02/01 11:58:40⇒:    新規見積 CLICK

11:58
19/02/01 11:58:42⇒:移動CSV：TPP5-647839-490756-123456-１２３４５６７８９０１２３４５６７８９０ｰ１２３４５６７８９０１２３４６７８９０-01211111.CSV→C:\TOOL\発注完了\

