11:19
19/02/01 11:19:05⇒:OnSiteパスワード入力

11:19
19/02/01 11:19:06⇒:業務別総合メニュー

11:19
19/02/01 11:19:09⇒:物販明細

11:19
19/02/01 11:19:09⇒:新規見積

11:19
19/02/01 11:19:15⇒:取込：TPP5-647839-490756-123456-１２３４５６７８９０１２３４５６７８９０ｰ１２３４５６７８９０１２３４６７８９０-01211111 - コピー.CSV

11:19
19/02/01 11:19:16⇒:    事業所：TPP5

11:19
19/02/01 11:19:16⇒:    得意先：647839

11:19
19/02/01 11:19:16⇒:    下店：490756

11:19
19/02/01 11:19:16⇒:    備考：１２３４５６７８９０１２３４５６７８９０ｰ１２３４５６７８９０１２３４６７８９０

11:19
19/02/01 11:19:16⇒:    現場名：123456

11:19
19/02/01 11:19:17⇒:    納材店なしで内訳入力へ CLICK

11:19
19/02/01 11:19:20⇒:    見積内訳入力 CSV取込 CLICK

11:19
19/02/01 11:19:22⇒:    見積内訳入力 CSV取込 参　照 CLICK

11:19
19/02/01 11:19:26⇒:    見積内訳入力 CSV取込 取　込 CLICK

11:19
19/02/01 11:19:29⇒:    商品コード複数入力 次　へ CLICK

11:19
19/02/01 11:19:31⇒:    商品コード複数入力 次　へ CLICK

11:19
19/02/01 11:19:31⇒:    商品コード複数入力 次　へ CLICK

11:19
19/02/01 11:19:34⇒:    寸法入力 次　へ CLICK

11:19
19/02/01 11:19:39⇒:    寸法入力 次　へ CLICK

11:19
19/02/01 11:19:44⇒:    寸法入力 次　へ CLICK

11:19
19/02/01 11:19:47⇒:    単価入力 見積内訳入力へ CLICK

11:19
19/02/01 11:19:49⇒:    新規見積 CLICK

11:19
19/02/01 11:19:50⇒:移動CSV：TPP5-647839-490756-123456-１２３４５６７８９０１２３４５６７８９０ｰ１２３４５６７８９０１２３４６７８９０-01211111 - コピー.CSV→C:\TOOL\発注完了\

11:19
19/02/01 11:19:50⇒:取込：TPP5-647839-490756-123456-１２３４５６７８９０１２３４５６７８９０ｰ１２３４５６７８９０１２３４６７８９０-01211111.CSV

11:19
19/02/01 11:19:51⇒:    事業所：TPP5

11:19
19/02/01 11:19:51⇒:    得意先：647839

11:19
19/02/01 11:19:51⇒:    下店：490756

11:19
19/02/01 11:19:51⇒:    備考：１２３４５６７８９０１２３４５６７８９０ｰ１２３４５６７８９０１２３４６７８９０

11:19
19/02/01 11:19:51⇒:    現場名：123456

11:19
19/02/01 11:19:51⇒:    納材店なしで内訳入力へ CLICK

11:19
19/02/01 11:19:53⇒:    見積内訳入力 CSV取込 CLICK

11:19
19/02/01 11:19:55⇒:    見積内訳入力 CSV取込 参　照 CLICK

11:19
19/02/01 11:19:58⇒:    見積内訳入力 CSV取込 取　込 CLICK

11:20
19/02/01 11:20:03⇒:    商品コード複数入力 次　へ CLICK

11:20
19/02/01 11:20:04⇒:    商品コード複数入力 次　へ CLICK

11:20
19/02/01 11:20:05⇒:    商品コード複数入力 次　へ CLICK

11:20
19/02/01 11:20:08⇒:    寸法入力 次　へ CLICK

11:20
19/02/01 11:20:12⇒:    寸法入力 次　へ CLICK

11:20
19/02/01 11:20:16⇒:    寸法入力 次　へ CLICK

11:20
19/02/01 11:20:18⇒:    単価入力 見積内訳入力へ CLICK

11:20
19/02/01 11:20:20⇒:    新規見積 CLICK

11:20
19/02/01 11:20:22⇒:移動CSV：TPP5-647839-490756-123456-１２３４５６７８９０１２３４５６７８９０ｰ１２３４５６７８９０１２３４６７８９０-01211111.CSV→C:\TOOL\発注完了\

