13:46
19/02/01 13:46:49⇒:OnSiteパスワード入力

13:46
19/02/01 13:46:50⇒:業務別総合メニュー

13:46
19/02/01 13:46:51⇒:物販明細

13:46
19/02/01 13:46:52⇒:取込：TPP5-647839-490756-123456-１７の１２の３４５-20190401001 - コピー.csv

13:46
19/02/01 13:46:52⇒:見積検索

13:46
19/02/01 13:46:52⇒:見積検索 POPUP

13:46
19/02/01 13:46:55⇒:事業所検索 POPUP

13:47
19/02/01 13:47:44⇒:移動CSV：TPP5-647839-490756-123456-１７の１２の３４５-20190401001 - コピー.csv→C:\TOOL\納期指定完了\

13:47
19/02/01 13:47:45⇒:取込：TPP5-647839-490756-123456-１７の１２の３４５-20190401001.csv

13:47
19/02/01 13:47:45⇒:見積検索

13:47
19/02/01 13:47:45⇒:見積検索 POPUP

13:47
19/02/01 13:47:48⇒:事業所検索 POPUP

