11:44
19/02/01 11:44:46⇒:OnSiteパスワード入力

11:44
19/02/01 11:44:48⇒:業務別総合メニュー

11:44
19/02/01 11:44:49⇒:物販明細

11:44
19/02/01 11:44:51⇒:取込：TPP5-647839-490756-123456-１７の１２の３４５-20190401001 - コピー.csv

11:44
19/02/01 11:44:51⇒:見積検索

11:44
19/02/01 11:44:51⇒:見積検索 POPUP

11:44
19/02/01 11:44:54⇒:事業所検索 POPUP

11:45
19/02/01 11:45:37⇒:移動CSV：TPP5-647839-490756-123456-１７の１２の３４５-20190401001 - コピー.csv→C:\TOOL\納期指定完了\

11:45
19/02/01 11:45:38⇒:取込：TPP5-647839-490756-123456-１７の１２の３４５-20190401001.csv

11:45
19/02/01 11:45:38⇒:見積検索

11:45
19/02/01 11:45:38⇒:見積検索 POPUP

11:45
19/02/01 11:45:42⇒:事業所検索 POPUP

11:46
19/02/01 11:46:21⇒:移動CSV：TPP5-647839-490756-123456-１７の１２の３４５-20190401001.csv→C:\TOOL\納期指定完了\

