10:26
19/02/01 10:26:12⇒:OnSiteパスワード入力

10:26
19/02/01 10:26:13⇒:業務別総合メニュー

10:26
19/02/01 10:26:14⇒:物販明細

10:26
19/02/01 10:26:16⇒:取込：TPP5-647839-490756-123456-１７の１２の３４５-20190401001 - コピー.csv

10:26
19/02/01 10:26:16⇒:見積検索

10:26
19/02/01 10:26:16⇒:見積検索 POPUP

10:26
19/02/01 10:26:19⇒:事業所検索 POPUP

10:26
19/02/01 10:26:46⇒:移動CSV：TPP5-647839-490756-123456-１７の１２の３４５-20190401001 - コピー.csv→C:\TOOL\納期指定完了\

10:26
19/02/01 10:26:48⇒:取込：TPP5-647839-490756-123456-１７の１２の３４５-20190401001.csv

10:26
19/02/01 10:26:48⇒:見積検索

10:26
19/02/01 10:26:48⇒:見積検索 POPUP

10:26
19/02/01 10:26:50⇒:事業所検索 POPUP

10:27
19/02/01 10:27:21⇒:移動CSV：TPP5-647839-490756-123456-１７の１２の３４５-20190401001.csv→C:\TOOL\納期指定完了\

