10:55
19/02/01 10:55:17⇒:OnSiteパスワード入力

10:55
19/02/01 10:55:18⇒:業務別総合メニュー

10:55
19/02/01 10:55:19⇒:物販明細

10:55
19/02/01 10:55:22⇒:取込：TPP5-647839-490756-123456-１７の１２の３４５-20190401001 - コピー.csv

10:55
19/02/01 10:55:22⇒:見積検索

10:55
19/02/01 10:55:22⇒:見積検索 POPUP

10:55
19/02/01 10:55:25⇒:事業所検索 POPUP

10:56
19/02/01 10:56:23⇒:移動CSV：TPP5-647839-490756-123456-１７の１２の３４５-20190401001 - コピー.csv→C:\TOOL\納期指定完了\

10:56
19/02/01 10:56:24⇒:取込：TPP5-647839-490756-123456-１７の１２の３４５-20190401001.csv

10:56
19/02/01 10:56:24⇒:見積検索

10:56
19/02/01 10:56:24⇒:見積検索 POPUP

10:56
19/02/01 10:56:27⇒:事業所検索 POPUP

