11:14
19/02/01 11:14:39⇒:OnSiteパスワード入力

11:14
19/02/01 11:14:40⇒:業務別総合メニュー

11:14
19/02/01 11:14:41⇒:物販明細

11:14
19/02/01 11:14:42⇒:取込：TPP5-647839-490756-123456-１７の１２の３４５-20190401001 - コピー.csv

11:14
19/02/01 11:14:42⇒:見積検索

11:14
19/02/01 11:14:42⇒:見積検索 POPUP

11:14
19/02/01 11:14:45⇒:事業所検索 POPUP

11:15
19/02/01 11:15:26⇒:移動CSV：TPP5-647839-490756-123456-１７の１２の３４５-20190401001 - コピー.csv→C:\TOOL\納期指定完了\

11:15
19/02/01 11:15:27⇒:取込：TPP5-647839-490756-123456-１７の１２の３４５-20190401001.csv

11:15
19/02/01 11:15:27⇒:見積検索

11:15
19/02/01 11:15:27⇒:見積検索 POPUP

11:15
19/02/01 11:15:30⇒:事業所検索 POPUP

11:16
19/02/01 11:16:02⇒:移動CSV：TPP5-647839-490756-123456-１７の１２の３４５-20190401001.csv→C:\TOOL\納期指定完了\

