10:15
19/02/01 10:15:48⇒:OnSiteパスワード入力

10:15
19/02/01 10:15:51⇒:業務別総合メニュー

10:15
19/02/01 10:15:53⇒:物販明細

10:15
19/02/01 10:15:56⇒:取込：TPP5-647839-490756-123456-１７の１２の３４５-20190401001 - コピー.csv

10:15
19/02/01 10:15:56⇒:見積検索

10:15
19/02/01 10:15:56⇒:見積検索 POPUP

10:16
19/02/01 10:16:04⇒:事業所検索 POPUP

10:16
19/02/01 10:16:39⇒:移動CSV：TPP5-647839-490756-123456-１７の１２の３４５-20190401001 - コピー.csv→C:\TOOL\納期指定完了\

10:16
19/02/01 10:16:41⇒:取込：TPP5-647839-490756-123456-１７の１２の３４５-20190401001.csv

10:16
19/02/01 10:16:41⇒:見積検索

10:16
19/02/01 10:16:41⇒:見積検索 POPUP

10:16
19/02/01 10:16:43⇒:事業所検索 POPUP

10:17
19/02/01 10:17:06⇒:移動CSV：TPP5-647839-490756-123456-１７の１２の３４５-20190401001.csv→C:\TOOL\納期指定完了\

