10:33
19/02/01 10:33:22⇒:OnSiteパスワード入力

10:33
19/02/01 10:33:23⇒:業務別総合メニュー

10:33
19/02/01 10:33:24⇒:物販明細

10:33
19/02/01 10:33:26⇒:取込：TPP5-647839-490756-123456-１７の１２の３４５-20190401001 - コピー.csv

10:33
19/02/01 10:33:26⇒:見積検索

10:33
19/02/01 10:33:27⇒:見積検索 POPUP

10:33
19/02/01 10:33:30⇒:事業所検索 POPUP

10:34
19/02/01 10:34:43⇒:移動CSV：TPP5-647839-490756-123456-１７の１２の３４５-20190401001 - コピー.csv→C:\TOOL\納期指定完了\

10:34
19/02/01 10:34:44⇒:取込：TPP5-647839-490756-123456-１７の１２の３４５-20190401001.csv

10:34
19/02/01 10:34:44⇒:見積検索

10:34
19/02/01 10:34:44⇒:見積検索 POPUP

10:34
19/02/01 10:34:47⇒:事業所検索 POPUP

10:35
19/02/01 10:35:26⇒:移動CSV：TPP5-647839-490756-123456-１７の１２の３４５-20190401001.csv→C:\TOOL\納期指定完了\

