11:26
19/02/01 11:26:39⇒:OnSiteパスワード入力

11:26
19/02/01 11:26:40⇒:業務別総合メニュー

11:26
19/02/01 11:26:40⇒:物販明細

11:26
19/02/01 11:26:42⇒:取込：TPP5-647839-490756-123456-１７の１２の３４５-20190401001 - コピー.csv

11:26
19/02/01 11:26:42⇒:見積検索

11:26
19/02/01 11:26:42⇒:見積検索 POPUP

11:26
19/02/01 11:26:45⇒:事業所検索 POPUP

11:27
19/02/01 11:27:25⇒:移動CSV：TPP5-647839-490756-123456-１７の１２の３４５-20190401001 - コピー.csv→C:\TOOL\納期指定完了\

11:27
19/02/01 11:27:26⇒:取込：TPP5-647839-490756-123456-１７の１２の３４５-20190401001.csv

11:27
19/02/01 11:27:26⇒:見積検索

11:27
19/02/01 11:27:26⇒:見積検索 POPUP

11:27
19/02/01 11:27:30⇒:事業所検索 POPUP

11:28
19/02/01 11:28:41⇒:移動CSV：TPP5-647839-490756-123456-１７の１２の３４５-20190401001.csv→C:\TOOL\納期指定完了\

