15:32
19/02/01 15:32:36⇒:OnSiteパスワード入力

15:32
19/02/01 15:32:36⇒:業務別総合メニュー

15:32
19/02/01 15:32:37⇒:物販明細

15:32
19/02/01 15:32:38⇒:取込：TPP5-647839-490756-123456-１７の１２の３４５-20190401001 - コピー.csv

15:32
19/02/01 15:32:38⇒:見積検索

15:32
19/02/01 15:32:38⇒:見積検索 POPUP

15:32
19/02/01 15:32:42⇒:事業所検索 POPUP

15:33
19/02/01 15:33:35⇒:移動CSV：TPP5-647839-490756-123456-１７の１２の３４５-20190401001 - コピー.csv→C:\TOOL\納期指定完了\

15:33
19/02/01 15:33:44⇒:取込：TPP5-647839-490756-123456-１７の１２の３４５-20190401001.csv

15:33
19/02/01 15:33:44⇒:見積検索

15:33
19/02/01 15:33:44⇒:見積検索 POPUP

15:33
19/02/01 15:33:47⇒:事業所検索 POPUP

