15:38
19/02/01 15:38:27⇒:OnSiteパスワード入力

15:38
19/02/01 15:38:28⇒:業務別総合メニュー

15:38
19/02/01 15:38:29⇒:物販明細

15:38
19/02/01 15:38:30⇒:取込：TPP5-647839-490756-123456-１７の１２の３４５-20190401001 - コピー.csv

15:38
19/02/01 15:38:30⇒:見積検索

15:38
19/02/01 15:38:30⇒:見積検索 POPUP

15:38
19/02/01 15:38:34⇒:事業所検索 POPUP

15:39
19/02/01 15:39:01⇒:移動CSV：TPP5-647839-490756-123456-１７の１２の３４５-20190401001 - コピー.csv→C:\TOOL\納期指定完了\

15:39
19/02/01 15:39:22⇒:取込：TPP5-647839-490756-123456-１７の１２の３４５-20190401001.csv

15:39
19/02/01 15:39:22⇒:見積検索

15:39
19/02/01 15:39:22⇒:見積検索 POPUP

15:39
19/02/01 15:39:24⇒:事業所検索 POPUP

15:39
19/02/01 15:39:51⇒:移動CSV：TPP5-647839-490756-123456-１７の１２の３４５-20190401001.csv→C:\TOOL\納期指定完了\

