10:42
19/02/01 10:42:47⇒:OnSiteパスワード入力

10:42
19/02/01 10:42:50⇒:業務別総合メニュー

10:42
19/02/01 10:42:51⇒:物販明細

10:42
19/02/01 10:42:53⇒:取込：TPP5-647839-490756-123456-１７の１２の３４５-20190401001 - コピー.csv

10:42
19/02/01 10:42:53⇒:見積検索

10:42
19/02/01 10:42:53⇒:見積検索 POPUP

10:42
19/02/01 10:42:56⇒:事業所検索 POPUP

10:43
19/02/01 10:43:31⇒:移動CSV：TPP5-647839-490756-123456-１７の１２の３４５-20190401001 - コピー.csv→C:\TOOL\納期指定完了\

10:43
19/02/01 10:43:32⇒:取込：TPP5-647839-490756-123456-１７の１２の３４５-20190401001.csv

10:43
19/02/01 10:43:32⇒:見積検索

10:43
19/02/01 10:43:32⇒:見積検索 POPUP

10:43
19/02/01 10:43:35⇒:事業所検索 POPUP

10:44
19/02/01 10:44:08⇒:移動CSV：TPP5-647839-490756-123456-１７の１２の３４５-20190401001.csv→C:\TOOL\納期指定完了\

