17:12
19/01/31 17:12:40⇒:OnSiteパスワード入力

17:12
19/01/31 17:12:41⇒:業務別総合メニュー

17:12
19/01/31 17:12:42⇒:物販明細

17:12
19/01/31 17:12:43⇒:取込：TPP5-647839-490756-123456-１７の１２の３４５-20190401001 - コピー.csv

17:12
19/01/31 17:12:43⇒:見積検索

17:12
19/01/31 17:12:43⇒:見積検索 POPUP

17:12
19/01/31 17:12:51⇒:事業所検索 POPUP

17:13
19/01/31 17:13:22⇒:移動CSV：TPP5-647839-490756-123456-１７の１２の３４５-20190401001 - コピー.csv→C:\TOOL\納期指定完了\

17:13
19/01/31 17:13:23⇒:取込：TPP5-647839-490756-123456-１７の１２の３４５-20190401001.csv

17:13
19/01/31 17:13:23⇒:見積検索

17:13
19/01/31 17:13:23⇒:見積検索 POPUP

17:13
19/01/31 17:13:27⇒:事業所検索 POPUP

17:13
19/01/31 17:13:51⇒:移動CSV：TPP5-647839-490756-123456-１７の１２の３４５-20190401001.csv→C:\TOOL\納期指定完了\

