11:12
19/02/01 11:12:01⇒:OnSiteパスワード入力

11:12
19/02/01 11:12:02⇒:業務別総合メニュー

11:12
19/02/01 11:12:03⇒:物販明細

11:12
19/02/01 11:12:04⇒:取込：TPP5-647839-490756-123456-１７の１２の３４５-20190401001 - コピー.csv

11:12
19/02/01 11:12:04⇒:見積検索

11:12
19/02/01 11:12:04⇒:見積検索 POPUP

11:12
19/02/01 11:12:08⇒:事業所検索 POPUP

11:13
19/02/01 11:13:10⇒:移動CSV：TPP5-647839-490756-123456-１７の１２の３４５-20190401001 - コピー.csv→C:\TOOL\納期指定完了\

11:13
19/02/01 11:13:11⇒:取込：TPP5-647839-490756-123456-１７の１２の３４５-20190401001.csv

11:13
19/02/01 11:13:11⇒:見積検索

11:13
19/02/01 11:13:11⇒:見積検索 POPUP

11:13
19/02/01 11:13:14⇒:事業所検索 POPUP

