16:9
19/01/29 16:09:01⇒:OnSiteパスワード入力

16:9
19/01/29 16:09:04⇒:業務別総合メニュー

16:9
19/01/29 16:09:05⇒:物販明細

16:9
19/01/29 16:09:07⇒:取込：TPP5-647839-490756-123456-１７の１２の３４５-20190401001 - コピー.csv

16:9
19/01/29 16:09:07⇒:見積検索

16:9
19/01/29 16:09:07⇒:見積検索 POPUP

16:9
19/01/29 16:09:16⇒:事業所検索 POPUP

16:13
19/01/29 16:13:56⇒:移動CSV：TPP5-647839-490756-123456-１７の１２の３４５-20190401001 - コピー.csv→C:\TOOL\納期指定完了\

16:13
19/01/29 16:13:58⇒:取込：TPP5-647839-490756-123456-１７の１２の３４５-20190401001.csv

16:13
19/01/29 16:13:58⇒:見積検索

16:13
19/01/29 16:13:58⇒:見積検索 POPUP

16:14
19/01/29 16:14:00⇒:事業所検索 POPUP

16:14
19/01/29 16:14:34⇒:移動CSV：TPP5-647839-490756-123456-１７の１２の３４５-20190401001.csv→C:\TOOL\納期指定完了\

