12:10
19/02/01 12:10:32⇒:OnSiteパスワード入力

12:10
19/02/01 12:10:33⇒:業務別総合メニュー

12:10
19/02/01 12:10:34⇒:物販明細

12:10
19/02/01 12:10:35⇒:取込：TPP5-647839-490756-123456-１７の１２の３４５-20190401001 - コピー.csv

12:10
19/02/01 12:10:35⇒:見積検索

12:10
19/02/01 12:10:35⇒:見積検索 POPUP

12:10
19/02/01 12:10:38⇒:事業所検索 POPUP

12:11
19/02/01 12:11:23⇒:移動CSV：TPP5-647839-490756-123456-１７の１２の３４５-20190401001 - コピー.csv→C:\TOOL\納期指定完了\

12:11
19/02/01 12:11:24⇒:取込：TPP5-647839-490756-123456-１７の１２の３４５-20190401001.csv

12:11
19/02/01 12:11:24⇒:見積検索

12:11
19/02/01 12:11:24⇒:見積検索 POPUP

12:11
19/02/01 12:11:27⇒:事業所検索 POPUP

12:12
19/02/01 12:12:07⇒:移動CSV：TPP5-647839-490756-123456-１７の１２の３４５-20190401001.csv→C:\TOOL\納期指定完了\

