10:38
19/02/01 10:38:39⇒:OnSiteパスワード入力

10:38
19/02/01 10:38:40⇒:業務別総合メニュー

10:38
19/02/01 10:38:41⇒:物販明細

10:38
19/02/01 10:38:43⇒:取込：TPP5-647839-490756-123456-１７の１２の３４５-20190401001 - コピー.csv

10:38
19/02/01 10:38:43⇒:見積検索

10:38
19/02/01 10:38:43⇒:見積検索 POPUP

10:38
19/02/01 10:38:46⇒:事業所検索 POPUP

10:39
19/02/01 10:39:23⇒:移動CSV：TPP5-647839-490756-123456-１７の１２の３４５-20190401001 - コピー.csv→C:\TOOL\納期指定完了\

10:39
19/02/01 10:39:25⇒:取込：TPP5-647839-490756-123456-１７の１２の３４５-20190401001.csv

10:39
19/02/01 10:39:25⇒:見積検索

10:39
19/02/01 10:39:25⇒:見積検索 POPUP

10:39
19/02/01 10:39:27⇒:事業所検索 POPUP

10:40
19/02/01 10:40:01⇒:移動CSV：TPP5-647839-490756-123456-１７の１２の３４５-20190401001.csv→C:\TOOL\納期指定完了\

