17:6
19/01/31 17:06:27⇒:OnSiteパスワード入力

17:6
19/01/31 17:06:28⇒:業務別総合メニュー

17:6
19/01/31 17:06:29⇒:物販明細

17:6
19/01/31 17:06:30⇒:取込：TPP5-647839-490756-123456-１７の１２の３４５-20190401001 - コピー.csv

17:6
19/01/31 17:06:30⇒:見積検索

17:6
19/01/31 17:06:30⇒:見積検索 POPUP

17:6
19/01/31 17:06:34⇒:事業所検索 POPUP

17:7
19/01/31 17:07:11⇒:移動CSV：TPP5-647839-490756-123456-１７の１２の３４５-20190401001 - コピー.csv→C:\TOOL\納期指定完了\

17:7
19/01/31 17:07:12⇒:取込：TPP5-647839-490756-123456-１７の１２の３４５-20190401001.csv

17:7
19/01/31 17:07:12⇒:見積検索

17:7
19/01/31 17:07:12⇒:見積検索 POPUP

17:7
19/01/31 17:07:16⇒:事業所検索 POPUP

17:7
19/01/31 17:07:41⇒:移動CSV：TPP5-647839-490756-123456-１７の１２の３４５-20190401001.csv→C:\TOOL\納期指定完了\

