12:9
19/02/01 12:09:08⇒:OnSiteパスワード入力

12:9
19/02/01 12:09:09⇒:業務別総合メニュー

12:9
19/02/01 12:09:10⇒:物販明細

12:9
19/02/01 12:09:11⇒:新規見積

12:9
19/02/01 12:09:17⇒:取込：TPP5-647839-490756-123456-１２３４５６７８９０１２３４５６７８９０ｰ１２３４５６７８９０１２３４６７８９０-01211111 - コピー.CSV

12:9
19/02/01 12:09:18⇒:    事業所：TPP5

12:9
19/02/01 12:09:18⇒:    得意先：647839

12:9
19/02/01 12:09:18⇒:    下店：490756

12:9
19/02/01 12:09:18⇒:    備考：１２３４５６７８９０１２３４５６７８９０ｰ１２３４５６７８９０１２３４６７８９０

12:9
19/02/01 12:09:18⇒:    現場名：123456

12:9
19/02/01 12:09:19⇒:    納材店なしで内訳入力へ CLICK

12:9
19/02/01 12:09:23⇒:    見積内訳入力 CSV取込 CLICK

12:9
19/02/01 12:09:25⇒:    見積内訳入力 CSV取込 参　照 CLICK

12:9
19/02/01 12:09:28⇒:    見積内訳入力 CSV取込 取　込 CLICK

12:9
19/02/01 12:09:32⇒:    商品コード複数入力 次　へ CLICK

12:9
19/02/01 12:09:34⇒:    商品コード複数入力 次　へ CLICK

12:9
19/02/01 12:09:35⇒:    商品コード複数入力 次　へ CLICK

12:9
19/02/01 12:09:38⇒:    寸法入力 次　へ CLICK

12:9
19/02/01 12:09:43⇒:    寸法入力 次　へ CLICK

12:9
19/02/01 12:09:48⇒:    寸法入力 次　へ CLICK

12:9
19/02/01 12:09:51⇒:    単価入力 見積内訳入力へ CLICK

12:9
19/02/01 12:09:54⇒:    新規見積 CLICK

12:9
19/02/01 12:09:55⇒:移動CSV：TPP5-647839-490756-123456-１２３４５６７８９０１２３４５６７８９０ｰ１２３４５６７８９０１２３４６７８９０-01211111 - コピー.CSV→C:\TOOL\発注完了\

12:9
19/02/01 12:09:55⇒:取込：TPP5-647839-490756-123456-１２３４５６７８９０１２３４５６７８９０ｰ１２３４５６７８９０１２３４６７８９０-01211111.CSV

12:9
19/02/01 12:09:56⇒:    事業所：TPP5

12:9
19/02/01 12:09:56⇒:    得意先：647839

12:9
19/02/01 12:09:56⇒:    下店：490756

12:9
19/02/01 12:09:56⇒:    備考：１２３４５６７８９０１２３４５６７８９０ｰ１２３４５６７８９０１２３４６７８９０

12:9
19/02/01 12:09:56⇒:    現場名：123456

12:9
19/02/01 12:09:56⇒:    納材店なしで内訳入力へ CLICK

12:10
19/02/01 12:10:00⇒:    見積内訳入力 CSV取込 CLICK

12:10
19/02/01 12:10:01⇒:    見積内訳入力 CSV取込 参　照 CLICK

12:10
19/02/01 12:10:04⇒:    見積内訳入力 CSV取込 取　込 CLICK

12:10
19/02/01 12:10:09⇒:    商品コード複数入力 次　へ CLICK

12:10
19/02/01 12:10:10⇒:    商品コード複数入力 次　へ CLICK

12:10
19/02/01 12:10:11⇒:    商品コード複数入力 次　へ CLICK

12:10
19/02/01 12:10:15⇒:    寸法入力 次　へ CLICK

12:10
19/02/01 12:10:19⇒:    寸法入力 次　へ CLICK

12:10
19/02/01 12:10:24⇒:    寸法入力 次　へ CLICK

12:10
19/02/01 12:10:26⇒:    単価入力 見積内訳入力へ CLICK

12:10
19/02/01 12:10:29⇒:    新規見積 CLICK

12:10
19/02/01 12:10:30⇒:移動CSV：TPP5-647839-490756-123456-１２３４５６７８９０１２３４５６７８９０ｰ１２３４５６７８９０１２３４６７８９０-01211111.CSV→C:\TOOL\発注完了\

