11:25
19/02/01 11:25:16⇒:OnSiteパスワード入力

11:25
19/02/01 11:25:18⇒:業務別総合メニュー

11:25
19/02/01 11:25:20⇒:物販明細

11:25
19/02/01 11:25:20⇒:新規見積

11:25
19/02/01 11:25:27⇒:取込：TPP5-647839-490756-123456-１２３４５６７８９０１２３４５６７８９０ｰ１２３４５６７８９０１２３４６７８９０-01211111 - コピー.CSV

11:25
19/02/01 11:25:27⇒:    事業所：TPP5

11:25
19/02/01 11:25:27⇒:    得意先：647839

11:25
19/02/01 11:25:27⇒:    下店：490756

11:25
19/02/01 11:25:27⇒:    備考：１２３４５６７８９０１２３４５６７８９０ｰ１２３４５６７８９０１２３４６７８９０

11:25
19/02/01 11:25:27⇒:    現場名：123456

11:25
19/02/01 11:25:28⇒:    納材店なしで内訳入力へ CLICK

11:25
19/02/01 11:25:31⇒:    見積内訳入力 CSV取込 CLICK

11:25
19/02/01 11:25:33⇒:    見積内訳入力 CSV取込 参　照 CLICK

11:25
19/02/01 11:25:37⇒:    見積内訳入力 CSV取込 取　込 CLICK

11:25
19/02/01 11:25:41⇒:    商品コード複数入力 次　へ CLICK

11:25
19/02/01 11:25:43⇒:    商品コード複数入力 次　へ CLICK

11:25
19/02/01 11:25:44⇒:    商品コード複数入力 次　へ CLICK

11:25
19/02/01 11:25:47⇒:    寸法入力 次　へ CLICK

11:25
19/02/01 11:25:52⇒:    寸法入力 次　へ CLICK

11:25
19/02/01 11:25:56⇒:    寸法入力 次　へ CLICK

11:25
19/02/01 11:25:59⇒:    単価入力 見積内訳入力へ CLICK

11:26
19/02/01 11:26:01⇒:    新規見積 CLICK

11:26
19/02/01 11:26:02⇒:移動CSV：TPP5-647839-490756-123456-１２３４５６７８９０１２３４５６７８９０ｰ１２３４５６７８９０１２３４６７８９０-01211111 - コピー.CSV→C:\TOOL\発注完了\

11:26
19/02/01 11:26:02⇒:取込：TPP5-647839-490756-123456-１２３４５６７８９０１２３４５６７８９０ｰ１２３４５６７８９０１２３４６７８９０-01211111.CSV

11:26
19/02/01 11:26:03⇒:    事業所：TPP5

11:26
19/02/01 11:26:03⇒:    得意先：647839

11:26
19/02/01 11:26:03⇒:    下店：490756

11:26
19/02/01 11:26:03⇒:    備考：１２３４５６７８９０１２３４５６７８９０ｰ１２３４５６７８９０１２３４６７８９０

11:26
19/02/01 11:26:03⇒:    現場名：123456

11:26
19/02/01 11:26:03⇒:    納材店なしで内訳入力へ CLICK

11:26
19/02/01 11:26:06⇒:    見積内訳入力 CSV取込 CLICK

11:26
19/02/01 11:26:07⇒:    見積内訳入力 CSV取込 参　照 CLICK

11:26
19/02/01 11:26:11⇒:    見積内訳入力 CSV取込 取　込 CLICK

11:26
19/02/01 11:26:14⇒:    商品コード複数入力 次　へ CLICK

11:26
19/02/01 11:26:16⇒:    商品コード複数入力 次　へ CLICK

11:26
19/02/01 11:26:17⇒:    商品コード複数入力 次　へ CLICK

11:26
19/02/01 11:26:20⇒:    寸法入力 次　へ CLICK

11:26
19/02/01 11:26:24⇒:    寸法入力 次　へ CLICK

11:26
19/02/01 11:26:28⇒:    寸法入力 次　へ CLICK

11:26
19/02/01 11:26:31⇒:    単価入力 見積内訳入力へ CLICK

11:26
19/02/01 11:26:33⇒:    新規見積 CLICK

11:26
19/02/01 11:26:35⇒:移動CSV：TPP5-647839-490756-123456-１２３４５６７８９０１２３４５６７８９０ｰ１２３４５６７８９０１２３４６７８９０-01211111.CSV→C:\TOOL\発注完了\

