10:36
19/02/02 10:36:21⇒:OnSiteパスワード入力

10:36
19/02/02 10:36:22⇒:業務別総合メニュー

10:36
19/02/02 10:36:23⇒:物販明細

10:36
19/02/02 10:36:24⇒:新規見積

10:36
19/02/02 10:36:30⇒:取込：TPP5-647839-490756-123456-１２３４５６７８９０１２３４５６７８９０ｰ１２３４５６７８９０１２３４６７８９０-01211111 - 0.CSV

10:36
19/02/02 10:36:31⇒:    事業所：TPP5

10:36
19/02/02 10:36:31⇒:    得意先：647839

10:36
19/02/02 10:36:31⇒:    下店：490756

10:36
19/02/02 10:36:31⇒:    備考：１２３４５６７８９０１２３４５６７８９０ｰ１２３４５６７８９０１２３４６７８９０

10:36
19/02/02 10:36:31⇒:    現場名：123456

10:36
19/02/02 10:36:31⇒:    納材店なしで内訳入力へ CLICK

10:36
19/02/02 10:36:35⇒:    見積内訳入力 CSV取込 CLICK

10:36
19/02/02 10:36:36⇒:    見積内訳入力 CSV取込 参　照 CLICK

