17:58
19/01/31 17:58:38⇒:OnSiteパスワード入力

17:58
19/01/31 17:58:39⇒:業務別総合メニュー

17:58
19/01/31 17:58:40⇒:物販明細

17:58
19/01/31 17:58:41⇒:新規見積

17:58
19/01/31 17:58:47⇒:取込：TPP5-647839-490756-123456-１２３４５６７８９０１２３４５６７８９０ｰ１２３４５６７８９０１２３４６７８９０-01211111 - コピー.CSV

17:58
19/01/31 17:58:48⇒:    事業所：TPP5

17:58
19/01/31 17:58:48⇒:    得意先：647839

17:58
19/01/31 17:58:48⇒:    下店：490756

17:58
19/01/31 17:58:48⇒:    備考：１２３４５６７８９０１２３４５６７８９０ｰ１２３４５６７８９０１２３４６７８９０

17:58
19/01/31 17:58:48⇒:    現場名：123456

17:58
19/01/31 17:58:49⇒:    納材店なしで内訳入力へ CLICK

17:58
19/01/31 17:58:51⇒:    見積内訳入力 CSV取込 CLICK

17:58
19/01/31 17:58:52⇒:    見積内訳入力 CSV取込 参　照 CLICK

17:58
19/01/31 17:58:53⇒:    事業所：TPP5

17:58
19/01/31 17:58:53⇒:    得意先：647839

17:58
19/01/31 17:58:53⇒:    下店：490756

17:58
19/01/31 17:58:53⇒:    備考：１２３４５６７８９０１２３４５６７８９０ｰ１２３４５６７８９０１２３４６７８９０

17:58
19/01/31 17:58:53⇒:    現場名：123456

