12:48
19/02/01 12:48:39⇒:OnSiteパスワード入力

12:48
19/02/01 12:48:40⇒:業務別総合メニュー

12:48
19/02/01 12:48:41⇒:物販明細

12:48
19/02/01 12:48:42⇒:新規見積

12:48
19/02/01 12:48:48⇒:取込：TPP5-647839-490756-123456-１２３４５６７８９０１２３４５６７８９０ｰ１２３４５６７８９０１２３４６７８９０-01211111 - コピー.CSV

12:48
19/02/01 12:48:48⇒:    事業所：TPP5

12:48
19/02/01 12:48:48⇒:    得意先：647839

12:48
19/02/01 12:48:48⇒:    下店：490756

12:48
19/02/01 12:48:48⇒:    備考：１２３４５６７８９０１２３４５６７８９０ｰ１２３４５６７８９０１２３４６７８９０

12:48
19/02/01 12:48:48⇒:    現場名：123456

12:48
19/02/01 12:48:49⇒:    納材店なしで内訳入力へ CLICK

12:48
19/02/01 12:48:51⇒:    見積内訳入力 CSV取込 CLICK

12:48
19/02/01 12:48:53⇒:    見積内訳入力 CSV取込 参　照 CLICK

12:48
19/02/01 12:48:57⇒:    見積内訳入力 CSV取込 取　込 CLICK

12:49
19/02/01 12:49:01⇒:    商品コード複数入力 次　へ CLICK

12:49
19/02/01 12:49:02⇒:    商品コード複数入力 次　へ CLICK

12:49
19/02/01 12:49:03⇒:    商品コード複数入力 次　へ CLICK

12:49
19/02/01 12:49:06⇒:    寸法入力 次　へ CLICK

12:49
19/02/01 12:49:10⇒:    寸法入力 次　へ CLICK

12:49
19/02/01 12:49:15⇒:    寸法入力 次　へ CLICK

12:49
19/02/01 12:49:18⇒:    単価入力 見積内訳入力へ CLICK

12:49
19/02/01 12:49:20⇒:    新規見積 CLICK

12:49
19/02/01 12:49:22⇒:移動CSV：TPP5-647839-490756-123456-１２３４５６７８９０１２３４５６７８９０ｰ１２３４５６７８９０１２３４６７８９０-01211111 - コピー.CSV→C:\TOOL\発注完了\

12:49
19/02/01 12:49:22⇒:取込：TPP5-647839-490756-123456-１２３４５６７８９０１２３４５６７８９０ｰ１２３４５６７８９０１２３４６７８９０-01211111.CSV

12:49
19/02/01 12:49:22⇒:    事業所：TPP5

12:49
19/02/01 12:49:22⇒:    得意先：647839

12:49
19/02/01 12:49:22⇒:    下店：490756

12:49
19/02/01 12:49:22⇒:    備考：１２３４５６７８９０１２３４５６７８９０ｰ１２３４５６７８９０１２３４６７８９０

12:49
19/02/01 12:49:22⇒:    現場名：123456

12:49
19/02/01 12:49:23⇒:    納材店なしで内訳入力へ CLICK

12:49
19/02/01 12:49:25⇒:    見積内訳入力 CSV取込 CLICK

12:49
19/02/01 12:49:26⇒:    見積内訳入力 CSV取込 参　照 CLICK

12:49
19/02/01 12:49:31⇒:    見積内訳入力 CSV取込 取　込 CLICK

12:49
19/02/01 12:49:35⇒:    商品コード複数入力 次　へ CLICK

12:49
19/02/01 12:49:36⇒:    商品コード複数入力 次　へ CLICK

12:49
19/02/01 12:49:37⇒:    商品コード複数入力 次　へ CLICK

12:49
19/02/01 12:49:40⇒:    寸法入力 次　へ CLICK

12:49
19/02/01 12:49:44⇒:    寸法入力 次　へ CLICK

12:49
19/02/01 12:49:48⇒:    寸法入力 次　へ CLICK

12:49
19/02/01 12:49:51⇒:    単価入力 見積内訳入力へ CLICK

12:49
19/02/01 12:49:53⇒:    新規見積 CLICK

12:49
19/02/01 12:49:54⇒:移動CSV：TPP5-647839-490756-123456-１２３４５６７８９０１２３４５６７８９０ｰ１２３４５６７８９０１２３４６７８９０-01211111.CSV→C:\TOOL\発注完了\

