13:13
19/02/01 13:13:10⇒:OnSiteパスワード入力

13:13
19/02/01 13:13:11⇒:業務別総合メニュー

13:13
19/02/01 13:13:13⇒:物販明細

13:13
19/02/01 13:13:14⇒:新規見積

13:13
19/02/01 13:13:20⇒:取込：TPP5-647839-490756-123456-１２３４５６７８９０１２３４５６７８９０ｰ１２３４５６７８９０１２３４６７８９０-01211111 - コピー.CSV

13:13
19/02/01 13:13:21⇒:    事業所：TPP5

13:13
19/02/01 13:13:21⇒:    得意先：647839

13:13
19/02/01 13:13:21⇒:    下店：490756

13:13
19/02/01 13:13:21⇒:    備考：１２３４５６７８９０１２３４５６７８９０ｰ１２３４５６７８９０１２３４６７８９０

13:13
19/02/01 13:13:21⇒:    現場名：123456

13:13
19/02/01 13:13:21⇒:    納材店なしで内訳入力へ CLICK

13:13
19/02/01 13:13:26⇒:    見積内訳入力 CSV取込 CLICK

13:13
19/02/01 13:13:28⇒:    見積内訳入力 CSV取込 参　照 CLICK

13:13
19/02/01 13:13:33⇒:    見積内訳入力 CSV取込 取　込 CLICK

13:13
19/02/01 13:13:36⇒:    商品コード複数入力 次　へ CLICK

13:13
19/02/01 13:13:38⇒:    商品コード複数入力 次　へ CLICK

13:13
19/02/01 13:13:39⇒:    商品コード複数入力 次　へ CLICK

13:13
19/02/01 13:13:42⇒:    寸法入力 次　へ CLICK

13:13
19/02/01 13:13:47⇒:    寸法入力 次　へ CLICK

13:13
19/02/01 13:13:51⇒:    寸法入力 次　へ CLICK

13:13
19/02/01 13:13:54⇒:    単価入力 見積内訳入力へ CLICK

13:13
19/02/01 13:13:57⇒:    新規見積 CLICK

13:13
19/02/01 13:13:58⇒:移動CSV：TPP5-647839-490756-123456-１２３４５６７８９０１２３４５６７８９０ｰ１２３４５６７８９０１２３４６７８９０-01211111 - コピー.CSV→C:\TOOL\発注完了\

13:13
19/02/01 13:13:58⇒:取込：TPP5-647839-490756-123456-１２３４５６７８９０１２３４５６７８９０ｰ１２３４５６７８９０１２３４６７８９０-01211111.CSV

13:13
19/02/01 13:13:59⇒:    事業所：TPP5

13:13
19/02/01 13:13:59⇒:    得意先：647839

13:13
19/02/01 13:13:59⇒:    下店：490756

13:13
19/02/01 13:13:59⇒:    備考：１２３４５６７８９０１２３４５６７８９０ｰ１２３４５６７８９０１２３４６７８９０

13:13
19/02/01 13:13:59⇒:    現場名：123456

13:13
19/02/01 13:13:59⇒:    納材店なしで内訳入力へ CLICK

13:14
19/02/01 13:14:01⇒:    見積内訳入力 CSV取込 CLICK

13:14
19/02/01 13:14:03⇒:    見積内訳入力 CSV取込 参　照 CLICK

13:14
19/02/01 13:14:08⇒:    見積内訳入力 CSV取込 取　込 CLICK

13:14
19/02/01 13:14:11⇒:    商品コード複数入力 次　へ CLICK

13:14
19/02/01 13:14:13⇒:    商品コード複数入力 次　へ CLICK

13:14
19/02/01 13:14:14⇒:    商品コード複数入力 次　へ CLICK

13:14
19/02/01 13:14:17⇒:    寸法入力 次　へ CLICK

13:14
19/02/01 13:14:21⇒:    寸法入力 次　へ CLICK

13:14
19/02/01 13:14:25⇒:    寸法入力 次　へ CLICK

13:14
19/02/01 13:14:28⇒:    単価入力 見積内訳入力へ CLICK

13:14
19/02/01 13:14:30⇒:    新規見積 CLICK

13:14
19/02/01 13:14:31⇒:移動CSV：TPP5-647839-490756-123456-１２３４５６７８９０１２３４５６７８９０ｰ１２３４５６７８９０１２３４６７８９０-01211111.CSV→C:\TOOL\発注完了\

