16:54
19/01/31 16:54:17⇒:OnSiteパスワード入力

16:54
19/01/31 16:54:18⇒:業務別総合メニュー

16:54
19/01/31 16:54:19⇒:物販明細

16:54
19/01/31 16:54:20⇒:新規見積

16:54
19/01/31 16:54:23⇒:取込：TPP5-647839-490756-123456-１２３４５６７８９０１２３４５６７８９０ｰ１２３４５６７８９０１２３４６７８９０-01211111 - コピー.CSV

16:54
19/01/31 16:54:27⇒:    事業所：TPP5

16:54
19/01/31 16:54:27⇒:    得意先：647839

16:54
19/01/31 16:54:27⇒:    下店：490756

16:54
19/01/31 16:54:27⇒:    備考：１２３４５６７８９０１２３４５６７８９０ｰ１２３４５６７８９０１２３４６７８９０

16:54
19/01/31 16:54:27⇒:    現場名：123456

16:54
19/01/31 16:54:30⇒:    納材店なしで内訳入力へ CLICK

16:54
19/01/31 16:54:33⇒:    見積内訳入力 CSV取込 CLICK

16:54
19/01/31 16:54:35⇒:    見積内訳入力 CSV取込 参　照 CLICK

16:54
19/01/31 16:54:39⇒:    見積内訳入力 CSV取込 取　込 CLICK

16:54
19/01/31 16:54:43⇒:    商品コード複数入力 次　へ CLICK

16:54
19/01/31 16:54:44⇒:    商品コード複数入力 次　へ CLICK

16:54
19/01/31 16:54:45⇒:    商品コード複数入力 次　へ CLICK

16:54
19/01/31 16:54:48⇒:    寸法入力 次　へ CLICK

16:54
19/01/31 16:54:53⇒:    寸法入力 次　へ CLICK

16:54
19/01/31 16:54:58⇒:    寸法入力 次　へ CLICK

16:55
19/01/31 16:55:01⇒:    単価入力 見積内訳入力へ CLICK

16:55
19/01/31 16:55:04⇒:    新規見積 CLICK

16:55
19/01/31 16:55:05⇒:移動CSV：TPP5-647839-490756-123456-１２３４５６７８９０１２３４５６７８９０ｰ１２３４５６７８９０１２３４６７８９０-01211111 - コピー.CSV→C:\TOOL\発注完了\

16:55
19/01/31 16:55:05⇒:取込：TPP5-647839-490756-123456-１２３４５６７８９０１２３４５６７８９０ｰ１２３４５６７８９０１２３４６７８９０-01211111.CSV

16:55
19/01/31 16:55:06⇒:    事業所：TPP5

16:55
19/01/31 16:55:06⇒:    得意先：647839

16:55
19/01/31 16:55:06⇒:    下店：490756

16:55
19/01/31 16:55:06⇒:    備考：１２３４５６７８９０１２３４５６７８９０ｰ１２３４５６７８９０１２３４６７８９０

16:55
19/01/31 16:55:06⇒:    現場名：123456

16:55
19/01/31 16:55:09⇒:    納材店なしで内訳入力へ CLICK

16:55
19/01/31 16:55:12⇒:    見積内訳入力 CSV取込 CLICK

16:55
19/01/31 16:55:14⇒:    見積内訳入力 CSV取込 参　照 CLICK

16:55
19/01/31 16:55:18⇒:    見積内訳入力 CSV取込 取　込 CLICK

16:55
19/01/31 16:55:21⇒:    商品コード複数入力 次　へ CLICK

16:55
19/01/31 16:55:23⇒:    商品コード複数入力 次　へ CLICK

16:55
19/01/31 16:55:24⇒:    商品コード複数入力 次　へ CLICK

16:55
19/01/31 16:55:27⇒:    寸法入力 次　へ CLICK

16:55
19/01/31 16:55:32⇒:    寸法入力 次　へ CLICK

16:55
19/01/31 16:55:35⇒:    寸法入力 次　へ CLICK

16:55
19/01/31 16:55:38⇒:    単価入力 見積内訳入力へ CLICK

16:55
19/01/31 16:55:40⇒:    新規見積 CLICK

16:55
19/01/31 16:55:42⇒:移動CSV：TPP5-647839-490756-123456-１２３４５６７８９０１２３４５６７８９０ｰ１２３４５６７８９０１２３４６７８９０-01211111.CSV→C:\TOOL\発注完了\

