10:13
19/02/02 10:13:52⇒:OnSiteパスワード入力

10:13
19/02/02 10:13:52⇒:業務別総合メニュー

10:13
19/02/02 10:13:53⇒:物販明細

10:13
19/02/02 10:13:54⇒:新規見積

10:14
19/02/02 10:14:00⇒:取込：TPP5-647839-490756-123456-１２３４５６７８９０１２３４５６７８９０ｰ１２３４５６７８９０１２３４６７８９０-01211111 - 0.CSV

10:14
19/02/02 10:14:01⇒:    事業所：TPP5

10:14
19/02/02 10:14:01⇒:    得意先：647839

10:14
19/02/02 10:14:01⇒:    下店：490756

10:14
19/02/02 10:14:01⇒:    備考：１２３４５６７８９０１２３４５６７８９０ｰ１２３４５６７８９０１２３４６７８９０

10:14
19/02/02 10:14:01⇒:    現場名：123456

10:14
19/02/02 10:14:01⇒:    納材店なしで内訳入力へ CLICK

10:14
19/02/02 10:14:06⇒:    見積内訳入力 CSV取込 CLICK

10:14
19/02/02 10:14:08⇒:    見積内訳入力 CSV取込 参　照 CLICK

10:14
19/02/02 10:14:11⇒:    見積内訳入力 CSV取込 取　込 CLICK

10:14
19/02/02 10:14:15⇒:    商品コード複数入力 次　へ CLICK

10:14
19/02/02 10:14:16⇒:    商品コード複数入力 次　へ CLICK

10:14
19/02/02 10:14:17⇒:    商品コード複数入力 次　へ CLICK

10:14
19/02/02 10:14:20⇒:    寸法入力 次　へ CLICK

10:14
19/02/02 10:14:24⇒:    寸法入力 次　へ CLICK

10:14
19/02/02 10:14:28⇒:    寸法入力 次　へ CLICK

10:14
19/02/02 10:14:31⇒:    単価入力 見積内訳入力へ CLICK

10:14
19/02/02 10:14:32⇒:    新規見積 CLICK

10:14
19/02/02 10:14:34⇒:移動CSV：TPP5-647839-490756-123456-１２３４５６７８９０１２３４５６７８９０ｰ１２３４５６７８９０１２３４６７８９０-01211111 - 0.CSV→C:\TOOL\発注完了\

10:14
19/02/02 10:14:34⇒:取込：TPP5-647839-490756-123456-１２３４５６７８９０１２３４５６７８９０ｰ１２３４５６７８９０１２３４６７８９０-01211111 - 1.CSV

10:14
19/02/02 10:14:34⇒:    事業所：TPP5

10:14
19/02/02 10:14:34⇒:    得意先：647839

10:14
19/02/02 10:14:34⇒:    下店：490756

10:14
19/02/02 10:14:34⇒:    備考：１２３４５６７８９０１２３４５６７８９０ｰ１２３４５６７８９０１２３４６７８９０

10:14
19/02/02 10:14:34⇒:    現場名：123456

10:14
19/02/02 10:14:35⇒:    納材店なしで内訳入力へ CLICK

10:14
19/02/02 10:14:37⇒:    見積内訳入力 CSV取込 CLICK

10:14
19/02/02 10:14:38⇒:    見積内訳入力 CSV取込 参　照 CLICK

10:14
19/02/02 10:14:42⇒:    見積内訳入力 CSV取込 取　込 CLICK

10:14
19/02/02 10:14:46⇒:    商品コード複数入力 次　へ CLICK

10:14
19/02/02 10:14:48⇒:    商品コード複数入力 次　へ CLICK

10:14
19/02/02 10:14:49⇒:    商品コード複数入力 次　へ CLICK

10:14
19/02/02 10:14:51⇒:    寸法入力 次　へ CLICK

10:14
19/02/02 10:14:56⇒:    寸法入力 次　へ CLICK

10:14
19/02/02 10:14:59⇒:    寸法入力 次　へ CLICK

10:15
19/02/02 10:15:02⇒:    単価入力 見積内訳入力へ CLICK

10:15
19/02/02 10:15:04⇒:    新規見積 CLICK

10:15
19/02/02 10:15:05⇒:移動CSV：TPP5-647839-490756-123456-１２３４５６７８９０１２３４５６７８９０ｰ１２３４５６７８９０１２３４６７８９０-01211111 - 1.CSV→C:\TOOL\発注完了\

10:15
19/02/02 10:15:05⇒:取込：TPP5-647839-490756-123456-１２３４５６７８９０１２３４５６７８９０ｰ１２３４５６７８９０１２３４６７８９０-01211111 - 2.CSV

10:15
19/02/02 10:15:06⇒:    事業所：TPP5

10:15
19/02/02 10:15:06⇒:    得意先：647839

10:15
19/02/02 10:15:06⇒:    下店：490756

10:15
19/02/02 10:15:06⇒:    備考：１２３４５６７８９０１２３４５６７８９０ｰ１２３４５６７８９０１２３４６７８９０

10:15
19/02/02 10:15:06⇒:    現場名：123456

10:15
19/02/02 10:15:06⇒:    納材店なしで内訳入力へ CLICK

10:15
19/02/02 10:15:08⇒:    見積内訳入力 CSV取込 CLICK

10:15
19/02/02 10:15:10⇒:    見積内訳入力 CSV取込 参　照 CLICK

10:15
19/02/02 10:15:14⇒:    見積内訳入力 CSV取込 取　込 CLICK

10:15
19/02/02 10:15:17⇒:    商品コード複数入力 次　へ CLICK

10:15
19/02/02 10:15:19⇒:    商品コード複数入力 次　へ CLICK

10:15
19/02/02 10:15:19⇒:    商品コード複数入力 次　へ CLICK

10:15
19/02/02 10:15:22⇒:    寸法入力 次　へ CLICK

10:15
19/02/02 10:15:26⇒:    寸法入力 次　へ CLICK

10:15
19/02/02 10:15:30⇒:    寸法入力 次　へ CLICK

10:15
19/02/02 10:15:32⇒:    単価入力 見積内訳入力へ CLICK

10:15
19/02/02 10:15:34⇒:    新規見積 CLICK

10:15
19/02/02 10:15:35⇒:移動CSV：TPP5-647839-490756-123456-１２３４５６７８９０１２３４５６７８９０ｰ１２３４５６７８９０１２３４６７８９０-01211111 - 2.CSV→C:\TOOL\発注完了\

10:15
19/02/02 10:15:35⇒:取込：TPP5-647839-490756-123456-１２３４５６７８９０１２３４５６７８９０ｰ１２３４５６７８９０１２３４６７８９０-01211111 - 3.CSV

10:15
19/02/02 10:15:36⇒:    事業所：TPP5

10:15
19/02/02 10:15:36⇒:    得意先：647839

10:15
19/02/02 10:15:36⇒:    下店：490756

10:15
19/02/02 10:15:36⇒:    備考：１２３４５６７８９０１２３４５６７８９０ｰ１２３４５６７８９０１２３４６７８９０

10:15
19/02/02 10:15:36⇒:    現場名：123456

10:15
19/02/02 10:15:36⇒:    納材店なしで内訳入力へ CLICK

10:15
19/02/02 10:15:38⇒:    見積内訳入力 CSV取込 CLICK

10:15
19/02/02 10:15:39⇒:    見積内訳入力 CSV取込 参　照 CLICK

10:15
19/02/02 10:15:43⇒:    見積内訳入力 CSV取込 取　込 CLICK

10:15
19/02/02 10:15:46⇒:    商品コード複数入力 次　へ CLICK

10:15
19/02/02 10:15:47⇒:    商品コード複数入力 次　へ CLICK

10:15
19/02/02 10:15:48⇒:    商品コード複数入力 次　へ CLICK

10:15
19/02/02 10:15:51⇒:    寸法入力 次　へ CLICK

10:15
19/02/02 10:15:55⇒:    寸法入力 次　へ CLICK

10:15
19/02/02 10:15:59⇒:    寸法入力 次　へ CLICK

10:16
19/02/02 10:16:01⇒:    単価入力 見積内訳入力へ CLICK

10:16
19/02/02 10:16:04⇒:    新規見積 CLICK

10:16
19/02/02 10:16:05⇒:移動CSV：TPP5-647839-490756-123456-１２３４５６７８９０１２３４５６７８９０ｰ１２３４５６７８９０１２３４６７８９０-01211111 - 3.CSV→C:\TOOL\発注完了\

