15:26
19/01/31 15:26:24⇒:OnSiteパスワード入力

15:26
19/01/31 15:26:26⇒:業務別総合メニュー

15:26
19/01/31 15:26:27⇒:物販明細

15:26
19/01/31 15:26:28⇒:新規見積

15:26
19/01/31 15:26:34⇒:取込：TPP5-647839-490756-123456-１２３４５６７８９０１２３４５６７８９０ｰ１２３４５６７８９０１２３４６７８９０-01211111 - コピー.CSV

15:26
19/01/31 15:26:35⇒:    事業所：TPP5

15:26
19/01/31 15:26:35⇒:    得意先：647839

15:26
19/01/31 15:26:35⇒:    下店：490756

15:26
19/01/31 15:26:35⇒:    備考：１２３４５６７８９０１２３４５６７８９０ｰ１２３４５６７８９０１２３４６７８９０

15:26
19/01/31 15:26:35⇒:    現場名：123456

15:26
19/01/31 15:26:38⇒:    納材店なしで内訳入力へ CLICK

15:26
19/01/31 15:26:41⇒:    見積内訳入力 CSV取込 CLICK

15:26
19/01/31 15:26:43⇒:    見積内訳入力 CSV取込 参　照 CLICK

15:26
19/01/31 15:26:47⇒:    見積内訳入力 CSV取込 取　込 CLICK

15:26
19/01/31 15:26:50⇒:    商品コード複数入力 次　へ CLICK

15:26
19/01/31 15:26:52⇒:    商品コード複数入力 次　へ CLICK

15:26
19/01/31 15:26:53⇒:    商品コード複数入力 次　へ CLICK

15:26
19/01/31 15:26:56⇒:    寸法入力 次　へ CLICK

15:27
19/01/31 15:27:01⇒:    寸法入力 次　へ CLICK

15:27
19/01/31 15:27:05⇒:    寸法入力 次　へ CLICK

15:27
19/01/31 15:27:08⇒:    単価入力 見積内訳入力へ CLICK

15:27
19/01/31 15:27:10⇒:    新規見積 CLICK

15:27
19/01/31 15:27:12⇒:移動CSV：TPP5-647839-490756-123456-１２３４５６７８９０１２３４５６７８９０ｰ１２３４５６７８９０１２３４６７８９０-01211111 - コピー.CSV→C:\TOOL\発注完了\

15:27
19/01/31 15:27:12⇒:取込：TPP5-647839-490756-123456-１２３４５６７８９０１２３４５６７８９０ｰ１２３４５６７８９０１２３４６７８９０-01211111.CSV

15:27
19/01/31 15:27:12⇒:    事業所：TPP5

15:27
19/01/31 15:27:12⇒:    得意先：647839

15:27
19/01/31 15:27:12⇒:    下店：490756

15:27
19/01/31 15:27:12⇒:    備考：１２３４５６７８９０１２３４５６７８９０ｰ１２３４５６７８９０１２３４６７８９０

15:27
19/01/31 15:27:12⇒:    現場名：123456

15:27
19/01/31 15:27:15⇒:    納材店なしで内訳入力へ CLICK

15:27
19/01/31 15:27:18⇒:    見積内訳入力 CSV取込 CLICK

15:27
19/01/31 15:27:20⇒:    見積内訳入力 CSV取込 参　照 CLICK

15:27
19/01/31 15:27:24⇒:    見積内訳入力 CSV取込 取　込 CLICK

15:27
19/01/31 15:27:28⇒:    商品コード複数入力 次　へ CLICK

15:27
19/01/31 15:27:30⇒:    商品コード複数入力 次　へ CLICK

15:27
19/01/31 15:27:31⇒:    商品コード複数入力 次　へ CLICK

15:27
19/01/31 15:27:34⇒:    寸法入力 次　へ CLICK

15:27
19/01/31 15:27:39⇒:    寸法入力 次　へ CLICK

15:27
19/01/31 15:27:43⇒:    寸法入力 次　へ CLICK

15:27
19/01/31 15:27:46⇒:    単価入力 見積内訳入力へ CLICK

15:27
19/01/31 15:27:49⇒:    新規見積 CLICK

15:27
19/01/31 15:27:50⇒:移動CSV：TPP5-647839-490756-123456-１２３４５６７８９０１２３４５６７８９０ｰ１２３４５６７８９０１２３４６７８９０-01211111.CSV→C:\TOOL\発注完了\

