17:56
19/01/31 17:56:18⇒:OnSiteパスワード入力

17:56
19/01/31 17:56:19⇒:業務別総合メニュー

17:56
19/01/31 17:56:19⇒:物販明細

17:56
19/01/31 17:56:20⇒:新規見積

17:56
19/01/31 17:56:27⇒:取込：TPP5-647839-490756-123456-１２３４５６７８９０１２３４５６７８９０ｰ１２３４５６７８９０１２３４６７８９０-01211111 - コピー.CSV

17:56
19/01/31 17:56:28⇒:    事業所：TPP5

17:56
19/01/31 17:56:28⇒:    得意先：647839

17:56
19/01/31 17:56:28⇒:    下店：490756

17:56
19/01/31 17:56:28⇒:    備考：１２３４５６７８９０１２３４５６７８９０ｰ１２３４５６７８９０１２３４６７８９０

17:56
19/01/31 17:56:28⇒:    現場名：123456

17:56
19/01/31 17:56:34⇒:    納材店なしで内訳入力へ CLICK

17:56
19/01/31 17:56:40⇒:    見積内訳入力 CSV取込 CLICK

17:56
19/01/31 17:56:41⇒:    見積内訳入力 CSV取込 参　照 CLICK

