11:43
19/02/01 11:43:27⇒:OnSiteパスワード入力

11:43
19/02/01 11:43:28⇒:業務別総合メニュー

11:43
19/02/01 11:43:28⇒:物販明細

11:43
19/02/01 11:43:29⇒:新規見積

11:43
19/02/01 11:43:36⇒:取込：TPP5-647839-490756-123456-１２３４５６７８９０１２３４５６７８９０ｰ１２３４５６７８９０１２３４６７８９０-01211111 - コピー.CSV

11:43
19/02/01 11:43:37⇒:    事業所：TPP5

11:43
19/02/01 11:43:37⇒:    得意先：647839

11:43
19/02/01 11:43:37⇒:    下店：490756

11:43
19/02/01 11:43:37⇒:    備考：１２３４５６７８９０１２３４５６７８９０ｰ１２３４５６７８９０１２３４６７８９０

11:43
19/02/01 11:43:37⇒:    現場名：123456

11:43
19/02/01 11:43:37⇒:    納材店なしで内訳入力へ CLICK

11:43
19/02/01 11:43:41⇒:    見積内訳入力 CSV取込 CLICK

11:43
19/02/01 11:43:43⇒:    見積内訳入力 CSV取込 参　照 CLICK

11:43
19/02/01 11:43:47⇒:    見積内訳入力 CSV取込 取　込 CLICK

11:43
19/02/01 11:43:50⇒:    商品コード複数入力 次　へ CLICK

11:43
19/02/01 11:43:52⇒:    商品コード複数入力 次　へ CLICK

11:43
19/02/01 11:43:53⇒:    商品コード複数入力 次　へ CLICK

11:43
19/02/01 11:43:56⇒:    寸法入力 次　へ CLICK

11:44
19/02/01 11:44:01⇒:    寸法入力 次　へ CLICK

11:44
19/02/01 11:44:05⇒:    寸法入力 次　へ CLICK

11:44
19/02/01 11:44:07⇒:    単価入力 見積内訳入力へ CLICK

11:44
19/02/01 11:44:10⇒:    新規見積 CLICK

11:44
19/02/01 11:44:11⇒:移動CSV：TPP5-647839-490756-123456-１２３４５６７８９０１２３４５６７８９０ｰ１２３４５６７８９０１２３４６７８９０-01211111 - コピー.CSV→C:\TOOL\発注完了\

11:44
19/02/01 11:44:11⇒:取込：TPP5-647839-490756-123456-１２３４５６７８９０１２３４５６７８９０ｰ１２３４５６７８９０１２３４６７８９０-01211111.CSV

11:44
19/02/01 11:44:12⇒:    事業所：TPP5

11:44
19/02/01 11:44:12⇒:    得意先：647839

11:44
19/02/01 11:44:12⇒:    下店：490756

11:44
19/02/01 11:44:12⇒:    備考：１２３４５６７８９０１２３４５６７８９０ｰ１２３４５６７８９０１２３４６７８９０

11:44
19/02/01 11:44:12⇒:    現場名：123456

11:44
19/02/01 11:44:12⇒:    納材店なしで内訳入力へ CLICK

11:44
19/02/01 11:44:14⇒:    見積内訳入力 CSV取込 CLICK

11:44
19/02/01 11:44:16⇒:    見積内訳入力 CSV取込 参　照 CLICK

11:44
19/02/01 11:44:21⇒:    見積内訳入力 CSV取込 取　込 CLICK

11:44
19/02/01 11:44:24⇒:    商品コード複数入力 次　へ CLICK

11:44
19/02/01 11:44:26⇒:    商品コード複数入力 次　へ CLICK

11:44
19/02/01 11:44:27⇒:    商品コード複数入力 次　へ CLICK

11:44
19/02/01 11:44:30⇒:    寸法入力 次　へ CLICK

11:44
19/02/01 11:44:34⇒:    寸法入力 次　へ CLICK

11:44
19/02/01 11:44:38⇒:    寸法入力 次　へ CLICK

11:44
19/02/01 11:44:41⇒:    単価入力 見積内訳入力へ CLICK

11:44
19/02/01 11:44:43⇒:    新規見積 CLICK

11:44
19/02/01 11:44:45⇒:移動CSV：TPP5-647839-490756-123456-１２３４５６７８９０１２３４５６７８９０ｰ１２３４５６７８９０１２３４６７８９０-01211111.CSV→C:\TOOL\発注完了\

