12:25
19/02/01 12:25:10⇒:OnSiteパスワード入力

12:25
19/02/01 12:25:12⇒:業務別総合メニュー

12:25
19/02/01 12:25:13⇒:物販明細

12:25
19/02/01 12:25:14⇒:新規見積

12:25
19/02/01 12:25:22⇒:取込：TPP5-647839-490756-123456-１２３４５６７８９０１２３４５６７８９０ｰ１２３４５６７８９０１２３４６７８９０-01211111 - コピー.CSV

12:25
19/02/01 12:25:22⇒:    事業所：TPP5

12:25
19/02/01 12:25:22⇒:    得意先：647839

12:25
19/02/01 12:25:22⇒:    下店：490756

12:25
19/02/01 12:25:22⇒:    備考：１２３４５６７８９０１２３４５６７８９０ｰ１２３４５６７８９０１２３４６７８９０

12:25
19/02/01 12:25:22⇒:    現場名：123456

12:25
19/02/01 12:25:23⇒:    納材店なしで内訳入力へ CLICK

12:25
19/02/01 12:25:27⇒:    見積内訳入力 CSV取込 CLICK

12:25
19/02/01 12:25:30⇒:    見積内訳入力 CSV取込 参　照 CLICK

12:25
19/02/01 12:25:34⇒:    見積内訳入力 CSV取込 取　込 CLICK

12:25
19/02/01 12:25:38⇒:    商品コード複数入力 次　へ CLICK

12:25
19/02/01 12:25:40⇒:    商品コード複数入力 次　へ CLICK

12:25
19/02/01 12:25:41⇒:    商品コード複数入力 次　へ CLICK

12:25
19/02/01 12:25:44⇒:    寸法入力 次　へ CLICK

12:25
19/02/01 12:25:49⇒:    寸法入力 次　へ CLICK

12:25
19/02/01 12:25:54⇒:    寸法入力 次　へ CLICK

12:25
19/02/01 12:25:57⇒:    単価入力 見積内訳入力へ CLICK

12:25
19/02/01 12:25:59⇒:    新規見積 CLICK

12:26
19/02/01 12:26:01⇒:移動CSV：TPP5-647839-490756-123456-１２３４５６７８９０１２３４５６７８９０ｰ１２３４５６７８９０１２３４６７８９０-01211111 - コピー.CSV→C:\TOOL\発注完了\

12:26
19/02/01 12:26:01⇒:取込：TPP5-647839-490756-123456-１２３４５６７８９０１２３４５６７８９０ｰ１２３４５６７８９０１２３４６７８９０-01211111.CSV

12:26
19/02/01 12:26:02⇒:    事業所：TPP5

12:26
19/02/01 12:26:02⇒:    得意先：647839

12:26
19/02/01 12:26:02⇒:    下店：490756

12:26
19/02/01 12:26:02⇒:    備考：１２３４５６７８９０１２３４５６７８９０ｰ１２３４５６７８９０１２３４６７８９０

12:26
19/02/01 12:26:02⇒:    現場名：123456

12:26
19/02/01 12:26:02⇒:    納材店なしで内訳入力へ CLICK

12:26
19/02/01 12:26:04⇒:    見積内訳入力 CSV取込 CLICK

12:26
19/02/01 12:26:06⇒:    見積内訳入力 CSV取込 参　照 CLICK

12:26
19/02/01 12:26:10⇒:    見積内訳入力 CSV取込 取　込 CLICK

12:26
19/02/01 12:26:14⇒:    商品コード複数入力 次　へ CLICK

12:26
19/02/01 12:26:15⇒:    商品コード複数入力 次　へ CLICK

12:26
19/02/01 12:26:16⇒:    商品コード複数入力 次　へ CLICK

12:26
19/02/01 12:26:20⇒:    寸法入力 次　へ CLICK

12:26
19/02/01 12:26:25⇒:    寸法入力 次　へ CLICK

12:26
19/02/01 12:26:29⇒:    寸法入力 次　へ CLICK

12:26
19/02/01 12:26:31⇒:    単価入力 見積内訳入力へ CLICK

12:26
19/02/01 12:26:33⇒:    新規見積 CLICK

12:26
19/02/01 12:26:35⇒:移動CSV：TPP5-647839-490756-123456-１２３４５６７８９０１２３４５６７８９０ｰ１２３４５６７８９０１２３４６７８９０-01211111.CSV→C:\TOOL\発注完了\

