17:54
19/01/31 17:54:00⇒:OnSiteパスワード入力

17:54
19/01/31 17:54:01⇒:業務別総合メニュー

17:54
19/01/31 17:54:02⇒:物販明細

17:54
19/01/31 17:54:03⇒:新規見積

17:54
19/01/31 17:54:08⇒:取込：TPP5-647839-490756-123456-１２３４５６７８９０１２３４５６７８９０ｰ１２３４５６７８９０１２３４６７８９０-01211111 - コピー.CSV

17:54
19/01/31 17:54:09⇒:    事業所：TPP5

17:54
19/01/31 17:54:09⇒:    得意先：647839

17:54
19/01/31 17:54:09⇒:    下店：490756

17:54
19/01/31 17:54:09⇒:    備考：１２３４５６７８９０１２３４５６７８９０ｰ１２３４５６７８９０１２３４６７８９０

17:54
19/01/31 17:54:09⇒:    現場名：123456

17:54
19/01/31 17:54:18⇒:    納材店なしで内訳入力へ CLICK

17:54
19/01/31 17:54:20⇒:    見積内訳入力 CSV取込 CLICK

17:54
19/01/31 17:54:21⇒:    見積内訳入力 CSV取込 参　照 CLICK

17:54
19/01/31 17:54:22⇒:    事業所：TPP5

17:54
19/01/31 17:54:22⇒:    得意先：647839

17:54
19/01/31 17:54:22⇒:    下店：490756

17:54
19/01/31 17:54:22⇒:    備考：１２３４５６７８９０１２３４５６７８９０ｰ１２３４５６７８９０１２３４６７８９０

17:54
19/01/31 17:54:22⇒:    現場名：123456

