14:26
19/01/30 14:26:18⇒:OnSiteパスワード入力

14:26
19/01/30 14:26:21⇒:業務別総合メニュー

14:26
19/01/30 14:26:24⇒:物販明細

14:26
19/01/30 14:26:25⇒:新規見積

14:26
19/01/30 14:26:35⇒:取込：TPP5-647839-490756-123456-１２３４５６７８９０１２３４５６７８９０ｰ１２３４５６７８９０１２３４６７８９０-01211111 - コピー.CSV

14:26
19/01/30 14:26:40⇒:    事業所：TPP5

14:26
19/01/30 14:26:40⇒:    得意先：647839

14:26
19/01/30 14:26:40⇒:    下店：490756

14:26
19/01/30 14:26:40⇒:    備考：１２３４５６７８９０１２３４５６７８９０ｰ１２３４５６７８９０１２３４６７８９０

14:26
19/01/30 14:26:40⇒:    現場名：123456

14:26
19/01/30 14:26:43⇒:    納材店なしで内訳入力へ CLICK

14:26
19/01/30 14:26:50⇒:    見積内訳入力 CSV取込 CLICK

14:26
19/01/30 14:26:52⇒:    見積内訳入力 CSV取込 参　照 CLICK

14:26
19/01/30 14:26:56⇒:    見積内訳入力 CSV取込 取　込 CLICK

14:27
19/01/30 14:27:00⇒:    商品コード複数入力 次　へ CLICK

14:27
19/01/30 14:27:02⇒:    商品コード複数入力 次　へ CLICK

14:27
19/01/30 14:27:03⇒:    商品コード複数入力 次　へ CLICK

14:27
19/01/30 14:27:07⇒:    寸法入力 次　へ CLICK

14:27
19/01/30 14:27:13⇒:    寸法入力 次　へ CLICK

14:27
19/01/30 14:27:18⇒:    寸法入力 次　へ CLICK

14:27
19/01/30 14:27:21⇒:    単価入力 見積内訳入力へ CLICK

14:27
19/01/30 14:27:25⇒:    新規見積 CLICK

14:27
19/01/30 14:27:26⇒:移動CSV：TPP5-647839-490756-123456-１２３４５６７８９０１２３４５６７８９０ｰ１２３４５６７８９０１２３４６７８９０-01211111 - コピー.CSV→C:\TOOL\発注完了\

14:27
19/01/30 14:27:26⇒:取込：TPP5-647839-490756-123456-１２３４５６７８９０１２３４５６７８９０ｰ１２３４５６７８９０１２３４６７８９０-01211111.CSV

14:27
19/01/30 14:27:27⇒:    事業所：TPP5

14:27
19/01/30 14:27:27⇒:    得意先：647839

14:27
19/01/30 14:27:27⇒:    下店：490756

14:27
19/01/30 14:27:27⇒:    備考：１２３４５６７８９０１２３４５６７８９０ｰ１２３４５６７８９０１２３４６７８９０

14:27
19/01/30 14:27:27⇒:    現場名：123456

14:27
19/01/30 14:27:31⇒:    納材店なしで内訳入力へ CLICK

14:27
19/01/30 14:27:34⇒:    見積内訳入力 CSV取込 CLICK

14:27
19/01/30 14:27:36⇒:    見積内訳入力 CSV取込 参　照 CLICK

14:27
19/01/30 14:27:40⇒:    見積内訳入力 CSV取込 取　込 CLICK

14:27
19/01/30 14:27:43⇒:    商品コード複数入力 次　へ CLICK

14:27
19/01/30 14:27:45⇒:    商品コード複数入力 次　へ CLICK

14:27
19/01/30 14:27:46⇒:    商品コード複数入力 次　へ CLICK

14:27
19/01/30 14:27:50⇒:    寸法入力 次　へ CLICK

14:27
19/01/30 14:27:54⇒:    寸法入力 次　へ CLICK

14:27
19/01/30 14:27:58⇒:    寸法入力 次　へ CLICK

14:28
19/01/30 14:28:01⇒:    単価入力 見積内訳入力へ CLICK

14:28
19/01/30 14:28:03⇒:    新規見積 CLICK

14:28
19/01/30 14:28:05⇒:移動CSV：TPP5-647839-490756-123456-１２３４５６７８９０１２３４５６７８９０ｰ１２３４５６７８９０１２３４６７８９０-01211111.CSV→C:\TOOL\発注完了\

