17:59
19/01/31 17:59:34⇒:OnSiteパスワード入力

17:59
19/01/31 17:59:35⇒:業務別総合メニュー

17:59
19/01/31 17:59:35⇒:物販明細

17:59
19/01/31 17:59:36⇒:新規見積

17:59
19/01/31 17:59:42⇒:取込：TPP5-647839-490756-123456-１２３４５６７８９０１２３４５６７８９０ｰ１２３４５６７８９０１２３４６７８９０-01211111 - コピー.CSV

17:59
19/01/31 17:59:43⇒:    事業所：TPP5

17:59
19/01/31 17:59:43⇒:    得意先：647839

17:59
19/01/31 17:59:43⇒:    下店：490756

17:59
19/01/31 17:59:43⇒:    備考：１２３４５６７８９０１２３４５６７８９０ｰ１２３４５６７８９０１２３４６７８９０

17:59
19/01/31 17:59:43⇒:    現場名：123456

17:59
19/01/31 17:59:43⇒:    納材店なしで内訳入力へ CLICK

17:59
19/01/31 17:59:45⇒:    見積内訳入力 CSV取込 CLICK

17:59
19/01/31 17:59:47⇒:    見積内訳入力 CSV取込 参　照 CLICK

17:59
19/01/31 17:59:55⇒:    見積内訳入力 CSV取込 取　込 CLICK

17:59
19/01/31 17:59:59⇒:    商品コード複数入力 次　へ CLICK

18:0
19/01/31 18:00:00⇒:    商品コード複数入力 次　へ CLICK

18:0
19/01/31 18:00:02⇒:    商品コード複数入力 次　へ CLICK

18:0
19/01/31 18:00:05⇒:    寸法入力 次　へ CLICK

18:0
19/01/31 18:00:10⇒:    寸法入力 次　へ CLICK

18:0
19/01/31 18:00:14⇒:    寸法入力 次　へ CLICK

18:0
19/01/31 18:00:16⇒:    単価入力 見積内訳入力へ CLICK

18:0
19/01/31 18:00:19⇒:    新規見積 CLICK

18:0
19/01/31 18:00:20⇒:移動CSV：TPP5-647839-490756-123456-１２３４５６７８９０１２３４５６７８９０ｰ１２３４５６７８９０１２３４６７８９０-01211111 - コピー.CSV→C:\TOOL\発注完了\

