13:41
19/02/01 13:41:01⇒:OnSiteパスワード入力

13:41
19/02/01 13:41:03⇒:業務別総合メニュー

13:41
19/02/01 13:41:04⇒:物販明細

13:41
19/02/01 13:41:05⇒:新規見積

13:41
19/02/01 13:41:11⇒:取込：TPP5-647839-490756-123456-１２３４５６７８９０１２３４５６７８９０ｰ１２３４５６７８９０１２３４６７８９０-01211111 - コピー.CSV

13:41
19/02/01 13:41:11⇒:    事業所：TPP5

13:41
19/02/01 13:41:11⇒:    得意先：647839

13:41
19/02/01 13:41:11⇒:    下店：490756

13:41
19/02/01 13:41:11⇒:    備考：１２３４５６７８９０１２３４５６７８９０ｰ１２３４５６７８９０１２３４６７８９０

13:41
19/02/01 13:41:11⇒:    現場名：123456

13:41
19/02/01 13:41:12⇒:    納材店なしで内訳入力へ CLICK

13:41
19/02/01 13:41:17⇒:    見積内訳入力 CSV取込 CLICK

13:41
19/02/01 13:41:19⇒:    見積内訳入力 CSV取込 参　照 CLICK

13:41
19/02/01 13:41:23⇒:    見積内訳入力 CSV取込 取　込 CLICK

13:41
19/02/01 13:41:28⇒:    商品コード複数入力 次　へ CLICK

13:41
19/02/01 13:41:29⇒:    商品コード複数入力 次　へ CLICK

13:41
19/02/01 13:41:30⇒:    商品コード複数入力 次　へ CLICK

13:41
19/02/01 13:41:33⇒:    寸法入力 次　へ CLICK

13:41
19/02/01 13:41:38⇒:    寸法入力 次　へ CLICK

13:41
19/02/01 13:41:42⇒:    寸法入力 次　へ CLICK

13:41
19/02/01 13:41:45⇒:    単価入力 見積内訳入力へ CLICK

13:41
19/02/01 13:41:48⇒:    新規見積 CLICK

13:41
19/02/01 13:41:49⇒:移動CSV：TPP5-647839-490756-123456-１２３４５６７８９０１２３４５６７８９０ｰ１２３４５６７８９０１２３４６７８９０-01211111 - コピー.CSV→C:\TOOL\発注完了\

13:41
19/02/01 13:41:49⇒:取込：TPP5-647839-490756-123456-１２３４５６７８９０１２３４５６７８９０ｰ１２３４５６７８９０１２３４６７８９０-01211111.CSV

13:41
19/02/01 13:41:50⇒:    事業所：TPP5

13:41
19/02/01 13:41:50⇒:    得意先：647839

13:41
19/02/01 13:41:50⇒:    下店：490756

13:41
19/02/01 13:41:50⇒:    備考：１２３４５６７８９０１２３４５６７８９０ｰ１２３４５６７８９０１２３４６７８９０

13:41
19/02/01 13:41:50⇒:    現場名：123456

13:41
19/02/01 13:41:50⇒:    納材店なしで内訳入力へ CLICK

13:41
19/02/01 13:41:53⇒:    見積内訳入力 CSV取込 CLICK

13:41
19/02/01 13:41:55⇒:    見積内訳入力 CSV取込 参　照 CLICK

13:41
19/02/01 13:41:59⇒:    見積内訳入力 CSV取込 取　込 CLICK

13:42
19/02/01 13:42:03⇒:    商品コード複数入力 次　へ CLICK

13:42
19/02/01 13:42:04⇒:    商品コード複数入力 次　へ CLICK

13:42
19/02/01 13:42:05⇒:    商品コード複数入力 次　へ CLICK

13:42
19/02/01 13:42:09⇒:    寸法入力 次　へ CLICK

13:42
19/02/01 13:42:13⇒:    寸法入力 次　へ CLICK

13:42
19/02/01 13:42:17⇒:    寸法入力 次　へ CLICK

13:42
19/02/01 13:42:21⇒:    単価入力 見積内訳入力へ CLICK

13:42
19/02/01 13:42:23⇒:    新規見積 CLICK

13:42
19/02/01 13:42:25⇒:移動CSV：TPP5-647839-490756-123456-１２３４５６７８９０１２３４５６７８９０ｰ１２３４５６７８９０１２３４６７８９０-01211111.CSV→C:\TOOL\発注完了\

