9:28
19/02/02 09:28:53⇒:OnSiteパスワード入力

9:28
19/02/02 09:28:53⇒:業務別総合メニュー

9:28
19/02/02 09:28:54⇒:物販明細

9:28
19/02/02 09:28:55⇒:新規見積

9:29
19/02/02 09:29:01⇒:取込：TPP5-647839-490756-123456-１２３４５６７８９０１２３４５６７８９０ｰ１２３４５６７８９０１２３４６７８９０-01211111 - 1.CSV

9:29
19/02/02 09:29:01⇒:    事業所：TPP5

9:29
19/02/02 09:29:01⇒:    得意先：647839

9:29
19/02/02 09:29:01⇒:    下店：490756

9:29
19/02/02 09:29:01⇒:    備考：１２３４５６７８９０１２３４５６７８９０ｰ１２３４５６７８９０１２３４６７８９０

9:29
19/02/02 09:29:01⇒:    現場名：123456

9:29
19/02/02 09:29:02⇒:    納材店なしで内訳入力へ CLICK

9:29
19/02/02 09:29:06⇒:    見積内訳入力 CSV取込 CLICK

9:29
19/02/02 09:29:07⇒:    見積内訳入力 CSV取込 参　照 CLICK

9:29
19/02/02 09:29:11⇒:    見積内訳入力 CSV取込 取　込 CLICK

9:29
19/02/02 09:29:14⇒:    商品コード複数入力 次　へ CLICK

9:29
19/02/02 09:29:15⇒:    商品コード複数入力 次　へ CLICK

9:29
19/02/02 09:29:16⇒:    商品コード複数入力 次　へ CLICK

9:29
19/02/02 09:29:19⇒:    寸法入力 次　へ CLICK

9:29
19/02/02 09:29:23⇒:    寸法入力 次　へ CLICK

9:29
19/02/02 09:29:26⇒:    寸法入力 次　へ CLICK

9:29
19/02/02 09:29:29⇒:    単価入力 見積内訳入力へ CLICK

9:29
19/02/02 09:29:30⇒:    新規見積 CLICK

9:29
19/02/02 09:29:31⇒:移動CSV：TPP5-647839-490756-123456-１２３４５６７８９０１２３４５６７８９０ｰ１２３４５６７８９０１２３４６７８９０-01211111 - 1.CSV→C:\TOOL\発注完了\

