18:6
19/01/31 18:06:33⇒:OnSiteパスワード入力

18:6
19/01/31 18:06:34⇒:業務別総合メニュー

18:6
19/01/31 18:06:35⇒:物販明細

18:6
19/01/31 18:06:36⇒:新規見積

18:6
19/01/31 18:06:43⇒:取込：TPP5-647839-490756-123456-１２３４５６７８９０１２３４５６７８９０ｰ１２３４５６７８９０１２３４６７８９０-01211111.CSV

18:6
19/01/31 18:06:43⇒:    事業所：TPP5

18:6
19/01/31 18:06:43⇒:    得意先：647839

18:6
19/01/31 18:06:43⇒:    下店：490756

18:6
19/01/31 18:06:43⇒:    備考：１２３４５６７８９０１２３４５６７８９０ｰ１２３４５６７８９０１２３４６７８９０

18:6
19/01/31 18:06:43⇒:    現場名：123456

18:6
19/01/31 18:06:44⇒:    納材店なしで内訳入力へ CLICK

18:6
19/01/31 18:06:45⇒:    見積内訳入力 CSV取込 CLICK

18:6
19/01/31 18:06:47⇒:    見積内訳入力 CSV取込 参　照 CLICK

18:6
19/01/31 18:06:50⇒:    見積内訳入力 CSV取込 取　込 CLICK

18:6
19/01/31 18:06:54⇒:    商品コード複数入力 次　へ CLICK

18:6
19/01/31 18:06:55⇒:    商品コード複数入力 次　へ CLICK

18:6
19/01/31 18:06:56⇒:    商品コード複数入力 次　へ CLICK

18:6
19/01/31 18:06:59⇒:    寸法入力 次　へ CLICK

18:7
19/01/31 18:07:04⇒:    寸法入力 次　へ CLICK

18:7
19/01/31 18:07:08⇒:    寸法入力 次　へ CLICK

18:7
19/01/31 18:07:10⇒:    単価入力 見積内訳入力へ CLICK

18:7
19/01/31 18:07:13⇒:    新規見積 CLICK

18:7
19/01/31 18:07:14⇒:移動CSV：TPP5-647839-490756-123456-１２３４５６７８９０１２３４５６７８９０ｰ１２３４５６７８９０１２３４６７８９０-01211111.CSV→C:\TOOL\発注完了\

