10:24
19/02/01 10:24:49⇒:OnSiteパスワード入力

10:24
19/02/01 10:24:50⇒:業務別総合メニュー

10:24
19/02/01 10:24:51⇒:物販明細

10:24
19/02/01 10:24:52⇒:新規見積

10:24
19/02/01 10:24:55⇒:取込：TPP5-647839-490756-123456-１２３４５６７８９０１２３４５６７８９０ｰ１２３４５６７８９０１２３４６７８９０-01211111 - コピー.CSV

10:24
19/02/01 10:24:59⇒:    事業所：TPP5

10:24
19/02/01 10:24:59⇒:    得意先：647839

10:24
19/02/01 10:24:59⇒:    下店：490756

10:24
19/02/01 10:24:59⇒:    備考：１２３４５６７８９０１２３４５６７８９０ｰ１２３４５６７８９０１２３４６７８９０

10:24
19/02/01 10:24:59⇒:    現場名：123456

10:24
19/02/01 10:24:59⇒:    納材店なしで内訳入力へ CLICK

10:25
19/02/01 10:25:03⇒:    見積内訳入力 CSV取込 CLICK

10:25
19/02/01 10:25:05⇒:    見積内訳入力 CSV取込 参　照 CLICK

10:25
19/02/01 10:25:08⇒:    見積内訳入力 CSV取込 取　込 CLICK

10:25
19/02/01 10:25:12⇒:    商品コード複数入力 次　へ CLICK

10:25
19/02/01 10:25:13⇒:    商品コード複数入力 次　へ CLICK

10:25
19/02/01 10:25:14⇒:    商品コード複数入力 次　へ CLICK

10:25
19/02/01 10:25:18⇒:    寸法入力 次　へ CLICK

10:25
19/02/01 10:25:22⇒:    寸法入力 次　へ CLICK

10:25
19/02/01 10:25:26⇒:    寸法入力 次　へ CLICK

10:25
19/02/01 10:25:29⇒:    単価入力 見積内訳入力へ CLICK

10:25
19/02/01 10:25:32⇒:    新規見積 CLICK

10:25
19/02/01 10:25:33⇒:移動CSV：TPP5-647839-490756-123456-１２３４５６７８９０１２３４５６７８９０ｰ１２３４５６７８９０１２３４６７８９０-01211111 - コピー.CSV→C:\TOOL\発注完了\

10:25
19/02/01 10:25:33⇒:取込：TPP5-647839-490756-123456-１２３４５６７８９０１２３４５６７８９０ｰ１２３４５６７８９０１２３４６７８９０-01211111.CSV

10:25
19/02/01 10:25:34⇒:    事業所：TPP5

10:25
19/02/01 10:25:34⇒:    得意先：647839

10:25
19/02/01 10:25:34⇒:    下店：490756

10:25
19/02/01 10:25:34⇒:    備考：１２３４５６７８９０１２３４５６７８９０ｰ１２３４５６７８９０１２３４６７８９０

10:25
19/02/01 10:25:34⇒:    現場名：123456

10:25
19/02/01 10:25:35⇒:    納材店なしで内訳入力へ CLICK

10:25
19/02/01 10:25:37⇒:    見積内訳入力 CSV取込 CLICK

10:25
19/02/01 10:25:39⇒:    見積内訳入力 CSV取込 参　照 CLICK

10:25
19/02/01 10:25:42⇒:    見積内訳入力 CSV取込 取　込 CLICK

10:25
19/02/01 10:25:46⇒:    商品コード複数入力 次　へ CLICK

10:25
19/02/01 10:25:47⇒:    商品コード複数入力 次　へ CLICK

10:25
19/02/01 10:25:48⇒:    商品コード複数入力 次　へ CLICK

10:25
19/02/01 10:25:51⇒:    寸法入力 次　へ CLICK

10:25
19/02/01 10:25:56⇒:    寸法入力 次　へ CLICK

10:26
19/02/01 10:26:01⇒:    寸法入力 次　へ CLICK

10:26
19/02/01 10:26:04⇒:    単価入力 見積内訳入力へ CLICK

10:26
19/02/01 10:26:06⇒:    新規見積 CLICK

10:26
19/02/01 10:26:08⇒:移動CSV：TPP5-647839-490756-123456-１２３４５６７８９０１２３４５６７８９０ｰ１２３４５６７８９０１２３４６７８９０-01211111.CSV→C:\TOOL\発注完了\

