14:32
19/02/01 14:32:46⇒:OnSiteパスワード入力

14:32
19/02/01 14:32:48⇒:業務別総合メニュー

14:32
19/02/01 14:32:51⇒:物販明細

14:32
19/02/01 14:32:52⇒:新規見積

14:32
19/02/01 14:32:59⇒:取込：TPP5-647839-490756-123456-１２３４５６７８９０１２３４５６７８９０ｰ１２３４５６７８９０１２３４６７８９０-01211111.CSV

14:32
19/02/01 14:32:59⇒:    事業所：TPP5

14:32
19/02/01 14:32:59⇒:    得意先：647839

14:32
19/02/01 14:32:59⇒:    下店：490756

14:32
19/02/01 14:32:59⇒:    備考：１２３４５６７８９０１２３４５６７８９０ｰ１２３４５６７８９０１２３４６７８９０

14:32
19/02/01 14:32:59⇒:    現場名：123456

14:33
19/02/01 14:33:00⇒:    納材店なしで内訳入力へ CLICK

14:33
19/02/01 14:33:06⇒:    見積内訳入力 CSV取込 CLICK

14:33
19/02/01 14:33:08⇒:    見積内訳入力 CSV取込 参　照 CLICK

14:33
19/02/01 14:33:12⇒:    見積内訳入力 CSV取込 取　込 CLICK

14:33
19/02/01 14:33:16⇒:    商品コード複数入力 次　へ CLICK

14:33
19/02/01 14:33:17⇒:    商品コード複数入力 次　へ CLICK

14:33
19/02/01 14:33:19⇒:    商品コード複数入力 次　へ CLICK

14:33
19/02/01 14:33:22⇒:    寸法入力 次　へ CLICK

14:33
19/02/01 14:33:28⇒:    寸法入力 次　へ CLICK

14:33
19/02/01 14:33:32⇒:    寸法入力 次　へ CLICK

14:33
19/02/01 14:33:36⇒:    単価入力 見積内訳入力へ CLICK

14:33
19/02/01 14:33:39⇒:    新規見積 CLICK

14:33
19/02/01 14:33:40⇒:移動CSV：TPP5-647839-490756-123456-１２３４５６７８９０１２３４５６７８９０ｰ１２３４５６７８９０１２３４６７８９０-01211111.CSV→C:\TOOL\発注完了\

