13:33
19/02/01 13:33:24⇒:OnSiteパスワード入力

13:33
19/02/01 13:33:25⇒:業務別総合メニュー

13:33
19/02/01 13:33:25⇒:物販明細

13:33
19/02/01 13:33:28⇒:新規見積

13:33
19/02/01 13:33:34⇒:取込：TPP5-647839-490756-123456-１２３４５６７８９０１２３４５６７８９０ｰ１２３４５６７８９０１２３４６７８９０-01211111 - コピー.CSV

13:33
19/02/01 13:33:35⇒:    事業所：TPP5

13:33
19/02/01 13:33:35⇒:    得意先：647839

13:33
19/02/01 13:33:35⇒:    下店：490756

13:33
19/02/01 13:33:35⇒:    備考：１２３４５６７８９０１２３４５６７８９０ｰ１２３４５６７８９０１２３４６７８９０

13:33
19/02/01 13:33:35⇒:    現場名：123456

13:33
19/02/01 13:33:35⇒:    納材店なしで内訳入力へ CLICK

13:33
19/02/01 13:33:39⇒:    見積内訳入力 CSV取込 CLICK

13:33
19/02/01 13:33:41⇒:    見積内訳入力 CSV取込 参　照 CLICK

13:33
19/02/01 13:33:45⇒:    見積内訳入力 CSV取込 取　込 CLICK

13:33
19/02/01 13:33:50⇒:    商品コード複数入力 次　へ CLICK

13:33
19/02/01 13:33:52⇒:    商品コード複数入力 次　へ CLICK

13:33
19/02/01 13:33:53⇒:    商品コード複数入力 次　へ CLICK

13:33
19/02/01 13:33:57⇒:    寸法入力 次　へ CLICK

13:34
19/02/01 13:34:02⇒:    寸法入力 次　へ CLICK

13:34
19/02/01 13:34:06⇒:    寸法入力 次　へ CLICK

13:34
19/02/01 13:34:09⇒:    単価入力 見積内訳入力へ CLICK

13:34
19/02/01 13:34:12⇒:    新規見積 CLICK

13:34
19/02/01 13:34:13⇒:移動CSV：TPP5-647839-490756-123456-１２３４５６７８９０１２３４５６７８９０ｰ１２３４５６７８９０１２３４６７８９０-01211111 - コピー.CSV→C:\TOOL\発注完了\

13:34
19/02/01 13:34:13⇒:取込：TPP5-647839-490756-123456-１２３４５６７８９０１２３４５６７８９０ｰ１２３４５６７８９０１２３４６７８９０-01211111.CSV

13:34
19/02/01 13:34:14⇒:    事業所：TPP5

13:34
19/02/01 13:34:14⇒:    得意先：647839

13:34
19/02/01 13:34:14⇒:    下店：490756

13:34
19/02/01 13:34:14⇒:    備考：１２３４５６７８９０１２３４５６７８９０ｰ１２３４５６７８９０１２３４６７８９０

13:34
19/02/01 13:34:14⇒:    現場名：123456

13:34
19/02/01 13:34:14⇒:    納材店なしで内訳入力へ CLICK

13:34
19/02/01 13:34:16⇒:    見積内訳入力 CSV取込 CLICK

13:34
19/02/01 13:34:19⇒:    見積内訳入力 CSV取込 参　照 CLICK

13:34
19/02/01 13:34:24⇒:    見積内訳入力 CSV取込 取　込 CLICK

13:34
19/02/01 13:34:27⇒:    商品コード複数入力 次　へ CLICK

13:34
19/02/01 13:34:29⇒:    商品コード複数入力 次　へ CLICK

13:34
19/02/01 13:34:30⇒:    商品コード複数入力 次　へ CLICK

13:34
19/02/01 13:34:33⇒:    寸法入力 次　へ CLICK

13:34
19/02/01 13:34:38⇒:    寸法入力 次　へ CLICK

13:34
19/02/01 13:34:42⇒:    寸法入力 次　へ CLICK

13:34
19/02/01 13:34:45⇒:    単価入力 見積内訳入力へ CLICK

13:34
19/02/01 13:34:48⇒:    新規見積 CLICK

13:34
19/02/01 13:34:49⇒:移動CSV：TPP5-647839-490756-123456-１２３４５６７８９０１２３４５６７８９０ｰ１２３４５６７８９０１２３４６７８９０-01211111.CSV→C:\TOOL\発注完了\

