9:23
19/02/02 09:23:12⇒:OnSiteパスワード入力

9:23
19/02/02 09:23:12⇒:業務別総合メニュー

9:23
19/02/02 09:23:13⇒:物販明細

9:23
19/02/02 09:23:15⇒:新規見積

9:23
19/02/02 09:23:22⇒:取込：TPP5-647839-490756-123456-１２３４５６７８９０１２３４５６７８９０ｰ１２３４５６７８９０１２３４６７８９０-01211111 - 1.CSV

9:23
19/02/02 09:23:22⇒:    事業所：TPP5

9:23
19/02/02 09:23:22⇒:    得意先：647839

9:23
19/02/02 09:23:22⇒:    下店：490756

9:23
19/02/02 09:23:22⇒:    備考：１２３４５６７８９０１２３４５６７８９０ｰ１２３４５６７８９０１２３４６７８９０

9:23
19/02/02 09:23:22⇒:    現場名：123456

9:23
19/02/02 09:23:23⇒:    納材店なしで内訳入力へ CLICK

9:23
19/02/02 09:23:29⇒:    見積内訳入力 CSV取込 CLICK

9:23
19/02/02 09:23:32⇒:    見積内訳入力 CSV取込 参　照 CLICK

9:23
19/02/02 09:23:36⇒:    見積内訳入力 CSV取込 取　込 CLICK

9:23
19/02/02 09:23:39⇒:    商品コード複数入力 次　へ CLICK

9:23
19/02/02 09:23:41⇒:    商品コード複数入力 次　へ CLICK

9:23
19/02/02 09:23:42⇒:    商品コード複数入力 次　へ CLICK

9:23
19/02/02 09:23:45⇒:    寸法入力 次　へ CLICK

9:23
19/02/02 09:23:50⇒:    寸法入力 次　へ CLICK

9:23
19/02/02 09:23:54⇒:    寸法入力 次　へ CLICK

9:23
19/02/02 09:23:58⇒:    単価入力 見積内訳入力へ CLICK

9:24
19/02/02 09:24:00⇒:    新規見積 CLICK

9:24
19/02/02 09:24:02⇒:移動CSV：TPP5-647839-490756-123456-１２３４５６７８９０１２３４５６７８９０ｰ１２３４５６７８９０１２３４６７８９０-01211111 - 1.CSV→C:\TOOL\発注完了\

