16:48
19/01/31 16:48:12⇒:OnSiteパスワード入力

16:48
19/01/31 16:48:14⇒:業務別総合メニュー

16:48
19/01/31 16:48:15⇒:物販明細

16:48
19/01/31 16:48:16⇒:新規見積

16:48
19/01/31 16:48:23⇒:取込：TPP5-647839-490756-123456-１２３４５６７８９０１２３４５６７８９０ｰ１２３４５６７８９０１２３４６７８９０-01211111 - コピー.CSV

16:48
19/01/31 16:48:24⇒:    事業所：TPP5

16:48
19/01/31 16:48:24⇒:    得意先：647839

16:48
19/01/31 16:48:24⇒:    下店：490756

16:48
19/01/31 16:48:24⇒:    備考：１２３４５６７８９０１２３４５６７８９０ｰ１２３４５６７８９０１２３４６７８９０

16:48
19/01/31 16:48:24⇒:    現場名：123456

16:48
19/01/31 16:48:28⇒:    納材店なしで内訳入力へ CLICK

16:48
19/01/31 16:48:31⇒:    見積内訳入力 CSV取込 CLICK

16:48
19/01/31 16:48:32⇒:    見積内訳入力 CSV取込 参　照 CLICK

16:48
19/01/31 16:48:36⇒:    見積内訳入力 CSV取込 取　込 CLICK

16:48
19/01/31 16:48:39⇒:    商品コード複数入力 次　へ CLICK

16:48
19/01/31 16:48:42⇒:    商品コード複数入力 次　へ CLICK

16:48
19/01/31 16:48:43⇒:    商品コード複数入力 次　へ CLICK

16:48
19/01/31 16:48:46⇒:    寸法入力 次　へ CLICK

16:48
19/01/31 16:48:51⇒:    寸法入力 次　へ CLICK

16:48
19/01/31 16:48:55⇒:    寸法入力 次　へ CLICK

16:48
19/01/31 16:48:57⇒:    単価入力 見積内訳入力へ CLICK

16:49
19/01/31 16:49:00⇒:    新規見積 CLICK

16:49
19/01/31 16:49:01⇒:移動CSV：TPP5-647839-490756-123456-１２３４５６７８９０１２３４５６７８９０ｰ１２３４５６７８９０１２３４６７８９０-01211111 - コピー.CSV→C:\TOOL\発注完了\

16:49
19/01/31 16:49:01⇒:取込：TPP5-647839-490756-123456-１２３４５６７８９０１２３４５６７８９０ｰ１２３４５６７８９０１２３４６７８９０-01211111.CSV

16:49
19/01/31 16:49:02⇒:    事業所：TPP5

16:49
19/01/31 16:49:02⇒:    得意先：647839

16:49
19/01/31 16:49:02⇒:    下店：490756

16:49
19/01/31 16:49:02⇒:    備考：１２３４５６７８９０１２３４５６７８９０ｰ１２３４５６７８９０１２３４６７８９０

16:49
19/01/31 16:49:02⇒:    現場名：123456

16:49
19/01/31 16:49:05⇒:    納材店なしで内訳入力へ CLICK

16:49
19/01/31 16:49:09⇒:    見積内訳入力 CSV取込 CLICK

16:49
19/01/31 16:49:10⇒:    見積内訳入力 CSV取込 参　照 CLICK

16:49
19/01/31 16:49:14⇒:    見積内訳入力 CSV取込 取　込 CLICK

16:49
19/01/31 16:49:18⇒:    商品コード複数入力 次　へ CLICK

16:49
19/01/31 16:49:20⇒:    商品コード複数入力 次　へ CLICK

16:49
19/01/31 16:49:21⇒:    商品コード複数入力 次　へ CLICK

16:49
19/01/31 16:49:24⇒:    寸法入力 次　へ CLICK

16:49
19/01/31 16:49:29⇒:    寸法入力 次　へ CLICK

16:49
19/01/31 16:49:33⇒:    寸法入力 次　へ CLICK

16:49
19/01/31 16:49:35⇒:    単価入力 見積内訳入力へ CLICK

16:49
19/01/31 16:49:38⇒:    新規見積 CLICK

16:49
19/01/31 16:49:39⇒:移動CSV：TPP5-647839-490756-123456-１２３４５６７８９０１２３４５６７８９０ｰ１２３４５６７８９０１２３４６７８９０-01211111.CSV→C:\TOOL\発注完了\

