15:32
19/01/31 15:32:16⇒:OnSiteパスワード入力

15:32
19/01/31 15:32:17⇒:業務別総合メニュー

15:32
19/01/31 15:32:18⇒:物販明細

15:32
19/01/31 15:32:19⇒:新規見積

15:32
19/01/31 15:32:25⇒:取込：TPP5-647839-490756-123456-１２３４５６７８９０１２３４５６７８９０ｰ１２３４５６７８９０１２３４６７８９０-01211111 - コピー.CSV

15:32
19/01/31 15:32:26⇒:    事業所：TPP5

15:32
19/01/31 15:32:26⇒:    得意先：647839

15:32
19/01/31 15:32:26⇒:    下店：490756

15:32
19/01/31 15:32:26⇒:    備考：１２３４５６７８９０１２３４５６７８９０ｰ１２３４５６７８９０１２３４６７８９０

15:32
19/01/31 15:32:26⇒:    現場名：123456

15:32
19/01/31 15:32:29⇒:    納材店なしで内訳入力へ CLICK

15:32
19/01/31 15:32:34⇒:    見積内訳入力 CSV取込 CLICK

15:32
19/01/31 15:32:36⇒:    見積内訳入力 CSV取込 参　照 CLICK

15:32
19/01/31 15:32:40⇒:    見積内訳入力 CSV取込 取　込 CLICK

15:32
19/01/31 15:32:44⇒:    商品コード複数入力 次　へ CLICK

15:32
19/01/31 15:32:46⇒:    商品コード複数入力 次　へ CLICK

15:32
19/01/31 15:32:47⇒:    商品コード複数入力 次　へ CLICK

15:32
19/01/31 15:32:50⇒:    寸法入力 次　へ CLICK

15:32
19/01/31 15:32:54⇒:    寸法入力 次　へ CLICK

15:32
19/01/31 15:32:59⇒:    寸法入力 次　へ CLICK

15:33
19/01/31 15:33:01⇒:    単価入力 見積内訳入力へ CLICK

15:33
19/01/31 15:33:03⇒:    新規見積 CLICK

15:33
19/01/31 15:33:05⇒:移動CSV：TPP5-647839-490756-123456-１２３４５６７８９０１２３４５６７８９０ｰ１２３４５６７８９０１２３４６７８９０-01211111 - コピー.CSV→C:\TOOL\発注完了\

15:33
19/01/31 15:33:05⇒:取込：TPP5-647839-490756-123456-１２３４５６７８９０１２３４５６７８９０ｰ１２３４５６７８９０１２３４６７８９０-01211111.CSV

15:33
19/01/31 15:33:05⇒:    事業所：TPP5

15:33
19/01/31 15:33:05⇒:    得意先：647839

15:33
19/01/31 15:33:05⇒:    下店：490756

15:33
19/01/31 15:33:05⇒:    備考：１２３４５６７８９０１２３４５６７８９０ｰ１２３４５６７８９０１２３４６７８９０

15:33
19/01/31 15:33:05⇒:    現場名：123456

15:33
19/01/31 15:33:09⇒:    納材店なしで内訳入力へ CLICK

15:33
19/01/31 15:33:11⇒:    見積内訳入力 CSV取込 CLICK

15:33
19/01/31 15:33:13⇒:    見積内訳入力 CSV取込 参　照 CLICK

15:33
19/01/31 15:33:16⇒:    見積内訳入力 CSV取込 取　込 CLICK

15:33
19/01/31 15:33:21⇒:    商品コード複数入力 次　へ CLICK

15:33
19/01/31 15:33:22⇒:    商品コード複数入力 次　へ CLICK

15:33
19/01/31 15:33:24⇒:    商品コード複数入力 次　へ CLICK

15:33
19/01/31 15:33:27⇒:    寸法入力 次　へ CLICK

15:33
19/01/31 15:33:32⇒:    寸法入力 次　へ CLICK

15:33
19/01/31 15:33:36⇒:    寸法入力 次　へ CLICK

15:33
19/01/31 15:33:38⇒:    単価入力 見積内訳入力へ CLICK

15:33
19/01/31 15:33:40⇒:    新規見積 CLICK

15:33
19/01/31 15:33:42⇒:移動CSV：TPP5-647839-490756-123456-１２３４５６７８９０１２３４５６７８９０ｰ１２３４５６７８９０１２３４６７８９０-01211111.CSV→C:\TOOL\発注完了\

