10:51
19/02/01 10:51:46⇒:OnSiteパスワード入力

10:51
19/02/01 10:51:47⇒:業務別総合メニュー

10:51
19/02/01 10:51:48⇒:物販明細

10:51
19/02/01 10:51:49⇒:新規見積

10:51
19/02/01 10:51:55⇒:取込：TPP5-647839-490756-123456-１２３４５６７８９０１２３４５６７８９０ｰ１２３４５６７８９０１２３４６７８９０-01211111 - コピー.CSV

10:51
19/02/01 10:51:56⇒:    事業所：TPP5

10:51
19/02/01 10:51:56⇒:    得意先：647839

10:51
19/02/01 10:51:56⇒:    下店：490756

10:51
19/02/01 10:51:56⇒:    備考：１２３４５６７８９０１２３４５６７８９０ｰ１２３４５６７８９０１２３４６７８９０

10:51
19/02/01 10:51:56⇒:    現場名：123456

10:51
19/02/01 10:51:57⇒:    納材店なしで内訳入力へ CLICK

10:52
19/02/01 10:52:01⇒:    見積内訳入力 CSV取込 CLICK

10:52
19/02/01 10:52:03⇒:    見積内訳入力 CSV取込 参　照 CLICK

10:52
19/02/01 10:52:07⇒:    見積内訳入力 CSV取込 取　込 CLICK

10:52
19/02/01 10:52:11⇒:    商品コード複数入力 次　へ CLICK

10:52
19/02/01 10:52:12⇒:    商品コード複数入力 次　へ CLICK

10:52
19/02/01 10:52:14⇒:    商品コード複数入力 次　へ CLICK

10:52
19/02/01 10:52:18⇒:    寸法入力 次　へ CLICK

10:52
19/02/01 10:52:23⇒:    寸法入力 次　へ CLICK

10:52
19/02/01 10:52:27⇒:    寸法入力 次　へ CLICK

10:52
19/02/01 10:52:29⇒:    単価入力 見積内訳入力へ CLICK

10:54
19/02/01 10:54:27⇒:    新規見積 CLICK

10:54
19/02/01 10:54:30⇒:移動CSV：TPP5-647839-490756-123456-１２３４５６７８９０１２３４５６７８９０ｰ１２３４５６７８９０１２３４６７８９０-01211111 - コピー.CSV→C:\TOOL\発注完了\

10:54
19/02/01 10:54:30⇒:取込：TPP5-647839-490756-123456-１２３４５６７８９０１２３４５６７８９０ｰ１２３４５６７８９０１２３４６７８９０-01211111.CSV

10:54
19/02/01 10:54:31⇒:    事業所：TPP5

10:54
19/02/01 10:54:31⇒:    得意先：647839

10:54
19/02/01 10:54:31⇒:    下店：490756

10:54
19/02/01 10:54:31⇒:    備考：１２３４５６７８９０１２３４５６７８９０ｰ１２３４５６７８９０１２３４６７８９０

10:54
19/02/01 10:54:31⇒:    現場名：123456

10:54
19/02/01 10:54:32⇒:    納材店なしで内訳入力へ CLICK

10:54
19/02/01 10:54:34⇒:    見積内訳入力 CSV取込 CLICK

10:54
19/02/01 10:54:37⇒:    見積内訳入力 CSV取込 参　照 CLICK

10:54
19/02/01 10:54:42⇒:    見積内訳入力 CSV取込 取　込 CLICK

10:54
19/02/01 10:54:45⇒:    商品コード複数入力 次　へ CLICK

10:54
19/02/01 10:54:47⇒:    商品コード複数入力 次　へ CLICK

10:54
19/02/01 10:54:49⇒:    商品コード複数入力 次　へ CLICK

10:54
19/02/01 10:54:53⇒:    寸法入力 次　へ CLICK

10:54
19/02/01 10:54:58⇒:    寸法入力 次　へ CLICK

10:55
19/02/01 10:55:03⇒:    寸法入力 次　へ CLICK

10:55
19/02/01 10:55:06⇒:    単価入力 見積内訳入力へ CLICK

10:55
19/02/01 10:55:11⇒:    新規見積 CLICK

10:55
19/02/01 10:55:13⇒:移動CSV：TPP5-647839-490756-123456-１２３４５６７８９０１２３４５６７８９０ｰ１２３４５６７８９０１２３４６７８９０-01211111.CSV→C:\TOOL\発注完了\

