17:44
19/01/31 17:44:11⇒:OnSiteパスワード入力

17:44
19/01/31 17:44:13⇒:業務別総合メニュー

17:44
19/01/31 17:44:14⇒:物販明細

17:44
19/01/31 17:44:15⇒:新規見積

17:44
19/01/31 17:44:23⇒:取込：TPP5-647839-490756-123456-１２３４５６７８９０１２３４５６７８９０ｰ１２３４５６７８９０１２３４６７８９０-01211111 - コピー.CSV

17:44
19/01/31 17:44:24⇒:    事業所：TPP5

17:44
19/01/31 17:44:24⇒:    得意先：647839

17:44
19/01/31 17:44:24⇒:    下店：490756

17:44
19/01/31 17:44:24⇒:    備考：１２３４５６７８９０１２３４５６７８９０ｰ１２３４５６７８９０１２３４６７８９０

17:44
19/01/31 17:44:24⇒:    現場名：123456

17:44
19/01/31 17:44:25⇒:    納材店なしで内訳入力へ CLICK

17:44
19/01/31 17:44:36⇒:    見積内訳入力 CSV取込 CLICK

17:44
19/01/31 17:44:38⇒:    見積内訳入力 CSV取込 参　照 CLICK

17:44
19/01/31 17:44:41⇒:    見積内訳入力 CSV取込 取　込 CLICK

17:44
19/01/31 17:44:45⇒:    商品コード複数入力 次　へ CLICK

17:44
19/01/31 17:44:46⇒:    商品コード複数入力 次　へ CLICK

17:44
19/01/31 17:44:47⇒:    商品コード複数入力 次　へ CLICK

17:44
19/01/31 17:44:50⇒:    寸法入力 次　へ CLICK

17:44
19/01/31 17:44:55⇒:    寸法入力 次　へ CLICK

17:45
19/01/31 17:45:00⇒:    寸法入力 次　へ CLICK

17:45
19/01/31 17:45:02⇒:    単価入力 見積内訳入力へ CLICK

17:45
19/01/31 17:45:05⇒:    新規見積 CLICK

17:45
19/01/31 17:45:07⇒:移動CSV：TPP5-647839-490756-123456-１２３４５６７８９０１２３４５６７８９０ｰ１２３４５６７８９０１２３４６７８９０-01211111 - コピー.CSV→C:\TOOL\発注完了\

