15:31
19/02/01 15:31:17⇒:OnSiteパスワード入力

15:31
19/02/01 15:31:18⇒:業務別総合メニュー

15:31
19/02/01 15:31:19⇒:物販明細

15:31
19/02/01 15:31:19⇒:新規見積

15:31
19/02/01 15:31:22⇒:取込：TPP5-647839-490756-123456-１２３４５６７８９０１２３４５６７８９０ｰ１２３４５６７８９０１２３４６７８９０-01211111 - コピー.CSV

15:31
19/02/01 15:31:26⇒:    事業所：TPP5

15:31
19/02/01 15:31:26⇒:    得意先：647839

15:31
19/02/01 15:31:26⇒:    下店：490756

15:31
19/02/01 15:31:26⇒:    備考：１２３４５６７８９０１２３４５６７８９０ｰ１２３４５６７８９０１２３４６７８９０

15:31
19/02/01 15:31:26⇒:    現場名：123456

15:31
19/02/01 15:31:26⇒:    納材店なしで内訳入力へ CLICK

15:31
19/02/01 15:31:30⇒:    見積内訳入力 CSV取込 CLICK

15:31
19/02/01 15:31:31⇒:    見積内訳入力 CSV取込 参　照 CLICK

15:31
19/02/01 15:31:35⇒:    見積内訳入力 CSV取込 取　込 CLICK

15:31
19/02/01 15:31:41⇒:    商品コード複数入力 次　へ CLICK

15:31
19/02/01 15:31:42⇒:    商品コード複数入力 次　へ CLICK

15:31
19/02/01 15:31:43⇒:    商品コード複数入力 次　へ CLICK

15:31
19/02/01 15:31:46⇒:    寸法入力 次　へ CLICK

15:31
19/02/01 15:31:51⇒:    寸法入力 次　へ CLICK

15:31
19/02/01 15:31:55⇒:    寸法入力 次　へ CLICK

15:31
19/02/01 15:31:58⇒:    単価入力 見積内訳入力へ CLICK

15:32
19/02/01 15:32:00⇒:    新規見積 CLICK

15:32
19/02/01 15:32:01⇒:移動CSV：TPP5-647839-490756-123456-１２３４５６７８９０１２３４５６７８９０ｰ１２３４５６７８９０１２３４６７８９０-01211111 - コピー.CSV→C:\TOOL\発注完了\

15:32
19/02/01 15:32:01⇒:取込：TPP5-647839-490756-123456-１２３４５６７８９０１２３４５６７８９０ｰ１２３４５６７８９０１２３４６７８９０-01211111.CSV

15:32
19/02/01 15:32:02⇒:    事業所：TPP5

15:32
19/02/01 15:32:02⇒:    得意先：647839

15:32
19/02/01 15:32:02⇒:    下店：490756

15:32
19/02/01 15:32:02⇒:    備考：１２３４５６７８９０１２３４５６７８９０ｰ１２３４５６７８９０１２３４６７８９０

15:32
19/02/01 15:32:02⇒:    現場名：123456

15:32
19/02/01 15:32:02⇒:    納材店なしで内訳入力へ CLICK

15:32
19/02/01 15:32:05⇒:    見積内訳入力 CSV取込 CLICK

15:32
19/02/01 15:32:07⇒:    見積内訳入力 CSV取込 参　照 CLICK

15:32
19/02/01 15:32:11⇒:    見積内訳入力 CSV取込 取　込 CLICK

15:32
19/02/01 15:32:14⇒:    商品コード複数入力 次　へ CLICK

15:32
19/02/01 15:32:15⇒:    商品コード複数入力 次　へ CLICK

15:32
19/02/01 15:32:16⇒:    商品コード複数入力 次　へ CLICK

15:32
19/02/01 15:32:19⇒:    寸法入力 次　へ CLICK

15:32
19/02/01 15:32:24⇒:    寸法入力 次　へ CLICK

15:32
19/02/01 15:32:27⇒:    寸法入力 次　へ CLICK

15:32
19/02/01 15:32:30⇒:    単価入力 見積内訳入力へ CLICK

15:32
19/02/01 15:32:32⇒:    新規見積 CLICK

15:32
19/02/01 15:32:33⇒:移動CSV：TPP5-647839-490756-123456-１２３４５６７８９０１２３４５６７８９０ｰ１２３４５６７８９０１２３４６７８９０-01211111.CSV→C:\TOOL\発注完了\

