15:7
19/02/01 15:07:29⇒:OnSiteパスワード入力

15:7
19/02/01 15:07:30⇒:業務別総合メニュー

15:7
19/02/01 15:07:30⇒:物販明細

15:7
19/02/01 15:07:31⇒:新規見積

15:7
19/02/01 15:07:38⇒:取込：TPP5-647839-490756-123456-１２３４５６７８９０１２３４５６７８９０ｰ１２３４５６７８９０１２３４６７８９０-01211111 - コピー.CSV

15:7
19/02/01 15:07:39⇒:    事業所：TPP5

15:7
19/02/01 15:07:39⇒:    得意先：647839

15:7
19/02/01 15:07:39⇒:    下店：490756

15:7
19/02/01 15:07:39⇒:    備考：１２３４５６７８９０１２３４５６７８９０ｰ１２３４５６７８９０１２３４６７８９０

15:7
19/02/01 15:07:39⇒:    現場名：123456

15:7
19/02/01 15:07:39⇒:    納材店なしで内訳入力へ CLICK

15:7
19/02/01 15:07:43⇒:    見積内訳入力 CSV取込 CLICK

15:7
19/02/01 15:07:44⇒:    見積内訳入力 CSV取込 参　照 CLICK

15:7
19/02/01 15:07:48⇒:    見積内訳入力 CSV取込 取　込 CLICK

15:7
19/02/01 15:07:53⇒:    商品コード複数入力 次　へ CLICK

15:7
19/02/01 15:07:54⇒:    商品コード複数入力 次　へ CLICK

15:7
19/02/01 15:07:55⇒:    商品コード複数入力 次　へ CLICK

15:7
19/02/01 15:07:58⇒:    寸法入力 次　へ CLICK

15:8
19/02/01 15:08:03⇒:    寸法入力 次　へ CLICK

15:8
19/02/01 15:08:07⇒:    寸法入力 次　へ CLICK

15:8
19/02/01 15:08:09⇒:    単価入力 見積内訳入力へ CLICK

15:8
19/02/01 15:08:12⇒:    新規見積 CLICK

15:8
19/02/01 15:08:13⇒:移動CSV：TPP5-647839-490756-123456-１２３４５６７８９０１２３４５６７８９０ｰ１２３４５６７８９０１２３４６７８９０-01211111 - コピー.CSV→C:\TOOL\発注完了\

15:8
19/02/01 15:08:13⇒:取込：TPP5-647839-490756-123456-１２３４５６７８９０１２３４５６７８９０ｰ１２３４５６７８９０１２３４６７８９０-01211111.CSV

15:8
19/02/01 15:08:14⇒:    事業所：TPP5

15:8
19/02/01 15:08:14⇒:    得意先：647839

15:8
19/02/01 15:08:14⇒:    下店：490756

15:8
19/02/01 15:08:14⇒:    備考：１２３４５６７８９０１２３４５６７８９０ｰ１２３４５６７８９０１２３４６７８９０

15:8
19/02/01 15:08:14⇒:    現場名：123456

15:8
19/02/01 15:08:14⇒:    納材店なしで内訳入力へ CLICK

15:8
19/02/01 15:08:17⇒:    見積内訳入力 CSV取込 CLICK

15:8
19/02/01 15:08:18⇒:    見積内訳入力 CSV取込 参　照 CLICK

15:8
19/02/01 15:08:22⇒:    見積内訳入力 CSV取込 取　込 CLICK

15:8
19/02/01 15:08:25⇒:    商品コード複数入力 次　へ CLICK

15:8
19/02/01 15:08:26⇒:    商品コード複数入力 次　へ CLICK

15:8
19/02/01 15:08:27⇒:    商品コード複数入力 次　へ CLICK

15:8
19/02/01 15:08:30⇒:    寸法入力 次　へ CLICK

15:8
19/02/01 15:08:35⇒:    寸法入力 次　へ CLICK

15:8
19/02/01 15:08:39⇒:    寸法入力 次　へ CLICK

15:8
19/02/01 15:08:41⇒:    単価入力 見積内訳入力へ CLICK

15:8
19/02/01 15:08:43⇒:    新規見積 CLICK

15:8
19/02/01 15:08:44⇒:移動CSV：TPP5-647839-490756-123456-１２３４５６７８９０１２３４５６７８９０ｰ１２３４５６７８９０１２３４６７８９０-01211111.CSV→C:\TOOL\発注完了\

