12:36
19/02/01 12:36:07⇒:OnSiteパスワード入力

12:36
19/02/01 12:36:09⇒:業務別総合メニュー

12:36
19/02/01 12:36:09⇒:物販明細

12:36
19/02/01 12:36:10⇒:新規見積

12:36
19/02/01 12:36:17⇒:取込：TPP5-647839-490756-123456-１２３４５６７８９０１２３４５６７８９０ｰ１２３４５６７８９０１２３４６７８９０-01211111 - コピー.CSV

12:36
19/02/01 12:36:17⇒:    事業所：TPP5

12:36
19/02/01 12:36:17⇒:    得意先：647839

12:36
19/02/01 12:36:17⇒:    下店：490756

12:36
19/02/01 12:36:17⇒:    備考：１２３４５６７８９０１２３４５６７８９０ｰ１２３４５６７８９０１２３４６７８９０

12:36
19/02/01 12:36:17⇒:    現場名：123456

12:36
19/02/01 12:36:18⇒:    納材店なしで内訳入力へ CLICK

12:36
19/02/01 12:36:22⇒:    見積内訳入力 CSV取込 CLICK

12:36
19/02/01 12:36:24⇒:    見積内訳入力 CSV取込 参　照 CLICK

12:36
19/02/01 12:36:29⇒:    見積内訳入力 CSV取込 取　込 CLICK

12:36
19/02/01 12:36:32⇒:    商品コード複数入力 次　へ CLICK

12:36
19/02/01 12:36:34⇒:    商品コード複数入力 次　へ CLICK

12:36
19/02/01 12:36:35⇒:    商品コード複数入力 次　へ CLICK

12:36
19/02/01 12:36:38⇒:    寸法入力 次　へ CLICK

12:36
19/02/01 12:36:42⇒:    寸法入力 次　へ CLICK

12:36
19/02/01 12:36:46⇒:    寸法入力 次　へ CLICK

12:36
19/02/01 12:36:49⇒:    単価入力 見積内訳入力へ CLICK

12:36
19/02/01 12:36:51⇒:    新規見積 CLICK

12:36
19/02/01 12:36:52⇒:移動CSV：TPP5-647839-490756-123456-１２３４５６７８９０１２３４５６７８９０ｰ１２３４５６７８９０１２３４６７８９０-01211111 - コピー.CSV→C:\TOOL\発注完了\

12:36
19/02/01 12:36:52⇒:取込：TPP5-647839-490756-123456-１２３４５６７８９０１２３４５６７８９０ｰ１２３４５６７８９０１２３４６７８９０-01211111.CSV

12:36
19/02/01 12:36:53⇒:    事業所：TPP5

12:36
19/02/01 12:36:53⇒:    得意先：647839

12:36
19/02/01 12:36:53⇒:    下店：490756

12:36
19/02/01 12:36:53⇒:    備考：１２３４５６７８９０１２３４５６７８９０ｰ１２３４５６７８９０１２３４６７８９０

12:36
19/02/01 12:36:53⇒:    現場名：123456

12:36
19/02/01 12:36:53⇒:    納材店なしで内訳入力へ CLICK

12:36
19/02/01 12:36:55⇒:    見積内訳入力 CSV取込 CLICK

12:36
19/02/01 12:36:57⇒:    見積内訳入力 CSV取込 参　照 CLICK

12:37
19/02/01 12:37:02⇒:    見積内訳入力 CSV取込 取　込 CLICK

12:37
19/02/01 12:37:05⇒:    商品コード複数入力 次　へ CLICK

12:37
19/02/01 12:37:07⇒:    商品コード複数入力 次　へ CLICK

12:37
19/02/01 12:37:08⇒:    商品コード複数入力 次　へ CLICK

12:37
19/02/01 12:37:10⇒:    寸法入力 次　へ CLICK

12:37
19/02/01 12:37:15⇒:    寸法入力 次　へ CLICK

12:37
19/02/01 12:37:19⇒:    寸法入力 次　へ CLICK

12:37
19/02/01 12:37:22⇒:    単価入力 見積内訳入力へ CLICK

12:37
19/02/01 12:37:24⇒:    新規見積 CLICK

12:37
19/02/01 12:37:25⇒:移動CSV：TPP5-647839-490756-123456-１２３４５６７８９０１２３４５６７８９０ｰ１２３４５６７８９０１２３４６７８９０-01211111.CSV→C:\TOOL\発注完了\

